0 verbose cli /Users/gdavris/.nvm/versions/node/v20.19.5/bin/node /Users/gdavris/.nvm/versions/node/v20.19.5/bin/npm
1 info using npm@10.8.2
2 info using node@v20.19.5
3 silly config load:file:/Users/gdavris/.nvm/versions/node/v20.19.5/lib/node_modules/npm/npmrc
4 silly config load:file:/Users/gdavris/motify-next/.npmrc
5 silly config load:file:/Users/gdavris/.npmrc
6 silly config load:file:/Users/gdavris/.nvm/versions/node/v20.19.5/etc/npmrc
7 verbose title npm install
8 verbose argv "install" "--cache" "./.npm-cache"
9 verbose logfile logs-max:10 dir:/Users/gdavris/motify-next/.npm-cache/_logs/2025-12-23T16_45_11_641Z-
10 verbose logfile /Users/gdavris/motify-next/.npm-cache/_logs/2025-12-23T16_45_11_641Z-debug-0.log
11 silly packumentCache heap:4345298944 maxSize:1086324736 maxEntrySize:543162368
12 silly logfile done cleaning log files
13 silly idealTree buildDeps
14 verbose shrinkwrap failed to load node_modules/.package-lock.json missing from node_modules: node_modules/@apollo/client
15 silly reify mark retired [ '/Users/gdavris/motify-next/node_modules/eslint-config-next' ]
16 silly reify mark retired [ '/Users/gdavris/motify-next/node_modules/fastq' ]
17 silly reify mark retired [
17 silly reify   '/Users/gdavris/motify-next/node_modules/next',
17 silly reify   '/Users/gdavris/motify-next/node_modules/.bin/next'
17 silly reify ]
18 silly reify mark retired [ '/Users/gdavris/motify-next/node_modules/@next/env' ]
19 silly reify mark retired [ '/Users/gdavris/motify-next/node_modules/@next/swc-darwin-arm64' ]
20 silly reify mark retired [ '/Users/gdavris/motify-next/node_modules/@next/eslint-plugin-next' ]
21 silly reify moves {
21 silly reify   '/Users/gdavris/motify-next/node_modules/eslint-config-next': '/Users/gdavris/motify-next/node_modules/.eslint-config-next-yO6LpilE',
21 silly reify   '/Users/gdavris/motify-next/node_modules/fastq': '/Users/gdavris/motify-next/node_modules/.fastq-1mHHKqBQ',
21 silly reify   '/Users/gdavris/motify-next/node_modules/next': '/Users/gdavris/motify-next/node_modules/.next-Xi9sU4Cu',
21 silly reify   '/Users/gdavris/motify-next/node_modules/.bin/next': '/Users/gdavris/motify-next/node_modules/.bin/.next-9QrjSmyk',
21 silly reify   '/Users/gdavris/motify-next/node_modules/@next/env': '/Users/gdavris/motify-next/node_modules/@next/.env-uXt99Lrk',
21 silly reify   '/Users/gdavris/motify-next/node_modules/@next/swc-darwin-arm64': '/Users/gdavris/motify-next/node_modules/@next/.swc-darwin-arm64-w64S56yw',
21 silly reify   '/Users/gdavris/motify-next/node_modules/@next/eslint-plugin-next': '/Users/gdavris/motify-next/node_modules/@next/.eslint-plugin-next-m1N6Th1y'
21 silly reify }
22 verbose reify failed optional dependency /Users/gdavris/motify-next/node_modules/@tailwindcss/oxide-wasm32-wasi
23 silly reify mark deleted [
23 silly reify   '/Users/gdavris/motify-next/node_modules/@tailwindcss/oxide-wasm32-wasi'
23 silly reify ]
24 verbose reify failed optional dependency /Users/gdavris/motify-next/node_modules/@tailwindcss/oxide-wasm32-wasi/node_modules/@emnapi/core
25 silly reify mark deleted [
25 silly reify   '/Users/gdavris/motify-next/node_modules/@tailwindcss/oxide-wasm32-wasi/node_modules/@emnapi/core'
25 silly reify ]
26 verbose reify failed optional dependency /Users/gdavris/motify-next/node_modules/@tailwindcss/oxide-wasm32-wasi/node_modules/@emnapi/runtime
27 silly reify mark deleted [
27 silly reify   '/Users/gdavris/motify-next/node_modules/@tailwindcss/oxide-wasm32-wasi/node_modules/@emnapi/runtime'
27 silly reify ]
28 verbose reify failed optional dependency /Users/gdavris/motify-next/node_modules/@tailwindcss/oxide-wasm32-wasi/node_modules/@emnapi/wasi-threads
29 silly reify mark deleted [
29 silly reify   '/Users/gdavris/motify-next/node_modules/@tailwindcss/oxide-wasm32-wasi/node_modules/@emnapi/wasi-threads'
29 silly reify ]
30 verbose reify failed optional dependency /Users/gdavris/motify-next/node_modules/@tailwindcss/oxide-wasm32-wasi/node_modules/@napi-rs/wasm-runtime
31 silly reify mark deleted [
31 silly reify   '/Users/gdavris/motify-next/node_modules/@tailwindcss/oxide-wasm32-wasi/node_modules/@napi-rs/wasm-runtime'
31 silly reify ]
32 verbose reify failed optional dependency /Users/gdavris/motify-next/node_modules/@tailwindcss/oxide-wasm32-wasi/node_modules/@tybys/wasm-util
33 silly reify mark deleted [
33 silly reify   '/Users/gdavris/motify-next/node_modules/@tailwindcss/oxide-wasm32-wasi/node_modules/@tybys/wasm-util'
33 silly reify ]
34 verbose reify failed optional dependency /Users/gdavris/motify-next/node_modules/@tailwindcss/oxide-wasm32-wasi/node_modules/tslib
35 silly reify mark deleted [
35 silly reify   '/Users/gdavris/motify-next/node_modules/@tailwindcss/oxide-wasm32-wasi/node_modules/tslib'
35 silly reify ]
36 silly audit bulk request {
36 silly audit   '@alloc/quick-lru': [ '5.2.0' ],
36 silly audit   '@apollo/client': [ '3.14.0' ],
36 silly audit   '@babel/code-frame': [ '7.27.1' ],
36 silly audit   '@babel/compat-data': [ '7.28.5' ],
36 silly audit   '@babel/core': [ '7.28.5' ],
36 silly audit   '@babel/generator': [ '7.28.5' ],
36 silly audit   '@babel/helper-compilation-targets': [ '7.27.2' ],
36 silly audit   '@babel/helper-globals': [ '7.28.0' ],
36 silly audit   '@babel/helper-module-imports': [ '7.27.1' ],
36 silly audit   '@babel/helper-module-transforms': [ '7.28.3' ],
36 silly audit   '@babel/helper-string-parser': [ '7.27.1' ],
36 silly audit   '@babel/helper-validator-identifier': [ '7.28.5' ],
36 silly audit   '@babel/helper-validator-option': [ '7.27.1' ],
36 silly audit   '@babel/helpers': [ '7.28.4' ],
36 silly audit   '@babel/parser': [ '7.28.5' ],
36 silly audit   '@babel/runtime': [ '7.28.4' ],
36 silly audit   '@babel/template': [ '7.27.2' ],
36 silly audit   '@babel/traverse': [ '7.28.5' ],
36 silly audit   '@babel/types': [ '7.28.5' ],
36 silly audit   '@date-fns/tz': [ '1.4.1' ],
36 silly audit   '@emnapi/core': [ '1.7.1', '1.6.0' ],
36 silly audit   '@emnapi/runtime': [ '1.7.1', '1.6.0' ],
36 silly audit   '@emnapi/wasi-threads': [ '1.1.0' ],
36 silly audit   '@eslint-community/eslint-utils': [ '4.9.0' ],
36 silly audit   'eslint-visitor-keys': [ '3.4.3', '4.2.1' ],
36 silly audit   '@eslint-community/regexpp': [ '4.12.2' ],
36 silly audit   '@eslint/config-array': [ '0.21.1' ],
36 silly audit   '@eslint/config-helpers': [ '0.4.2' ],
36 silly audit   '@eslint/core': [ '0.17.0' ],
36 silly audit   '@eslint/eslintrc': [ '3.3.3' ],
36 silly audit   '@eslint/js': [ '9.39.1' ],
36 silly audit   '@eslint/object-schema': [ '2.1.7' ],
36 silly audit   '@eslint/plugin-kit': [ '0.4.1' ],
36 silly audit   '@floating-ui/core': [ '1.7.3' ],
36 silly audit   '@floating-ui/dom': [ '1.7.4' ],
36 silly audit   '@floating-ui/react-dom': [ '2.1.6' ],
36 silly audit   '@floating-ui/utils': [ '0.2.10' ],
36 silly audit   '@fontsource/dm-sans': [ '5.2.8' ],
36 silly audit   '@fontsource/outfit': [ '5.2.8' ],
36 silly audit   '@graphql-typed-document-node/core': [ '3.2.0' ],
36 silly audit   '@hookform/resolvers': [ '5.2.2' ],
36 silly audit   '@humanfs/core': [ '0.19.1' ],
36 silly audit   '@humanfs/node': [ '0.16.7' ],
36 silly audit   '@humanwhocodes/module-importer': [ '1.0.1' ],
36 silly audit   '@humanwhocodes/retry': [ '0.4.3' ],
36 silly audit   '@img/colour': [ '1.0.0' ],
36 silly audit   '@img/sharp-darwin-arm64': [ '0.34.5' ],
36 silly audit   '@img/sharp-darwin-x64': [ '0.34.5' ],
36 silly audit   '@img/sharp-libvips-darwin-arm64': [ '1.2.4' ],
36 silly audit   '@img/sharp-libvips-darwin-x64': [ '1.2.4' ],
36 silly audit   '@img/sharp-libvips-linux-arm': [ '1.2.4' ],
36 silly audit   '@img/sharp-libvips-linux-arm64': [ '1.2.4' ],
36 silly audit   '@img/sharp-libvips-linux-ppc64': [ '1.2.4' ],
36 silly audit   '@img/sharp-libvips-linux-riscv64': [ '1.2.4' ],
36 silly audit   '@img/sharp-libvips-linux-s390x': [ '1.2.4' ],
36 silly audit   '@img/sharp-libvips-linux-x64': [ '1.2.4' ],
36 silly audit   '@img/sharp-libvips-linuxmusl-arm64': [ '1.2.4' ],
36 silly audit   '@img/sharp-libvips-linuxmusl-x64': [ '1.2.4' ],
36 silly audit   '@img/sharp-linux-arm': [ '0.34.5' ],
36 silly audit   '@img/sharp-linux-arm64': [ '0.34.5' ],
36 silly audit   '@img/sharp-linux-ppc64': [ '0.34.5' ],
36 silly audit   '@img/sharp-linux-riscv64': [ '0.34.5' ],
36 silly audit   '@img/sharp-linux-s390x': [ '0.34.5' ],
36 silly audit   '@img/sharp-linux-x64': [ '0.34.5' ],
36 silly audit   '@img/sharp-linuxmusl-arm64': [ '0.34.5' ],
36 silly audit   '@img/sharp-linuxmusl-x64': [ '0.34.5' ],
36 silly audit   '@img/sharp-wasm32': [ '0.34.5' ],
36 silly audit   '@img/sharp-win32-arm64': [ '0.34.5' ],
36 silly audit   '@img/sharp-win32-ia32': [ '0.34.5' ],
36 silly audit   '@img/sharp-win32-x64': [ '0.34.5' ],
36 silly audit   '@jridgewell/gen-mapping': [ '0.3.13' ],
36 silly audit   '@jridgewell/remapping': [ '2.3.5' ],
36 silly audit   '@jridgewell/resolve-uri': [ '3.1.2' ],
36 silly audit   '@jridgewell/sourcemap-codec': [ '1.5.5' ],
36 silly audit   '@jridgewell/trace-mapping': [ '0.3.31' ],
36 silly audit   '@napi-rs/wasm-runtime': [ '0.2.12', '1.0.7' ],
36 silly audit   '@next/env': [ '16.1.1' ],
36 silly audit   '@next/eslint-plugin-next': [ '16.1.1' ],
36 silly audit   '@next/swc-darwin-arm64': [ '16.1.1' ],
36 silly audit   '@next/swc-darwin-x64': [ '16.1.1' ],
36 silly audit   '@next/swc-linux-arm64-gnu': [ '16.1.1' ],
36 silly audit   '@next/swc-linux-arm64-musl': [ '16.1.1' ],
36 silly audit   '@next/swc-linux-x64-gnu': [ '16.1.1' ],
36 silly audit   '@next/swc-linux-x64-musl': [ '16.1.1' ],
36 silly audit   '@next/swc-win32-arm64-msvc': [ '16.1.1' ],
36 silly audit   '@next/swc-win32-x64-msvc': [ '16.1.1' ],
36 silly audit   '@nodelib/fs.scandir': [ '2.1.5' ],
36 silly audit   '@nodelib/fs.stat': [ '2.0.5' ],
36 silly audit   '@nodelib/fs.walk': [ '1.2.8' ],
36 silly audit   '@nolyfill/is-core-module': [ '1.0.39' ],
36 silly audit   '@radix-ui/number': [ '1.1.1' ],
36 silly audit   '@radix-ui/primitive': [ '1.1.3' ],
36 silly audit   '@radix-ui/react-accordion': [ '1.2.12' ],
36 silly audit   '@radix-ui/react-alert-dialog': [ '1.1.15' ],
36 silly audit   '@radix-ui/react-slot': [ '1.2.3', '1.2.4' ],
36 silly audit   '@radix-ui/react-arrow': [ '1.1.7' ],
36 silly audit   '@radix-ui/react-aspect-ratio': [ '1.1.8' ],
36 silly audit   '@radix-ui/react-primitive': [ '2.1.4', '2.1.3' ],
36 silly audit   '@radix-ui/react-avatar': [ '1.1.11' ],
36 silly audit   '@radix-ui/react-context': [ '1.1.3', '1.1.2' ],
36 silly audit   '@radix-ui/react-checkbox': [ '1.3.3' ],
36 silly audit   '@radix-ui/react-collapsible': [ '1.1.12' ],
36 silly audit   '@radix-ui/react-collection': [ '1.1.7' ],
36 silly audit   '@radix-ui/react-compose-refs': [ '1.1.2' ],
36 silly audit   '@radix-ui/react-context-menu': [ '2.2.16' ],
36 silly audit   '@radix-ui/react-dialog': [ '1.1.15' ],
36 silly audit   '@radix-ui/react-direction': [ '1.1.1' ],
36 silly audit   '@radix-ui/react-dismissable-layer': [ '1.1.11' ],
36 silly audit   '@radix-ui/react-dropdown-menu': [ '2.1.16' ],
36 silly audit   '@radix-ui/react-focus-guards': [ '1.1.3' ],
36 silly audit   '@radix-ui/react-focus-scope': [ '1.1.7' ],
36 silly audit   '@radix-ui/react-hover-card': [ '1.1.15' ],
36 silly audit   '@radix-ui/react-id': [ '1.1.1' ],
36 silly audit   '@radix-ui/react-label': [ '2.1.8' ],
36 silly audit   '@radix-ui/react-menu': [ '2.1.16' ],
36 silly audit   '@radix-ui/react-menubar': [ '1.1.16' ],
36 silly audit   '@radix-ui/react-navigation-menu': [ '1.2.14' ],
36 silly audit   '@radix-ui/react-popover': [ '1.1.15' ],
36 silly audit   '@radix-ui/react-popper': [ '1.2.8' ],
36 silly audit   '@radix-ui/react-portal': [ '1.1.9' ],
36 silly audit   '@radix-ui/react-presence': [ '1.1.5' ],
36 silly audit   '@radix-ui/react-progress': [ '1.1.8' ],
36 silly audit   '@radix-ui/react-radio-group': [ '1.3.8' ],
36 silly audit   '@radix-ui/react-roving-focus': [ '1.1.11' ],
36 silly audit   '@radix-ui/react-scroll-area': [ '1.2.10' ],
36 silly audit   '@radix-ui/react-select': [ '2.2.6' ],
36 silly audit   '@radix-ui/react-separator': [ '1.1.8' ],
36 silly audit   '@radix-ui/react-slider': [ '1.3.6' ],
36 silly audit   '@radix-ui/react-switch': [ '1.2.6' ],
36 silly audit   '@radix-ui/react-tabs': [ '1.1.13' ],
36 silly audit   '@radix-ui/react-toggle': [ '1.1.10' ],
36 silly audit   '@radix-ui/react-toggle-group': [ '1.1.11' ],
36 silly audit   '@radix-ui/react-tooltip': [ '1.2.8' ],
36 silly audit   '@radix-ui/react-use-callback-ref': [ '1.1.1' ],
36 silly audit   '@radix-ui/react-use-controllable-state': [ '1.2.2' ],
36 silly audit   '@radix-ui/react-use-effect-event': [ '0.0.2' ],
36 silly audit   '@radix-ui/react-use-escape-keydown': [ '1.1.1' ],
36 silly audit   '@radix-ui/react-use-is-hydrated': [ '0.1.0' ],
36 silly audit   '@radix-ui/react-use-layout-effect': [ '1.1.1' ],
36 silly audit   '@radix-ui/react-use-previous': [ '1.1.1' ],
36 silly audit   '@radix-ui/react-use-rect': [ '1.1.1' ],
36 silly audit   '@radix-ui/react-use-size': [ '1.1.1' ],
36 silly audit   '@radix-ui/react-visually-hidden': [ '1.2.3' ],
36 silly audit   '@radix-ui/rect': [ '1.1.1' ],
36 silly audit   '@rtsao/scc': [ '1.1.0' ],
36 silly audit   '@standard-schema/utils': [ '0.3.0' ],
36 silly audit   '@swc/helpers': [ '0.5.15' ],
36 silly audit   '@tailwindcss/node': [ '4.1.17' ],
36 silly audit   '@tailwindcss/oxide': [ '4.1.17' ],
36 silly audit   '@tailwindcss/oxide-android-arm64': [ '4.1.17' ],
36 silly audit   '@tailwindcss/oxide-darwin-arm64': [ '4.1.17' ],
36 silly audit   '@tailwindcss/oxide-darwin-x64': [ '4.1.17' ],
36 silly audit   '@tailwindcss/oxide-freebsd-x64': [ '4.1.17' ],
36 silly audit   '@tailwindcss/oxide-linux-arm-gnueabihf': [ '4.1.17' ],
36 silly audit   '@tailwindcss/oxide-linux-arm64-gnu': [ '4.1.17' ],
36 silly audit   '@tailwindcss/oxide-linux-arm64-musl': [ '4.1.17' ],
36 silly audit   '@tailwindcss/oxide-linux-x64-gnu': [ '4.1.17' ],
36 silly audit   '@tailwindcss/oxide-linux-x64-musl': [ '4.1.17' ],
36 silly audit   '@tybys/wasm-util': [ '0.10.1' ],
36 silly audit   tslib: [ '2.8.1' ],
36 silly audit   '@tailwindcss/oxide-win32-arm64-msvc': [ '4.1.17' ],
36 silly audit   '@tailwindcss/oxide-win32-x64-msvc': [ '4.1.17' ],
36 silly audit   '@tailwindcss/postcss': [ '4.1.17' ],
36 silly audit   '@tanstack/query-core': [ '5.90.12' ],
36 silly audit   '@tanstack/react-query': [ '5.90.12' ],
36 silly audit   '@types/d3-array': [ '3.2.2' ],
36 silly audit   '@types/d3-color': [ '3.1.3' ],
36 silly audit   '@types/d3-ease': [ '3.0.2' ],
36 silly audit   '@types/d3-interpolate': [ '3.0.4' ],
36 silly audit   '@types/d3-path': [ '3.1.1' ],
36 silly audit   '@types/d3-scale': [ '4.0.9' ],
36 silly audit   '@types/d3-shape': [ '3.1.7' ],
36 silly audit   '@types/d3-time': [ '3.0.4' ],
36 silly audit   '@types/d3-timer': [ '3.0.2' ],
36 silly audit   '@types/estree': [ '1.0.8' ],
36 silly audit   '@types/json-schema': [ '7.0.15' ],
36 silly audit   '@types/json5': [ '0.0.29' ],
36 silly audit   '@types/node': [ '20.19.25' ],
36 silly audit   '@types/react': [ '19.2.7' ],
36 silly audit   '@types/react-dom': [ '19.2.3' ],
36 silly audit   '@typescript-eslint/eslint-plugin': [ '8.48.1' ],
36 silly audit   ignore: [ '7.0.5', '5.3.2' ],
36 silly audit   '@typescript-eslint/parser': [ '8.48.1' ],
36 silly audit   '@typescript-eslint/project-service': [ '8.48.1' ],
36 silly audit   '@typescript-eslint/scope-manager': [ '8.48.1' ],
36 silly audit   '@typescript-eslint/tsconfig-utils': [ '8.48.1' ],
36 silly audit   '@typescript-eslint/type-utils': [ '8.48.1' ],
36 silly audit   '@typescript-eslint/types': [ '8.48.1' ],
36 silly audit   '@typescript-eslint/typescript-estree': [ '8.48.1' ],
36 silly audit   'brace-expansion': [ '2.0.2', '1.1.12' ],
36 silly audit   minimatch: [ '9.0.5', '3.1.2' ],
36 silly audit   semver: [ '7.7.3', '6.3.1' ],
36 silly audit   '@typescript-eslint/utils': [ '8.48.1' ],
36 silly audit   '@typescript-eslint/visitor-keys': [ '8.48.1' ],
36 silly audit   '@unrs/resolver-binding-android-arm-eabi': [ '1.11.1' ],
36 silly audit   '@unrs/resolver-binding-android-arm64': [ '1.11.1' ],
36 silly audit   '@unrs/resolver-binding-darwin-arm64': [ '1.11.1' ],
36 silly audit   '@unrs/resolver-binding-darwin-x64': [ '1.11.1' ],
36 silly audit   '@unrs/resolver-binding-freebsd-x64': [ '1.11.1' ],
36 silly audit   '@unrs/resolver-binding-linux-arm-gnueabihf': [ '1.11.1' ],
36 silly audit   '@unrs/resolver-binding-linux-arm-musleabihf': [ '1.11.1' ],
36 silly audit   '@unrs/resolver-binding-linux-arm64-gnu': [ '1.11.1' ],
36 silly audit   '@unrs/resolver-binding-linux-arm64-musl': [ '1.11.1' ],
36 silly audit   '@unrs/resolver-binding-linux-ppc64-gnu': [ '1.11.1' ],
36 silly audit   '@unrs/resolver-binding-linux-riscv64-gnu': [ '1.11.1' ],
36 silly audit   '@unrs/resolver-binding-linux-riscv64-musl': [ '1.11.1' ],
36 silly audit   '@unrs/resolver-binding-linux-s390x-gnu': [ '1.11.1' ],
36 silly audit   '@unrs/resolver-binding-linux-x64-gnu': [ '1.11.1' ],
36 silly audit   '@unrs/resolver-binding-linux-x64-musl': [ '1.11.1' ],
36 silly audit   '@unrs/resolver-binding-wasm32-wasi': [ '1.11.1' ],
36 silly audit   '@unrs/resolver-binding-win32-arm64-msvc': [ '1.11.1' ],
36 silly audit   '@unrs/resolver-binding-win32-ia32-msvc': [ '1.11.1' ],
36 silly audit   '@unrs/resolver-binding-win32-x64-msvc': [ '1.11.1' ],
36 silly audit   '@wry/caches': [ '1.0.1' ],
36 silly audit   '@wry/context': [ '0.7.4' ],
36 silly audit   '@wry/equality': [ '0.5.7' ],
36 silly audit   '@wry/trie': [ '0.5.0' ],
36 silly audit   acorn: [ '8.15.0' ],
36 silly audit   'acorn-jsx': [ '5.3.2' ],
36 silly audit   ajv: [ '6.12.6' ],
36 silly audit   'ansi-styles': [ '4.3.0' ],
36 silly audit   argparse: [ '2.0.1' ],
36 silly audit   'aria-hidden': [ '1.2.6' ],
36 silly audit   'aria-query': [ '5.3.2' ],
36 silly audit   'array-buffer-byte-length': [ '1.0.2' ],
36 silly audit   'array-includes': [ '3.1.9' ],
36 silly audit   'array.prototype.findlast': [ '1.2.5' ],
36 silly audit   'array.prototype.findlastindex': [ '1.2.6' ],
36 silly audit   'array.prototype.flat': [ '1.3.3' ],
36 silly audit   'array.prototype.flatmap': [ '1.3.3' ],
36 silly audit   'array.prototype.tosorted': [ '1.1.4' ],
36 silly audit   'arraybuffer.prototype.slice': [ '1.0.4' ],
36 silly audit   'ast-types-flow': [ '0.0.8' ],
36 silly audit   'async-function': [ '1.0.0' ],
36 silly audit   'available-typed-arrays': [ '1.0.7' ],
36 silly audit   'axe-core': [ '4.11.0' ],
36 silly audit   'axobject-query': [ '4.1.0' ],
36 silly audit   'balanced-match': [ '1.0.2' ],
36 silly audit   'baseline-browser-mapping': [ '2.9.5' ],
36 silly audit   braces: [ '3.0.3' ],
36 silly audit   browserslist: [ '4.28.1' ],
36 silly audit   'call-bind': [ '1.0.8' ],
36 silly audit   'call-bind-apply-helpers': [ '1.0.2' ],
36 silly audit   'call-bound': [ '1.0.4' ],
36 silly audit   callsites: [ '3.1.0' ],
36 silly audit   'caniuse-lite': [ '1.0.30001759' ],
36 silly audit   chalk: [ '4.1.2' ],
36 silly audit   'class-variance-authority': [ '0.7.1' ],
36 silly audit   'client-only': [ '0.0.1' ],
36 silly audit   clsx: [ '2.1.1' ],
36 silly audit   cmdk: [ '1.1.1' ],
36 silly audit   'color-convert': [ '2.0.1' ],
36 silly audit   'color-name': [ '1.1.4' ],
36 silly audit   'concat-map': [ '0.0.1' ],
36 silly audit   'convert-source-map': [ '2.0.0' ],
36 silly audit   'cross-spawn': [ '7.0.6' ],
36 silly audit   csstype: [ '3.2.3' ],
36 silly audit   'd3-array': [ '3.2.4' ],
36 silly audit   'd3-color': [ '3.1.0' ],
36 silly audit   'd3-ease': [ '3.0.1' ],
36 silly audit   'd3-format': [ '3.1.0' ],
36 silly audit   'd3-interpolate': [ '3.0.1' ],
36 silly audit   'd3-path': [ '3.1.0' ],
36 silly audit   'd3-scale': [ '4.0.2' ],
36 silly audit   'd3-shape': [ '3.2.0' ],
36 silly audit   'd3-time': [ '3.1.0' ],
36 silly audit   'd3-time-format': [ '4.1.0' ],
36 silly audit   'd3-timer': [ '3.0.1' ],
36 silly audit   'damerau-levenshtein': [ '1.0.8' ],
36 silly audit   'data-view-buffer': [ '1.0.2' ],
36 silly audit   'data-view-byte-length': [ '1.0.2' ],
36 silly audit   'data-view-byte-offset': [ '1.0.1' ],
36 silly audit   'date-fns': [ '4.1.0' ],
36 silly audit   'date-fns-jalali': [ '4.1.0-0' ],
36 silly audit   debug: [ '4.4.3', '3.2.7' ],
36 silly audit   'decimal.js-light': [ '2.5.1' ],
36 silly audit   'deep-is': [ '0.1.4' ],
36 silly audit   'define-data-property': [ '1.1.4' ],
36 silly audit   'define-properties': [ '1.2.1' ],
36 silly audit   'detect-libc': [ '2.1.2' ],
36 silly audit   'detect-node-es': [ '1.1.0' ],
36 silly audit   doctrine: [ '2.1.0' ],
36 silly audit   'dom-helpers': [ '5.2.1' ],
36 silly audit   'dunder-proto': [ '1.0.1' ],
36 silly audit   'electron-to-chromium': [ '1.5.266' ],
36 silly audit   'embla-carousel': [ '8.6.0' ],
36 silly audit   'embla-carousel-react': [ '8.6.0' ],
36 silly audit   'embla-carousel-reactive-utils': [ '8.6.0' ],
36 silly audit   'emoji-regex': [ '9.2.2' ],
36 silly audit   'enhanced-resolve': [ '5.18.3' ],
36 silly audit   'es-abstract': [ '1.24.0' ],
36 silly audit   'es-define-property': [ '1.0.1' ],
36 silly audit   'es-errors': [ '1.3.0' ],
36 silly audit   'es-iterator-helpers': [ '1.2.1' ],
36 silly audit   'es-object-atoms': [ '1.1.1' ],
36 silly audit   'es-set-tostringtag': [ '2.1.0' ],
36 silly audit   'es-shim-unscopables': [ '1.1.0' ],
36 silly audit   'es-to-primitive': [ '1.3.0' ],
36 silly audit   escalade: [ '3.2.0' ],
36 silly audit   'escape-string-regexp': [ '4.0.0' ],
36 silly audit   eslint: [ '9.39.1' ],
36 silly audit   'eslint-config-next': [ '16.1.1' ],
36 silly audit   globals: [ '16.4.0', '14.0.0' ],
36 silly audit   'eslint-import-resolver-node': [ '0.3.9' ],
36 silly audit   'eslint-import-resolver-typescript': [ '3.10.1' ],
36 silly audit   'eslint-module-utils': [ '2.12.1' ],
36 silly audit   'eslint-plugin-import': [ '2.32.0' ],
36 silly audit   'eslint-plugin-jsx-a11y': [ '6.10.2' ],
36 silly audit   'eslint-plugin-react': [ '7.37.5' ],
36 silly audit   'eslint-plugin-react-hooks': [ '7.0.1' ],
36 silly audit   resolve: [ '2.0.0-next.5', '1.22.11' ],
36 silly audit   'eslint-scope': [ '8.4.0' ],
36 silly audit   espree: [ '10.4.0' ],
36 silly audit   esquery: [ '1.6.0' ],
36 silly audit   esrecurse: [ '4.3.0' ],
36 silly audit   estraverse: [ '5.3.0' ],
36 silly audit   esutils: [ '2.0.3' ],
36 silly audit   eventemitter3: [ '4.0.7' ],
36 silly audit   'fast-deep-equal': [ '3.1.3' ],
36 silly audit   'fast-equals': [ '5.3.3' ],
36 silly audit   'fast-glob': [ '3.3.1' ],
36 silly audit   'glob-parent': [ '5.1.2', '6.0.2' ],
36 silly audit   'fast-json-stable-stringify': [ '2.1.0' ],
36 silly audit   'fast-levenshtein': [ '2.0.6' ],
36 silly audit   fastq: [ '1.20.1' ],
36 silly audit   'file-entry-cache': [ '8.0.0' ],
36 silly audit   'fill-range': [ '7.1.1' ],
36 silly audit   'find-up': [ '5.0.0' ],
36 silly audit   'flat-cache': [ '4.0.1' ],
36 silly audit   flatted: [ '3.3.3' ],
36 silly audit   'for-each': [ '0.3.5' ],
36 silly audit   'framer-motion': [ '12.23.25' ],
36 silly audit   'function-bind': [ '1.1.2' ],
36 silly audit   'function.prototype.name': [ '1.1.8' ],
36 silly audit   'functions-have-names': [ '1.2.3' ],
36 silly audit   'generator-function': [ '2.0.1' ],
36 silly audit   gensync: [ '1.0.0-beta.2' ],
36 silly audit   'get-intrinsic': [ '1.3.0' ],
36 silly audit   'get-nonce': [ '1.0.1' ],
36 silly audit   'get-proto': [ '1.0.1' ],
36 silly audit   'get-symbol-description': [ '1.1.0' ],
36 silly audit   'get-tsconfig': [ '4.13.0' ],
36 silly audit   globalthis: [ '1.0.4' ],
36 silly audit   gopd: [ '1.2.0' ],
36 silly audit   'graceful-fs': [ '4.2.11' ],
36 silly audit   graphemer: [ '1.4.0' ],
36 silly audit   graphql: [ '16.12.0' ],
36 silly audit   'graphql-tag': [ '2.12.6' ],
36 silly audit   'has-bigints': [ '1.1.0' ],
36 silly audit   'has-flag': [ '4.0.0' ],
36 silly audit   'has-property-descriptors': [ '1.0.2' ],
36 silly audit   'has-proto': [ '1.2.0' ],
36 silly audit   'has-symbols': [ '1.1.0' ],
36 silly audit   'has-tostringtag': [ '1.0.2' ],
36 silly audit   hasown: [ '2.0.2' ],
36 silly audit   'hermes-estree': [ '0.25.1' ],
36 silly audit   'hermes-parser': [ '0.25.1' ],
36 silly audit   'hoist-non-react-statics': [ '3.3.2' ],
36 silly audit   'import-fresh': [ '3.3.1' ],
36 silly audit   imurmurhash: [ '0.1.4' ],
36 silly audit   'input-otp': [ '1.4.2' ],
36 silly audit   'internal-slot': [ '1.1.0' ],
36 silly audit   internmap: [ '2.0.3' ],
36 silly audit   'is-array-buffer': [ '3.0.5' ],
36 silly audit   'is-async-function': [ '2.1.1' ],
36 silly audit   'is-bigint': [ '1.1.0' ],
36 silly audit   'is-boolean-object': [ '1.2.2' ],
36 silly audit   'is-bun-module': [ '2.0.0' ],
36 silly audit   'is-callable': [ '1.2.7' ],
36 silly audit   'is-core-module': [ '2.16.1' ],
36 silly audit   'is-data-view': [ '1.0.2' ],
36 silly audit   'is-date-object': [ '1.1.0' ],
36 silly audit   'is-extglob': [ '2.1.1' ],
36 silly audit   'is-finalizationregistry': [ '1.1.1' ],
36 silly audit   'is-generator-function': [ '1.1.2' ],
36 silly audit   'is-glob': [ '4.0.3' ],
36 silly audit   'is-map': [ '2.0.3' ],
36 silly audit   'is-negative-zero': [ '2.0.3' ],
36 silly audit   'is-number': [ '7.0.0' ],
36 silly audit   'is-number-object': [ '1.1.1' ],
36 silly audit   'is-regex': [ '1.2.1' ],
36 silly audit   'is-set': [ '2.0.3' ],
36 silly audit   'is-shared-array-buffer': [ '1.0.4' ],
36 silly audit   'is-string': [ '1.1.1' ],
36 silly audit   'is-symbol': [ '1.1.1' ],
36 silly audit   'is-typed-array': [ '1.1.15' ],
36 silly audit   'is-weakmap': [ '2.0.2' ],
36 silly audit   'is-weakref': [ '1.1.1' ],
36 silly audit   'is-weakset': [ '2.0.4' ],
36 silly audit   isarray: [ '2.0.5' ],
36 silly audit   isexe: [ '2.0.0' ],
36 silly audit   'iterator.prototype': [ '1.1.5' ],
36 silly audit   jiti: [ '2.6.1' ],
36 silly audit   'js-tokens': [ '4.0.0' ],
36 silly audit   'js-yaml': [ '4.1.1' ],
36 silly audit   jsesc: [ '3.1.0' ],
36 silly audit   'json-buffer': [ '3.0.1' ],
36 silly audit   'json-schema-traverse': [ '0.4.1' ],
36 silly audit   'json-stable-stringify-without-jsonify': [ '1.0.1' ],
36 silly audit   json5: [ '2.2.3', '1.0.2' ],
36 silly audit   'jsx-ast-utils': [ '3.3.5' ],
36 silly audit   keyv: [ '4.5.4' ],
36 silly audit   'language-subtag-registry': [ '0.3.23' ],
36 silly audit   'language-tags': [ '1.0.9' ],
36 silly audit   levn: [ '0.4.1' ],
36 silly audit   lightningcss: [ '1.30.2' ],
36 silly audit   'lightningcss-android-arm64': [ '1.30.2' ],
36 silly audit   'lightningcss-darwin-arm64': [ '1.30.2' ],
36 silly audit   'lightningcss-darwin-x64': [ '1.30.2' ],
36 silly audit   'lightningcss-freebsd-x64': [ '1.30.2' ],
36 silly audit   'lightningcss-linux-arm-gnueabihf': [ '1.30.2' ],
36 silly audit   'lightningcss-linux-arm64-gnu': [ '1.30.2' ],
36 silly audit   'lightningcss-linux-arm64-musl': [ '1.30.2' ],
36 silly audit   'lightningcss-linux-x64-gnu': [ '1.30.2' ],
36 silly audit   'lightningcss-linux-x64-musl': [ '1.30.2' ],
36 silly audit   'lightningcss-win32-arm64-msvc': [ '1.30.2' ],
36 silly audit   'lightningcss-win32-x64-msvc': [ '1.30.2' ],
36 silly audit   'locate-path': [ '6.0.0' ],
36 silly audit   lodash: [ '4.17.21' ],
36 silly audit   'lodash.merge': [ '4.6.2' ],
36 silly audit   'loose-envify': [ '1.4.0' ],
36 silly audit   'lru-cache': [ '5.1.1' ],
36 silly audit   'lucide-react': [ '0.556.0' ],
36 silly audit   'magic-string': [ '0.30.21' ],
36 silly audit   'math-intrinsics': [ '1.1.0' ],
36 silly audit   merge2: [ '1.4.1' ],
36 silly audit   micromatch: [ '4.0.8' ],
36 silly audit   minimist: [ '1.2.8' ],
36 silly audit   'motion-dom': [ '12.23.23' ],
36 silly audit   'motion-utils': [ '12.23.6' ],
36 silly audit   ms: [ '2.1.3' ],
36 silly audit   nanoid: [ '3.3.11' ],
36 silly audit   'napi-postinstall': [ '0.3.4' ],
36 silly audit   'natural-compare': [ '1.4.0' ],
36 silly audit   next: [ '16.1.1' ],
36 silly audit   'next-themes': [ '0.4.6' ],
36 silly audit   postcss: [ '8.4.31', '8.5.6' ],
36 silly audit   'node-releases': [ '2.0.27' ],
36 silly audit   'object-assign': [ '4.1.1' ],
36 silly audit   'object-inspect': [ '1.13.4' ],
36 silly audit   'object-keys': [ '1.1.1' ],
36 silly audit   'object.assign': [ '4.1.7' ],
36 silly audit   'object.entries': [ '1.1.9' ],
36 silly audit   'object.fromentries': [ '2.0.8' ],
36 silly audit   'object.groupby': [ '1.0.3' ],
36 silly audit   'object.values': [ '1.2.1' ],
36 silly audit   optimism: [ '0.18.1' ],
36 silly audit   optionator: [ '0.9.4' ],
36 silly audit   'own-keys': [ '1.0.1' ],
36 silly audit   'p-limit': [ '3.1.0' ],
36 silly audit   'p-locate': [ '5.0.0' ],
36 silly audit   'parent-module': [ '1.0.1' ],
36 silly audit   'path-exists': [ '4.0.0' ],
36 silly audit   'path-key': [ '3.1.1' ],
36 silly audit   'path-parse': [ '1.0.7' ],
36 silly audit   picocolors: [ '1.1.1' ],
36 silly audit   picomatch: [ '2.3.1', '4.0.3' ],
36 silly audit   'possible-typed-array-names': [ '1.1.0' ],
36 silly audit   'prelude-ls': [ '1.2.1' ],
36 silly audit   'prop-types': [ '15.8.1' ],
36 silly audit   punycode: [ '2.3.1' ],
36 silly audit   'queue-microtask': [ '1.2.3' ],
36 silly audit   react: [ '19.2.0' ],
36 silly audit   'react-day-picker': [ '9.12.0' ],
36 silly audit   'react-dom': [ '19.2.0' ],
36 silly audit   'react-hook-form': [ '7.68.0' ],
36 silly audit   'react-is': [ '16.13.1', '18.3.1' ],
36 silly audit   'react-remove-scroll': [ '2.7.2' ],
36 silly audit   'react-remove-scroll-bar': [ '2.3.8' ],
36 silly audit   'react-resizable-panels': [ '3.0.6' ],
36 silly audit   'react-smooth': [ '4.0.4' ],
36 silly audit   'react-style-singleton': [ '2.2.3' ],
36 silly audit   'react-transition-group': [ '4.4.5' ],
36 silly audit   recharts: [ '2.15.4' ],
36 silly audit   'recharts-scale': [ '0.4.5' ],
36 silly audit   'reflect.getprototypeof': [ '1.0.10' ],
36 silly audit   'regexp.prototype.flags': [ '1.5.4' ],
36 silly audit   rehackt: [ '0.1.0' ],
36 silly audit   'resolve-from': [ '4.0.0' ],
36 silly audit   'resolve-pkg-maps': [ '1.0.0' ],
36 silly audit   reusify: [ '1.1.0' ],
36 silly audit   'run-parallel': [ '1.2.0' ],
36 silly audit   'safe-array-concat': [ '1.1.3' ],
36 silly audit   'safe-push-apply': [ '1.0.0' ],
36 silly audit   'safe-regex-test': [ '1.1.0' ],
36 silly audit   scheduler: [ '0.27.0' ],
36 silly audit   'set-function-length': [ '1.2.2' ],
36 silly audit   'set-function-name': [ '2.0.2' ],
36 silly audit   'set-proto': [ '1.0.0' ],
36 silly audit   sharp: [ '0.34.5' ],
36 silly audit   'shebang-command': [ '2.0.0' ],
36 silly audit   'shebang-regex': [ '3.0.0' ],
36 silly audit   'side-channel': [ '1.1.0' ],
36 silly audit   'side-channel-list': [ '1.0.0' ],
36 silly audit   'side-channel-map': [ '1.0.1' ],
36 silly audit   'side-channel-weakmap': [ '1.0.2' ],
36 silly audit   sonner: [ '2.0.7' ],
36 silly audit   'source-map-js': [ '1.2.1' ],
36 silly audit   'stable-hash': [ '0.0.5' ],
36 silly audit   'stop-iteration-iterator': [ '1.1.0' ],
36 silly audit   'string.prototype.includes': [ '2.0.1' ],
36 silly audit   'string.prototype.matchall': [ '4.0.12' ],
36 silly audit   'string.prototype.repeat': [ '1.0.0' ],
36 silly audit   'string.prototype.trim': [ '1.2.10' ],
36 silly audit   'string.prototype.trimend': [ '1.0.9' ],
36 silly audit   'string.prototype.trimstart': [ '1.0.8' ],
36 silly audit   'strip-bom': [ '3.0.0' ],
36 silly audit   'strip-json-comments': [ '3.1.1' ],
36 silly audit   'styled-jsx': [ '5.1.6' ],
36 silly audit   'supports-color': [ '7.2.0' ],
36 silly audit   'supports-preserve-symlinks-flag': [ '1.0.0' ],
36 silly audit   'symbol-observable': [ '4.0.0' ],
36 silly audit   'tailwind-merge': [ '3.4.0' ],
36 silly audit   tailwindcss: [ '4.1.17' ],
36 silly audit   'tailwindcss-animate': [ '1.0.7' ],
36 silly audit   tapable: [ '2.3.0' ],
36 silly audit   'tiny-invariant': [ '1.3.3' ],
36 silly audit   tinyglobby: [ '0.2.15' ],
36 silly audit   fdir: [ '6.5.0' ],
36 silly audit   'to-regex-range': [ '5.0.1' ],
36 silly audit   'ts-api-utils': [ '2.1.0' ],
36 silly audit   'ts-invariant': [ '0.10.3' ],
36 silly audit   'tsconfig-paths': [ '3.15.0' ],
36 silly audit   'tw-animate-css': [ '1.4.0' ],
36 silly audit   'type-check': [ '0.4.0' ],
36 silly audit   'typed-array-buffer': [ '1.0.3' ],
36 silly audit   'typed-array-byte-length': [ '1.0.3' ],
36 silly audit   'typed-array-byte-offset': [ '1.0.4' ],
36 silly audit   'typed-array-length': [ '1.0.7' ],
36 silly audit   typescript: [ '5.9.3' ],
36 silly audit   'typescript-eslint': [ '8.48.1' ],
36 silly audit   'unbox-primitive': [ '1.1.0' ],
36 silly audit   'undici-types': [ '6.21.0' ],
36 silly audit   'unrs-resolver': [ '1.11.1' ],
36 silly audit   'update-browserslist-db': [ '1.2.2' ],
36 silly audit   'uri-js': [ '4.4.1' ],
36 silly audit   'use-callback-ref': [ '1.3.3' ],
36 silly audit   'use-sidecar': [ '1.1.3' ],
36 silly audit   'use-sync-external-store': [ '1.6.0' ],
36 silly audit   vaul: [ '1.1.2' ],
36 silly audit   'victory-vendor': [ '36.9.2' ],
36 silly audit   which: [ '2.0.2' ],
36 silly audit   'which-boxed-primitive': [ '1.1.1' ],
36 silly audit   'which-builtin-type': [ '1.2.1' ],
36 silly audit   'which-collection': [ '1.0.2' ],
36 silly audit   'which-typed-array': [ '1.1.19' ],
36 silly audit   'word-wrap': [ '1.2.5' ],
36 silly audit   yallist: [ '3.1.1' ],
36 silly audit   'yocto-queue': [ '0.1.0' ],
36 silly audit   'zen-observable': [ '0.8.15' ],
36 silly audit   'zen-observable-ts': [ '1.2.5' ],
36 silly audit   zod: [ '4.1.13' ],
36 silly audit   'zod-validation-error': [ '4.0.2' ],
36 silly audit   '@tailwindcss/oxide-wasm32-wasi': [ '4.1.17' ]
36 silly audit }
37 verbose reify failed optional dependency /Users/gdavris/motify-next/node_modules/lightningcss-win32-x64-msvc
38 silly reify mark deleted [
38 silly reify   '/Users/gdavris/motify-next/node_modules/lightningcss-win32-x64-msvc'
38 silly reify ]
39 verbose reify failed optional dependency /Users/gdavris/motify-next/node_modules/lightningcss-win32-arm64-msvc
40 silly reify mark deleted [
40 silly reify   '/Users/gdavris/motify-next/node_modules/lightningcss-win32-arm64-msvc'
40 silly reify ]
41 verbose reify failed optional dependency /Users/gdavris/motify-next/node_modules/lightningcss-linux-x64-musl
42 silly reify mark deleted [
42 silly reify   '/Users/gdavris/motify-next/node_modules/lightningcss-linux-x64-musl'
42 silly reify ]
43 verbose reify failed optional dependency /Users/gdavris/motify-next/node_modules/lightningcss-linux-x64-gnu
44 silly reify mark deleted [
44 silly reify   '/Users/gdavris/motify-next/node_modules/lightningcss-linux-x64-gnu'
44 silly reify ]
45 verbose reify failed optional dependency /Users/gdavris/motify-next/node_modules/lightningcss-linux-arm64-musl
46 silly reify mark deleted [
46 silly reify   '/Users/gdavris/motify-next/node_modules/lightningcss-linux-arm64-musl'
46 silly reify ]
47 verbose reify failed optional dependency /Users/gdavris/motify-next/node_modules/lightningcss-linux-arm64-gnu
48 silly reify mark deleted [
48 silly reify   '/Users/gdavris/motify-next/node_modules/lightningcss-linux-arm64-gnu'
48 silly reify ]
49 verbose reify failed optional dependency /Users/gdavris/motify-next/node_modules/lightningcss-linux-arm-gnueabihf
50 silly reify mark deleted [
50 silly reify   '/Users/gdavris/motify-next/node_modules/lightningcss-linux-arm-gnueabihf'
50 silly reify ]
51 verbose reify failed optional dependency /Users/gdavris/motify-next/node_modules/lightningcss-freebsd-x64
52 silly reify mark deleted [ '/Users/gdavris/motify-next/node_modules/lightningcss-freebsd-x64' ]
53 verbose reify failed optional dependency /Users/gdavris/motify-next/node_modules/lightningcss-darwin-x64
54 silly reify mark deleted [ '/Users/gdavris/motify-next/node_modules/lightningcss-darwin-x64' ]
55 verbose reify failed optional dependency /Users/gdavris/motify-next/node_modules/lightningcss-android-arm64
56 silly reify mark deleted [
56 silly reify   '/Users/gdavris/motify-next/node_modules/lightningcss-android-arm64'
56 silly reify ]
57 verbose reify failed optional dependency /Users/gdavris/motify-next/node_modules/@unrs/resolver-binding-win32-x64-msvc
58 silly reify mark deleted [
58 silly reify   '/Users/gdavris/motify-next/node_modules/@unrs/resolver-binding-win32-x64-msvc'
58 silly reify ]
59 verbose reify failed optional dependency /Users/gdavris/motify-next/node_modules/@unrs/resolver-binding-win32-ia32-msvc
60 silly reify mark deleted [
60 silly reify   '/Users/gdavris/motify-next/node_modules/@unrs/resolver-binding-win32-ia32-msvc'
60 silly reify ]
61 verbose reify failed optional dependency /Users/gdavris/motify-next/node_modules/@unrs/resolver-binding-win32-arm64-msvc
62 silly reify mark deleted [
62 silly reify   '/Users/gdavris/motify-next/node_modules/@unrs/resolver-binding-win32-arm64-msvc'
62 silly reify ]
63 verbose reify failed optional dependency /Users/gdavris/motify-next/node_modules/@unrs/resolver-binding-wasm32-wasi
64 silly reify mark deleted [
64 silly reify   '/Users/gdavris/motify-next/node_modules/@unrs/resolver-binding-wasm32-wasi'
64 silly reify ]
65 verbose reify failed optional dependency /Users/gdavris/motify-next/node_modules/@napi-rs/wasm-runtime
66 silly reify mark deleted [ '/Users/gdavris/motify-next/node_modules/@napi-rs/wasm-runtime' ]
67 verbose reify failed optional dependency /Users/gdavris/motify-next/node_modules/@emnapi/core
68 silly reify mark deleted [ '/Users/gdavris/motify-next/node_modules/@emnapi/core' ]
69 verbose reify failed optional dependency /Users/gdavris/motify-next/node_modules/@tybys/wasm-util
70 silly reify mark deleted [ '/Users/gdavris/motify-next/node_modules/@tybys/wasm-util' ]
71 verbose reify failed optional dependency /Users/gdavris/motify-next/node_modules/@emnapi/wasi-threads
72 silly reify mark deleted [ '/Users/gdavris/motify-next/node_modules/@emnapi/wasi-threads' ]
73 verbose reify failed optional dependency /Users/gdavris/motify-next/node_modules/@unrs/resolver-binding-linux-x64-musl
74 silly reify mark deleted [
74 silly reify   '/Users/gdavris/motify-next/node_modules/@unrs/resolver-binding-linux-x64-musl'
74 silly reify ]
75 verbose reify failed optional dependency /Users/gdavris/motify-next/node_modules/@unrs/resolver-binding-linux-x64-gnu
76 silly reify mark deleted [
76 silly reify   '/Users/gdavris/motify-next/node_modules/@unrs/resolver-binding-linux-x64-gnu'
76 silly reify ]
77 verbose reify failed optional dependency /Users/gdavris/motify-next/node_modules/@unrs/resolver-binding-linux-s390x-gnu
78 silly reify mark deleted [
78 silly reify   '/Users/gdavris/motify-next/node_modules/@unrs/resolver-binding-linux-s390x-gnu'
78 silly reify ]
79 verbose reify failed optional dependency /Users/gdavris/motify-next/node_modules/@unrs/resolver-binding-linux-riscv64-musl
80 silly reify mark deleted [
80 silly reify   '/Users/gdavris/motify-next/node_modules/@unrs/resolver-binding-linux-riscv64-musl'
80 silly reify ]
81 verbose reify failed optional dependency /Users/gdavris/motify-next/node_modules/@unrs/resolver-binding-linux-riscv64-gnu
82 silly reify mark deleted [
82 silly reify   '/Users/gdavris/motify-next/node_modules/@unrs/resolver-binding-linux-riscv64-gnu'
82 silly reify ]
83 verbose reify failed optional dependency /Users/gdavris/motify-next/node_modules/@unrs/resolver-binding-linux-ppc64-gnu
84 silly reify mark deleted [
84 silly reify   '/Users/gdavris/motify-next/node_modules/@unrs/resolver-binding-linux-ppc64-gnu'
84 silly reify ]
85 verbose reify failed optional dependency /Users/gdavris/motify-next/node_modules/@unrs/resolver-binding-linux-arm64-musl
86 silly reify mark deleted [
86 silly reify   '/Users/gdavris/motify-next/node_modules/@unrs/resolver-binding-linux-arm64-musl'
86 silly reify ]
87 verbose reify failed optional dependency /Users/gdavris/motify-next/node_modules/@unrs/resolver-binding-linux-arm64-gnu
88 silly reify mark deleted [
88 silly reify   '/Users/gdavris/motify-next/node_modules/@unrs/resolver-binding-linux-arm64-gnu'
88 silly reify ]
89 verbose reify failed optional dependency /Users/gdavris/motify-next/node_modules/@unrs/resolver-binding-linux-arm-musleabihf
90 silly reify mark deleted [
90 silly reify   '/Users/gdavris/motify-next/node_modules/@unrs/resolver-binding-linux-arm-musleabihf'
90 silly reify ]
91 verbose reify failed optional dependency /Users/gdavris/motify-next/node_modules/@unrs/resolver-binding-linux-arm-gnueabihf
92 silly reify mark deleted [
92 silly reify   '/Users/gdavris/motify-next/node_modules/@unrs/resolver-binding-linux-arm-gnueabihf'
92 silly reify ]
93 verbose reify failed optional dependency /Users/gdavris/motify-next/node_modules/@unrs/resolver-binding-freebsd-x64
94 silly reify mark deleted [
94 silly reify   '/Users/gdavris/motify-next/node_modules/@unrs/resolver-binding-freebsd-x64'
94 silly reify ]
95 verbose reify failed optional dependency /Users/gdavris/motify-next/node_modules/@unrs/resolver-binding-darwin-x64
96 silly reify mark deleted [
96 silly reify   '/Users/gdavris/motify-next/node_modules/@unrs/resolver-binding-darwin-x64'
96 silly reify ]
97 verbose reify failed optional dependency /Users/gdavris/motify-next/node_modules/@unrs/resolver-binding-android-arm64
98 silly reify mark deleted [
98 silly reify   '/Users/gdavris/motify-next/node_modules/@unrs/resolver-binding-android-arm64'
98 silly reify ]
99 verbose reify failed optional dependency /Users/gdavris/motify-next/node_modules/@unrs/resolver-binding-android-arm-eabi
100 silly reify mark deleted [
100 silly reify   '/Users/gdavris/motify-next/node_modules/@unrs/resolver-binding-android-arm-eabi'
100 silly reify ]
101 verbose reify failed optional dependency /Users/gdavris/motify-next/node_modules/@tailwindcss/oxide-win32-x64-msvc
102 silly reify mark deleted [
102 silly reify   '/Users/gdavris/motify-next/node_modules/@tailwindcss/oxide-win32-x64-msvc'
102 silly reify ]
103 verbose reify failed optional dependency /Users/gdavris/motify-next/node_modules/@tailwindcss/oxide-win32-arm64-msvc
104 silly reify mark deleted [
104 silly reify   '/Users/gdavris/motify-next/node_modules/@tailwindcss/oxide-win32-arm64-msvc'
104 silly reify ]
105 verbose reify failed optional dependency /Users/gdavris/motify-next/node_modules/@tailwindcss/oxide-linux-x64-musl
106 silly reify mark deleted [
106 silly reify   '/Users/gdavris/motify-next/node_modules/@tailwindcss/oxide-linux-x64-musl'
106 silly reify ]
107 verbose reify failed optional dependency /Users/gdavris/motify-next/node_modules/@tailwindcss/oxide-linux-x64-gnu
108 silly reify mark deleted [
108 silly reify   '/Users/gdavris/motify-next/node_modules/@tailwindcss/oxide-linux-x64-gnu'
108 silly reify ]
109 verbose reify failed optional dependency /Users/gdavris/motify-next/node_modules/@tailwindcss/oxide-linux-arm64-musl
110 silly reify mark deleted [
110 silly reify   '/Users/gdavris/motify-next/node_modules/@tailwindcss/oxide-linux-arm64-musl'
110 silly reify ]
111 verbose reify failed optional dependency /Users/gdavris/motify-next/node_modules/@tailwindcss/oxide-linux-arm64-gnu
112 silly reify mark deleted [
112 silly reify   '/Users/gdavris/motify-next/node_modules/@tailwindcss/oxide-linux-arm64-gnu'
112 silly reify ]
113 verbose reify failed optional dependency /Users/gdavris/motify-next/node_modules/@tailwindcss/oxide-linux-arm-gnueabihf
114 silly reify mark deleted [
114 silly reify   '/Users/gdavris/motify-next/node_modules/@tailwindcss/oxide-linux-arm-gnueabihf'
114 silly reify ]
115 verbose reify failed optional dependency /Users/gdavris/motify-next/node_modules/@tailwindcss/oxide-freebsd-x64
116 silly reify mark deleted [
116 silly reify   '/Users/gdavris/motify-next/node_modules/@tailwindcss/oxide-freebsd-x64'
116 silly reify ]
117 verbose reify failed optional dependency /Users/gdavris/motify-next/node_modules/@tailwindcss/oxide-darwin-x64
118 silly reify mark deleted [
118 silly reify   '/Users/gdavris/motify-next/node_modules/@tailwindcss/oxide-darwin-x64'
118 silly reify ]
119 verbose reify failed optional dependency /Users/gdavris/motify-next/node_modules/@tailwindcss/oxide-android-arm64
120 silly reify mark deleted [
120 silly reify   '/Users/gdavris/motify-next/node_modules/@tailwindcss/oxide-android-arm64'
120 silly reify ]
121 verbose reify failed optional dependency /Users/gdavris/motify-next/node_modules/@next/swc-win32-x64-msvc
122 silly reify mark deleted [ '/Users/gdavris/motify-next/node_modules/@next/swc-win32-x64-msvc' ]
123 verbose reify failed optional dependency /Users/gdavris/motify-next/node_modules/@next/swc-win32-arm64-msvc
124 silly reify mark deleted [
124 silly reify   '/Users/gdavris/motify-next/node_modules/@next/swc-win32-arm64-msvc'
124 silly reify ]
125 verbose reify failed optional dependency /Users/gdavris/motify-next/node_modules/@next/swc-linux-x64-musl
126 silly reify mark deleted [ '/Users/gdavris/motify-next/node_modules/@next/swc-linux-x64-musl' ]
127 verbose reify failed optional dependency /Users/gdavris/motify-next/node_modules/@next/swc-linux-x64-gnu
128 silly reify mark deleted [ '/Users/gdavris/motify-next/node_modules/@next/swc-linux-x64-gnu' ]
129 verbose reify failed optional dependency /Users/gdavris/motify-next/node_modules/@next/swc-linux-arm64-musl
130 silly reify mark deleted [
130 silly reify   '/Users/gdavris/motify-next/node_modules/@next/swc-linux-arm64-musl'
130 silly reify ]
131 verbose reify failed optional dependency /Users/gdavris/motify-next/node_modules/@next/swc-linux-arm64-gnu
132 silly reify mark deleted [ '/Users/gdavris/motify-next/node_modules/@next/swc-linux-arm64-gnu' ]
133 verbose reify failed optional dependency /Users/gdavris/motify-next/node_modules/@next/swc-darwin-x64
134 silly reify mark deleted [ '/Users/gdavris/motify-next/node_modules/@next/swc-darwin-x64' ]
135 verbose reify failed optional dependency /Users/gdavris/motify-next/node_modules/@img/sharp-win32-x64
136 silly reify mark deleted [ '/Users/gdavris/motify-next/node_modules/@img/sharp-win32-x64' ]
137 verbose reify failed optional dependency /Users/gdavris/motify-next/node_modules/@img/sharp-win32-ia32
138 silly reify mark deleted [ '/Users/gdavris/motify-next/node_modules/@img/sharp-win32-ia32' ]
139 verbose reify failed optional dependency /Users/gdavris/motify-next/node_modules/@img/sharp-win32-arm64
140 silly reify mark deleted [ '/Users/gdavris/motify-next/node_modules/@img/sharp-win32-arm64' ]
141 verbose reify failed optional dependency /Users/gdavris/motify-next/node_modules/@img/sharp-wasm32
142 silly reify mark deleted [ '/Users/gdavris/motify-next/node_modules/@img/sharp-wasm32' ]
143 verbose reify failed optional dependency /Users/gdavris/motify-next/node_modules/@img/sharp-linuxmusl-x64
144 silly reify mark deleted [ '/Users/gdavris/motify-next/node_modules/@img/sharp-linuxmusl-x64' ]
145 verbose reify failed optional dependency /Users/gdavris/motify-next/node_modules/@img/sharp-linuxmusl-arm64
146 silly reify mark deleted [
146 silly reify   '/Users/gdavris/motify-next/node_modules/@img/sharp-linuxmusl-arm64'
146 silly reify ]
147 verbose reify failed optional dependency /Users/gdavris/motify-next/node_modules/@img/sharp-linux-x64
148 silly reify mark deleted [ '/Users/gdavris/motify-next/node_modules/@img/sharp-linux-x64' ]
149 verbose reify failed optional dependency /Users/gdavris/motify-next/node_modules/@img/sharp-linux-s390x
150 silly reify mark deleted [ '/Users/gdavris/motify-next/node_modules/@img/sharp-linux-s390x' ]
151 verbose reify failed optional dependency /Users/gdavris/motify-next/node_modules/@img/sharp-linux-riscv64
152 silly reify mark deleted [ '/Users/gdavris/motify-next/node_modules/@img/sharp-linux-riscv64' ]
153 verbose reify failed optional dependency /Users/gdavris/motify-next/node_modules/@img/sharp-linux-ppc64
154 silly reify mark deleted [ '/Users/gdavris/motify-next/node_modules/@img/sharp-linux-ppc64' ]
155 verbose reify failed optional dependency /Users/gdavris/motify-next/node_modules/@img/sharp-linux-arm64
156 silly reify mark deleted [ '/Users/gdavris/motify-next/node_modules/@img/sharp-linux-arm64' ]
157 verbose reify failed optional dependency /Users/gdavris/motify-next/node_modules/@img/sharp-linux-arm
158 silly reify mark deleted [ '/Users/gdavris/motify-next/node_modules/@img/sharp-linux-arm' ]
159 verbose reify failed optional dependency /Users/gdavris/motify-next/node_modules/@img/sharp-libvips-linuxmusl-x64
160 silly reify mark deleted [
160 silly reify   '/Users/gdavris/motify-next/node_modules/@img/sharp-libvips-linuxmusl-x64'
160 silly reify ]
161 verbose reify failed optional dependency /Users/gdavris/motify-next/node_modules/@img/sharp-libvips-linuxmusl-arm64
162 silly reify mark deleted [
162 silly reify   '/Users/gdavris/motify-next/node_modules/@img/sharp-libvips-linuxmusl-arm64'
162 silly reify ]
163 verbose reify failed optional dependency /Users/gdavris/motify-next/node_modules/@img/sharp-libvips-linux-x64
164 silly reify mark deleted [
164 silly reify   '/Users/gdavris/motify-next/node_modules/@img/sharp-libvips-linux-x64'
164 silly reify ]
165 verbose reify failed optional dependency /Users/gdavris/motify-next/node_modules/@img/sharp-libvips-linux-s390x
166 silly reify mark deleted [
166 silly reify   '/Users/gdavris/motify-next/node_modules/@img/sharp-libvips-linux-s390x'
166 silly reify ]
167 verbose reify failed optional dependency /Users/gdavris/motify-next/node_modules/@img/sharp-libvips-linux-riscv64
168 silly reify mark deleted [
168 silly reify   '/Users/gdavris/motify-next/node_modules/@img/sharp-libvips-linux-riscv64'
168 silly reify ]
169 verbose reify failed optional dependency /Users/gdavris/motify-next/node_modules/@img/sharp-libvips-linux-ppc64
170 silly reify mark deleted [
170 silly reify   '/Users/gdavris/motify-next/node_modules/@img/sharp-libvips-linux-ppc64'
170 silly reify ]
171 verbose reify failed optional dependency /Users/gdavris/motify-next/node_modules/@img/sharp-libvips-linux-arm64
172 silly reify mark deleted [
172 silly reify   '/Users/gdavris/motify-next/node_modules/@img/sharp-libvips-linux-arm64'
172 silly reify ]
173 verbose reify failed optional dependency /Users/gdavris/motify-next/node_modules/@img/sharp-libvips-linux-arm
174 silly reify mark deleted [
174 silly reify   '/Users/gdavris/motify-next/node_modules/@img/sharp-libvips-linux-arm'
174 silly reify ]
175 verbose reify failed optional dependency /Users/gdavris/motify-next/node_modules/@img/sharp-libvips-darwin-x64
176 silly reify mark deleted [
176 silly reify   '/Users/gdavris/motify-next/node_modules/@img/sharp-libvips-darwin-x64'
176 silly reify ]
177 verbose reify failed optional dependency /Users/gdavris/motify-next/node_modules/@img/sharp-darwin-x64
178 silly reify mark deleted [ '/Users/gdavris/motify-next/node_modules/@img/sharp-darwin-x64' ]
179 silly audit bulk request failed undefined
180 verbose audit error FetchError: request to https://registry.npmjs.org/-/npm/v1/security/audits/quick failed, reason: getaddrinfo ENOTFOUND registry.npmjs.org
180 verbose audit error     at ClientRequest.<anonymous> (/Users/gdavris/.nvm/versions/node/v20.19.5/lib/node_modules/npm/node_modules/minipass-fetch/lib/index.js:130:14)
180 verbose audit error     at ClientRequest.emit (node:events:524:28)
180 verbose audit error     at emitErrorEvent (node:_http_client:101:11)
180 verbose audit error     at _destroy (node:_http_client:884:9)
180 verbose audit error     at onSocketNT (node:_http_client:904:5)
180 verbose audit error     at process.processTicksAndRejections (node:internal/process/task_queues:83:21) {
180 verbose audit error   code: 'ENOTFOUND',
180 verbose audit error   errno: 'ENOTFOUND',
180 verbose audit error   syscall: 'getaddrinfo',
180 verbose audit error   hostname: 'registry.npmjs.org',
180 verbose audit error   type: 'system'
180 verbose audit error }
181 silly audit error undefined
182 silly audit report null
183 silly tarball no local data for zen-observable-ts@https://registry.npmjs.org/zen-observable-ts/-/zen-observable-ts-1.2.5.tgz. Extracting by manifest.
184 silly tarball no local data for zen-observable@https://registry.npmjs.org/zen-observable/-/zen-observable-0.8.15.tgz. Extracting by manifest.
185 silly tarball no local data for rehackt@https://registry.npmjs.org/rehackt/-/rehackt-0.1.0.tgz. Extracting by manifest.
186 silly tarball no local data for graphql-tag@https://registry.npmjs.org/graphql-tag/-/graphql-tag-2.12.6.tgz. Extracting by manifest.
187 silly tarball no local data for symbol-observable@https://registry.npmjs.org/symbol-observable/-/symbol-observable-4.0.0.tgz. Extracting by manifest.
188 silly tarball no local data for optimism@https://registry.npmjs.org/optimism/-/optimism-0.18.1.tgz. Extracting by manifest.
189 silly tarball no local data for hoist-non-react-statics@https://registry.npmjs.org/hoist-non-react-statics/-/hoist-non-react-statics-3.3.2.tgz. Extracting by manifest.
190 silly tarball no local data for @wry/equality@https://registry.npmjs.org/@wry/equality/-/equality-0.5.7.tgz. Extracting by manifest.
191 silly tarball no local data for @wry/trie@https://registry.npmjs.org/@wry/trie/-/trie-0.5.0.tgz. Extracting by manifest.
192 silly tarball no local data for @wry/context@https://registry.npmjs.org/@wry/context/-/context-0.7.4.tgz. Extracting by manifest.
193 silly tarball no local data for @wry/caches@https://registry.npmjs.org/@wry/caches/-/caches-1.0.1.tgz. Extracting by manifest.
194 silly tarball no local data for graphql@https://registry.npmjs.org/graphql/-/graphql-16.12.0.tgz. Extracting by manifest.
195 silly tarball no local data for @apollo/client@https://registry.npmjs.org/@apollo/client/-/client-3.14.0.tgz. Extracting by manifest.
196 silly tarball no local data for ts-invariant@https://registry.npmjs.org/ts-invariant/-/ts-invariant-0.10.3.tgz. Extracting by manifest.
197 silly tarball no local data for @next/env@https://registry.npmjs.org/@next/env/-/env-16.1.1.tgz. Extracting by manifest.
198 silly tarball no local data for fastq@https://registry.npmjs.org/fastq/-/fastq-1.20.1.tgz. Extracting by manifest.
199 silly tarball no local data for @graphql-typed-document-node/core@https://registry.npmjs.org/@graphql-typed-document-node/core/-/core-3.2.0.tgz. Extracting by manifest.
200 silly tarball no local data for eslint-config-next@https://registry.npmjs.org/eslint-config-next/-/eslint-config-next-16.1.1.tgz. Extracting by manifest.
201 silly tarball no local data for next@https://registry.npmjs.org/next/-/next-16.1.1.tgz. Extracting by manifest.
202 silly tarball no local data for @next/eslint-plugin-next@https://registry.npmjs.org/@next/eslint-plugin-next/-/eslint-plugin-next-16.1.1.tgz. Extracting by manifest.
203 silly tarball no local data for @next/swc-darwin-arm64@https://registry.npmjs.org/@next/swc-darwin-arm64/-/swc-darwin-arm64-16.1.1.tgz. Extracting by manifest.
204 http fetch GET https://registry.npmjs.org/zen-observable-ts/-/zen-observable-ts-1.2.5.tgz attempt 1 failed with ENOTFOUND
205 http fetch GET https://registry.npmjs.org/zen-observable/-/zen-observable-0.8.15.tgz attempt 1 failed with ENOTFOUND
206 http fetch GET https://registry.npmjs.org/rehackt/-/rehackt-0.1.0.tgz attempt 1 failed with ENOTFOUND
207 http fetch GET https://registry.npmjs.org/graphql-tag/-/graphql-tag-2.12.6.tgz attempt 1 failed with ENOTFOUND
208 http fetch GET https://registry.npmjs.org/symbol-observable/-/symbol-observable-4.0.0.tgz attempt 1 failed with ENOTFOUND
209 http fetch GET https://registry.npmjs.org/optimism/-/optimism-0.18.1.tgz attempt 1 failed with ENOTFOUND
210 http fetch GET https://registry.npmjs.org/hoist-non-react-statics/-/hoist-non-react-statics-3.3.2.tgz attempt 1 failed with ENOTFOUND
211 http fetch GET https://registry.npmjs.org/@wry/equality/-/equality-0.5.7.tgz attempt 1 failed with ENOTFOUND
212 http fetch GET https://registry.npmjs.org/@wry/trie/-/trie-0.5.0.tgz attempt 1 failed with ENOTFOUND
213 http fetch GET https://registry.npmjs.org/@wry/context/-/context-0.7.4.tgz attempt 1 failed with ENOTFOUND
214 http fetch GET https://registry.npmjs.org/@wry/caches/-/caches-1.0.1.tgz attempt 1 failed with ENOTFOUND
215 http fetch GET https://registry.npmjs.org/graphql/-/graphql-16.12.0.tgz attempt 1 failed with ENOTFOUND
216 http fetch GET https://registry.npmjs.org/@apollo/client/-/client-3.14.0.tgz attempt 1 failed with ENOTFOUND
217 http fetch GET https://registry.npmjs.org/ts-invariant/-/ts-invariant-0.10.3.tgz attempt 1 failed with ENOTFOUND
218 http fetch GET https://registry.npmjs.org/@next/env/-/env-16.1.1.tgz attempt 1 failed with ENOTFOUND
219 http fetch GET https://registry.npmjs.org/zen-observable-ts/-/zen-observable-ts-1.2.5.tgz attempt 2 failed with ENOTFOUND
220 http fetch GET https://registry.npmjs.org/zen-observable/-/zen-observable-0.8.15.tgz attempt 2 failed with ENOTFOUND
221 http fetch GET https://registry.npmjs.org/rehackt/-/rehackt-0.1.0.tgz attempt 2 failed with ENOTFOUND
222 http fetch GET https://registry.npmjs.org/graphql-tag/-/graphql-tag-2.12.6.tgz attempt 2 failed with ENOTFOUND
223 http fetch GET https://registry.npmjs.org/symbol-observable/-/symbol-observable-4.0.0.tgz attempt 2 failed with ENOTFOUND
224 http fetch GET https://registry.npmjs.org/optimism/-/optimism-0.18.1.tgz attempt 2 failed with ENOTFOUND
225 http fetch GET https://registry.npmjs.org/hoist-non-react-statics/-/hoist-non-react-statics-3.3.2.tgz attempt 2 failed with ENOTFOUND
226 http fetch GET https://registry.npmjs.org/@wry/equality/-/equality-0.5.7.tgz attempt 2 failed with ENOTFOUND
227 http fetch GET https://registry.npmjs.org/@wry/trie/-/trie-0.5.0.tgz attempt 2 failed with ENOTFOUND
228 http fetch GET https://registry.npmjs.org/@wry/context/-/context-0.7.4.tgz attempt 2 failed with ENOTFOUND
229 http fetch GET https://registry.npmjs.org/@wry/caches/-/caches-1.0.1.tgz attempt 2 failed with ENOTFOUND
230 http fetch GET https://registry.npmjs.org/graphql/-/graphql-16.12.0.tgz attempt 2 failed with ENOTFOUND
231 http fetch GET https://registry.npmjs.org/@apollo/client/-/client-3.14.0.tgz attempt 2 failed with ENOTFOUND
232 http fetch GET https://registry.npmjs.org/ts-invariant/-/ts-invariant-0.10.3.tgz attempt 2 failed with ENOTFOUND
233 http fetch GET https://registry.npmjs.org/@next/env/-/env-16.1.1.tgz attempt 2 failed with ENOTFOUND
234 http fetch GET https://registry.npmjs.org/zen-observable-ts/-/zen-observable-ts-1.2.5.tgz attempt 3 failed with ENOTFOUND
235 http fetch GET https://registry.npmjs.org/zen-observable/-/zen-observable-0.8.15.tgz attempt 3 failed with ENOTFOUND
236 http fetch GET https://registry.npmjs.org/rehackt/-/rehackt-0.1.0.tgz attempt 3 failed with ENOTFOUND
237 http fetch GET https://registry.npmjs.org/graphql-tag/-/graphql-tag-2.12.6.tgz attempt 3 failed with ENOTFOUND
238 http fetch GET https://registry.npmjs.org/symbol-observable/-/symbol-observable-4.0.0.tgz attempt 3 failed with ENOTFOUND
239 http fetch GET https://registry.npmjs.org/optimism/-/optimism-0.18.1.tgz attempt 3 failed with ENOTFOUND
240 http fetch GET https://registry.npmjs.org/hoist-non-react-statics/-/hoist-non-react-statics-3.3.2.tgz attempt 3 failed with ENOTFOUND
241 http fetch GET https://registry.npmjs.org/@wry/equality/-/equality-0.5.7.tgz attempt 3 failed with ENOTFOUND
242 http fetch GET https://registry.npmjs.org/@wry/trie/-/trie-0.5.0.tgz attempt 3 failed with ENOTFOUND
243 http fetch GET https://registry.npmjs.org/@wry/context/-/context-0.7.4.tgz attempt 3 failed with ENOTFOUND
244 http fetch GET https://registry.npmjs.org/@wry/caches/-/caches-1.0.1.tgz attempt 3 failed with ENOTFOUND
245 http fetch GET https://registry.npmjs.org/graphql/-/graphql-16.12.0.tgz attempt 3 failed with ENOTFOUND
246 http fetch GET https://registry.npmjs.org/@apollo/client/-/client-3.14.0.tgz attempt 3 failed with ENOTFOUND
247 http fetch GET https://registry.npmjs.org/ts-invariant/-/ts-invariant-0.10.3.tgz attempt 3 failed with ENOTFOUND
248 http fetch GET https://registry.npmjs.org/@next/env/-/env-16.1.1.tgz attempt 3 failed with ENOTFOUND
249 verbose cwd /Users/gdavris/motify-next
250 verbose os Darwin 25.1.0
251 verbose node v20.19.5
252 verbose npm  v10.8.2
253 error Exit handler never called!
254 error This is an error with npm itself. Please report this error at:
255 error   <https://github.com/npm/cli/issues>
256 verbose exit 0
257 info ok
258 error A complete log of this run can be found in: /Users/gdavris/motify-next/.npm-cache/_logs/2025-12-23T16_45_11_641Z-debug-0.log
