0 verbose cli /Users/gdavris/.nvm/versions/node/v20.19.5/bin/node /Users/gdavris/.nvm/versions/node/v20.19.5/bin/npm
1 info using npm@10.8.2
2 info using node@v20.19.5
3 silly config load:file:/Users/gdavris/.nvm/versions/node/v20.19.5/lib/node_modules/npm/npmrc
4 silly config load:file:/Users/gdavris/motify-next/.npmrc
5 silly config load:file:/Users/gdavris/.npmrc
6 silly config load:file:/Users/gdavris/.nvm/versions/node/v20.19.5/etc/npmrc
7 verbose title npm install
8 verbose argv "install" "--cache" "./.npm-cache"
9 verbose logfile logs-max:10 dir:/Users/gdavris/motify-next/.npm-cache/_logs/2025-12-23T16_49_35_009Z-
10 verbose logfile /Users/gdavris/motify-next/.npm-cache/_logs/2025-12-23T16_49_35_009Z-debug-0.log
11 silly packumentCache heap:4345298944 maxSize:1086324736 maxEntrySize:543162368
12 silly logfile done cleaning log files
13 silly idealTree buildDeps
14 silly reify mark retired [
14 silly reify   '/Users/gdavris/motify-next/node_modules/lightningcss-android-arm64'
14 silly reify ]
15 silly reify mark retired [ '/Users/gdavris/motify-next/node_modules/lightningcss-darwin-x64' ]
16 silly reify mark retired [ '/Users/gdavris/motify-next/node_modules/lightningcss-freebsd-x64' ]
17 silly reify mark retired [
17 silly reify   '/Users/gdavris/motify-next/node_modules/lightningcss-linux-arm-gnueabihf'
17 silly reify ]
18 silly reify mark retired [
18 silly reify   '/Users/gdavris/motify-next/node_modules/lightningcss-linux-arm64-musl'
18 silly reify ]
19 silly reify mark retired [
19 silly reify   '/Users/gdavris/motify-next/node_modules/lightningcss-linux-arm64-gnu'
19 silly reify ]
20 silly reify mark retired [
20 silly reify   '/Users/gdavris/motify-next/node_modules/lightningcss-linux-x64-gnu'
20 silly reify ]
21 silly reify mark retired [
21 silly reify   '/Users/gdavris/motify-next/node_modules/lightningcss-win32-x64-msvc'
21 silly reify ]
22 silly reify mark retired [
22 silly reify   '/Users/gdavris/motify-next/node_modules/lightningcss-win32-arm64-msvc'
22 silly reify ]
23 silly reify mark retired [
23 silly reify   '/Users/gdavris/motify-next/node_modules/lightningcss-linux-x64-musl'
23 silly reify ]
24 silly reify mark retired [ '/Users/gdavris/motify-next/node_modules/@img/sharp-darwin-x64' ]
25 silly reify mark retired [
25 silly reify   '/Users/gdavris/motify-next/node_modules/@img/sharp-libvips-linux-arm'
25 silly reify ]
26 silly reify mark retired [
26 silly reify   '/Users/gdavris/motify-next/node_modules/@img/sharp-libvips-darwin-x64'
26 silly reify ]
27 silly reify mark retired [
27 silly reify   '/Users/gdavris/motify-next/node_modules/@img/sharp-libvips-linux-arm64'
27 silly reify ]
28 silly reify mark retired [
28 silly reify   '/Users/gdavris/motify-next/node_modules/@img/sharp-libvips-linux-ppc64'
28 silly reify ]
29 silly reify mark retired [
29 silly reify   '/Users/gdavris/motify-next/node_modules/@img/sharp-libvips-linux-riscv64'
29 silly reify ]
30 silly reify mark retired [
30 silly reify   '/Users/gdavris/motify-next/node_modules/@img/sharp-libvips-linux-s390x'
30 silly reify ]
31 silly reify mark retired [
31 silly reify   '/Users/gdavris/motify-next/node_modules/@img/sharp-libvips-linux-x64'
31 silly reify ]
32 silly reify mark retired [
32 silly reify   '/Users/gdavris/motify-next/node_modules/@img/sharp-libvips-linuxmusl-arm64'
32 silly reify ]
33 silly reify mark retired [
33 silly reify   '/Users/gdavris/motify-next/node_modules/@img/sharp-libvips-linuxmusl-x64'
33 silly reify ]
34 silly reify mark retired [ '/Users/gdavris/motify-next/node_modules/@img/sharp-linux-arm64' ]
35 silly reify mark retired [ '/Users/gdavris/motify-next/node_modules/@img/sharp-linux-arm' ]
36 silly reify mark retired [ '/Users/gdavris/motify-next/node_modules/@img/sharp-linux-ppc64' ]
37 silly reify mark retired [ '/Users/gdavris/motify-next/node_modules/@img/sharp-linux-riscv64' ]
38 silly reify mark retired [ '/Users/gdavris/motify-next/node_modules/@img/sharp-linux-s390x' ]
39 silly reify mark retired [ '/Users/gdavris/motify-next/node_modules/@img/sharp-linux-x64' ]
40 silly reify mark retired [ '/Users/gdavris/motify-next/node_modules/@img/sharp-linuxmusl-x64' ]
41 silly reify mark retired [
41 silly reify   '/Users/gdavris/motify-next/node_modules/@img/sharp-linuxmusl-arm64'
41 silly reify ]
42 silly reify mark retired [ '/Users/gdavris/motify-next/node_modules/@img/sharp-wasm32' ]
43 silly reify mark retired [ '/Users/gdavris/motify-next/node_modules/@img/sharp-win32-arm64' ]
44 silly reify mark retired [ '/Users/gdavris/motify-next/node_modules/@img/sharp-win32-x64' ]
45 silly reify mark retired [ '/Users/gdavris/motify-next/node_modules/@img/sharp-win32-ia32' ]
46 silly reify mark retired [ '/Users/gdavris/motify-next/node_modules/@next/swc-darwin-x64' ]
47 silly reify mark retired [ '/Users/gdavris/motify-next/node_modules/@next/swc-linux-arm64-gnu' ]
48 silly reify mark retired [
48 silly reify   '/Users/gdavris/motify-next/node_modules/@next/swc-linux-arm64-musl'
48 silly reify ]
49 silly reify mark retired [ '/Users/gdavris/motify-next/node_modules/@next/swc-linux-x64-gnu' ]
50 silly reify mark retired [ '/Users/gdavris/motify-next/node_modules/@next/swc-linux-x64-musl' ]
51 silly reify mark retired [
51 silly reify   '/Users/gdavris/motify-next/node_modules/@next/swc-win32-arm64-msvc'
51 silly reify ]
52 silly reify mark retired [ '/Users/gdavris/motify-next/node_modules/@next/swc-win32-x64-msvc' ]
53 silly reify mark retired [
53 silly reify   '/Users/gdavris/motify-next/node_modules/@tailwindcss/oxide-android-arm64'
53 silly reify ]
54 silly reify mark retired [
54 silly reify   '/Users/gdavris/motify-next/node_modules/@tailwindcss/oxide-darwin-x64'
54 silly reify ]
55 silly reify mark retired [
55 silly reify   '/Users/gdavris/motify-next/node_modules/@tailwindcss/oxide-freebsd-x64'
55 silly reify ]
56 silly reify mark retired [
56 silly reify   '/Users/gdavris/motify-next/node_modules/@tailwindcss/oxide-linux-arm-gnueabihf'
56 silly reify ]
57 silly reify mark retired [
57 silly reify   '/Users/gdavris/motify-next/node_modules/@tailwindcss/oxide-linux-arm64-gnu'
57 silly reify ]
58 silly reify mark retired [
58 silly reify   '/Users/gdavris/motify-next/node_modules/@tailwindcss/oxide-linux-arm64-musl'
58 silly reify ]
59 silly reify mark retired [
59 silly reify   '/Users/gdavris/motify-next/node_modules/@tailwindcss/oxide-linux-x64-gnu'
59 silly reify ]
60 silly reify mark retired [
60 silly reify   '/Users/gdavris/motify-next/node_modules/@tailwindcss/oxide-wasm32-wasi'
60 silly reify ]
61 silly reify mark retired [
61 silly reify   '/Users/gdavris/motify-next/node_modules/@tailwindcss/oxide-linux-x64-musl'
61 silly reify ]
62 silly reify mark retired [
62 silly reify   '/Users/gdavris/motify-next/node_modules/@tailwindcss/oxide-win32-arm64-msvc'
62 silly reify ]
63 silly reify mark retired [
63 silly reify   '/Users/gdavris/motify-next/node_modules/@tailwindcss/oxide-win32-x64-msvc'
63 silly reify ]
64 silly reify mark retired [
64 silly reify   '/Users/gdavris/motify-next/node_modules/@unrs/resolver-binding-android-arm-eabi'
64 silly reify ]
65 silly reify mark retired [
65 silly reify   '/Users/gdavris/motify-next/node_modules/@unrs/resolver-binding-android-arm64'
65 silly reify ]
66 silly reify mark retired [
66 silly reify   '/Users/gdavris/motify-next/node_modules/@unrs/resolver-binding-darwin-x64'
66 silly reify ]
67 silly reify mark retired [
67 silly reify   '/Users/gdavris/motify-next/node_modules/@unrs/resolver-binding-linux-arm-gnueabihf'
67 silly reify ]
68 silly reify mark retired [
68 silly reify   '/Users/gdavris/motify-next/node_modules/@unrs/resolver-binding-linux-arm-musleabihf'
68 silly reify ]
69 silly reify mark retired [
69 silly reify   '/Users/gdavris/motify-next/node_modules/@unrs/resolver-binding-linux-arm64-gnu'
69 silly reify ]
70 silly reify mark retired [
70 silly reify   '/Users/gdavris/motify-next/node_modules/@unrs/resolver-binding-freebsd-x64'
70 silly reify ]
71 silly reify mark retired [
71 silly reify   '/Users/gdavris/motify-next/node_modules/@unrs/resolver-binding-linux-arm64-musl'
71 silly reify ]
72 silly reify mark retired [
72 silly reify   '/Users/gdavris/motify-next/node_modules/@unrs/resolver-binding-linux-ppc64-gnu'
72 silly reify ]
73 silly reify mark retired [
73 silly reify   '/Users/gdavris/motify-next/node_modules/@unrs/resolver-binding-linux-riscv64-gnu'
73 silly reify ]
74 silly reify mark retired [
74 silly reify   '/Users/gdavris/motify-next/node_modules/@unrs/resolver-binding-linux-riscv64-musl'
74 silly reify ]
75 silly reify mark retired [
75 silly reify   '/Users/gdavris/motify-next/node_modules/@unrs/resolver-binding-linux-x64-musl'
75 silly reify ]
76 silly reify mark retired [
76 silly reify   '/Users/gdavris/motify-next/node_modules/@unrs/resolver-binding-linux-s390x-gnu'
76 silly reify ]
77 silly reify mark retired [
77 silly reify   '/Users/gdavris/motify-next/node_modules/@unrs/resolver-binding-linux-x64-gnu'
77 silly reify ]
78 silly reify mark retired [
78 silly reify   '/Users/gdavris/motify-next/node_modules/@unrs/resolver-binding-win32-arm64-msvc'
78 silly reify ]
79 silly reify mark retired [
79 silly reify   '/Users/gdavris/motify-next/node_modules/@unrs/resolver-binding-wasm32-wasi'
79 silly reify ]
80 silly reify mark retired [
80 silly reify   '/Users/gdavris/motify-next/node_modules/@unrs/resolver-binding-win32-x64-msvc'
80 silly reify ]
81 silly reify mark retired [
81 silly reify   '/Users/gdavris/motify-next/node_modules/@unrs/resolver-binding-win32-ia32-msvc'
81 silly reify ]
82 silly reify mark retired [
82 silly reify   '/Users/gdavris/motify-next/node_modules/acorn',
82 silly reify   '/Users/gdavris/motify-next/node_modules/.bin/acorn'
82 silly reify ]
83 silly reify mark retired [
83 silly reify   '/Users/gdavris/motify-next/node_modules/baseline-browser-mapping',
83 silly reify   '/Users/gdavris/motify-next/node_modules/.bin/baseline-browser-mapping'
83 silly reify ]
84 silly reify mark retired [
84 silly reify   '/Users/gdavris/motify-next/node_modules/browserslist',
84 silly reify   '/Users/gdavris/motify-next/node_modules/.bin/browserslist'
84 silly reify ]
85 silly reify mark retired [
85 silly reify   '/Users/gdavris/motify-next/node_modules/eslint',
85 silly reify   '/Users/gdavris/motify-next/node_modules/.bin/eslint'
85 silly reify ]
86 silly reify mark retired [
86 silly reify   '/Users/gdavris/motify-next/node_modules/eslint-plugin-react/node_modules/resolve',
86 silly reify   '/Users/gdavris/motify-next/node_modules/eslint-plugin-react/node_modules/.bin/resolve'
86 silly reify ]
87 silly reify mark retired [
87 silly reify   '/Users/gdavris/motify-next/node_modules/is-bun-module/node_modules/semver',
87 silly reify   '/Users/gdavris/motify-next/node_modules/is-bun-module/node_modules/.bin/semver'
87 silly reify ]
88 silly reify mark retired [
88 silly reify   '/Users/gdavris/motify-next/node_modules/jiti',
88 silly reify   '/Users/gdavris/motify-next/node_modules/.bin/jiti'
88 silly reify ]
89 silly reify mark retired [
89 silly reify   '/Users/gdavris/motify-next/node_modules/js-yaml',
89 silly reify   '/Users/gdavris/motify-next/node_modules/.bin/js-yaml'
89 silly reify ]
90 silly reify mark retired [
90 silly reify   '/Users/gdavris/motify-next/node_modules/jsesc',
90 silly reify   '/Users/gdavris/motify-next/node_modules/.bin/jsesc'
90 silly reify ]
91 silly reify mark retired [
91 silly reify   '/Users/gdavris/motify-next/node_modules/json5',
91 silly reify   '/Users/gdavris/motify-next/node_modules/.bin/json5'
91 silly reify ]
92 silly reify mark retired [
92 silly reify   '/Users/gdavris/motify-next/node_modules/loose-envify',
92 silly reify   '/Users/gdavris/motify-next/node_modules/.bin/loose-envify'
92 silly reify ]
93 silly reify mark retired [
93 silly reify   '/Users/gdavris/motify-next/node_modules/nanoid',
93 silly reify   '/Users/gdavris/motify-next/node_modules/.bin/nanoid'
93 silly reify ]
94 silly reify mark retired [
94 silly reify   '/Users/gdavris/motify-next/node_modules/next',
94 silly reify   '/Users/gdavris/motify-next/node_modules/.bin/next'
94 silly reify ]
95 silly reify mark retired [
95 silly reify   '/Users/gdavris/motify-next/node_modules/napi-postinstall',
95 silly reify   '/Users/gdavris/motify-next/node_modules/.bin/napi-postinstall'
95 silly reify ]
96 silly reify mark retired [
96 silly reify   '/Users/gdavris/motify-next/node_modules/resolve',
96 silly reify   '/Users/gdavris/motify-next/node_modules/.bin/resolve'
96 silly reify ]
97 silly reify mark retired [
97 silly reify   '/Users/gdavris/motify-next/node_modules/semver',
97 silly reify   '/Users/gdavris/motify-next/node_modules/.bin/semver'
97 silly reify ]
98 silly reify mark retired [
98 silly reify   '/Users/gdavris/motify-next/node_modules/sharp/node_modules/semver',
98 silly reify   '/Users/gdavris/motify-next/node_modules/sharp/node_modules/.bin/semver'
98 silly reify ]
99 silly reify mark retired [
99 silly reify   '/Users/gdavris/motify-next/node_modules/tsconfig-paths/node_modules/json5',
99 silly reify   '/Users/gdavris/motify-next/node_modules/tsconfig-paths/node_modules/.bin/json5'
99 silly reify ]
100 silly reify mark retired [
100 silly reify   '/Users/gdavris/motify-next/node_modules/typescript',
100 silly reify   '/Users/gdavris/motify-next/node_modules/.bin/tsc',
100 silly reify   '/Users/gdavris/motify-next/node_modules/.bin/tsserver'
100 silly reify ]
101 silly reify mark retired [
101 silly reify   '/Users/gdavris/motify-next/node_modules/update-browserslist-db',
101 silly reify   '/Users/gdavris/motify-next/node_modules/.bin/update-browserslist-db'
101 silly reify ]
102 silly reify mark retired [
102 silly reify   '/Users/gdavris/motify-next/node_modules/which',
102 silly reify   '/Users/gdavris/motify-next/node_modules/.bin/node-which'
102 silly reify ]
103 silly reify mark retired [
103 silly reify   '/Users/gdavris/motify-next/node_modules/@babel/parser',
103 silly reify   '/Users/gdavris/motify-next/node_modules/.bin/parser'
103 silly reify ]
104 silly reify mark retired [
104 silly reify   '/Users/gdavris/motify-next/node_modules/@typescript-eslint/typescript-estree/node_modules/semver',
104 silly reify   '/Users/gdavris/motify-next/node_modules/@typescript-eslint/typescript-estree/node_modules/.bin/semver'
104 silly reify ]
105 silly reify moves {
105 silly reify   '/Users/gdavris/motify-next/node_modules/lightningcss-android-arm64': '/Users/gdavris/motify-next/node_modules/.lightningcss-android-arm64-VJVuLABE',
105 silly reify   '/Users/gdavris/motify-next/node_modules/lightningcss-darwin-x64': '/Users/gdavris/motify-next/node_modules/.lightningcss-darwin-x64-PqY8GaMy',
105 silly reify   '/Users/gdavris/motify-next/node_modules/lightningcss-freebsd-x64': '/Users/gdavris/motify-next/node_modules/.lightningcss-freebsd-x64-4uPzzJDP',
105 silly reify   '/Users/gdavris/motify-next/node_modules/lightningcss-linux-arm-gnueabihf': '/Users/gdavris/motify-next/node_modules/.lightningcss-linux-arm-gnueabihf-4ilFedIT',
105 silly reify   '/Users/gdavris/motify-next/node_modules/lightningcss-linux-arm64-musl': '/Users/gdavris/motify-next/node_modules/.lightningcss-linux-arm64-musl-ek5eAhjj',
105 silly reify   '/Users/gdavris/motify-next/node_modules/lightningcss-linux-arm64-gnu': '/Users/gdavris/motify-next/node_modules/.lightningcss-linux-arm64-gnu-VReEwFsj',
105 silly reify   '/Users/gdavris/motify-next/node_modules/lightningcss-linux-x64-gnu': '/Users/gdavris/motify-next/node_modules/.lightningcss-linux-x64-gnu-fA46fP7S',
105 silly reify   '/Users/gdavris/motify-next/node_modules/lightningcss-win32-x64-msvc': '/Users/gdavris/motify-next/node_modules/.lightningcss-win32-x64-msvc-4hzgR0j4',
105 silly reify   '/Users/gdavris/motify-next/node_modules/lightningcss-win32-arm64-msvc': '/Users/gdavris/motify-next/node_modules/.lightningcss-win32-arm64-msvc-P2hPlcyO',
105 silly reify   '/Users/gdavris/motify-next/node_modules/lightningcss-linux-x64-musl': '/Users/gdavris/motify-next/node_modules/.lightningcss-linux-x64-musl-fE5dZF2c',
105 silly reify   '/Users/gdavris/motify-next/node_modules/@img/sharp-darwin-x64': '/Users/gdavris/motify-next/node_modules/@img/.sharp-darwin-x64-ekepEyAl',
105 silly reify   '/Users/gdavris/motify-next/node_modules/@img/sharp-libvips-linux-arm': '/Users/gdavris/motify-next/node_modules/@img/.sharp-libvips-linux-arm-H4BmTmto',
105 silly reify   '/Users/gdavris/motify-next/node_modules/@img/sharp-libvips-darwin-x64': '/Users/gdavris/motify-next/node_modules/@img/.sharp-libvips-darwin-x64-4Umltvd5',
105 silly reify   '/Users/gdavris/motify-next/node_modules/@img/sharp-libvips-linux-arm64': '/Users/gdavris/motify-next/node_modules/@img/.sharp-libvips-linux-arm64-gq3LHEay',
105 silly reify   '/Users/gdavris/motify-next/node_modules/@img/sharp-libvips-linux-ppc64': '/Users/gdavris/motify-next/node_modules/@img/.sharp-libvips-linux-ppc64-bTwkkDOg',
105 silly reify   '/Users/gdavris/motify-next/node_modules/@img/sharp-libvips-linux-riscv64': '/Users/gdavris/motify-next/node_modules/@img/.sharp-libvips-linux-riscv64-JGH1CZCc',
105 silly reify   '/Users/gdavris/motify-next/node_modules/@img/sharp-libvips-linux-s390x': '/Users/gdavris/motify-next/node_modules/@img/.sharp-libvips-linux-s390x-JilgPNR1',
105 silly reify   '/Users/gdavris/motify-next/node_modules/@img/sharp-libvips-linux-x64': '/Users/gdavris/motify-next/node_modules/@img/.sharp-libvips-linux-x64-ZFPEtRiY',
105 silly reify   '/Users/gdavris/motify-next/node_modules/@img/sharp-libvips-linuxmusl-arm64': '/Users/gdavris/motify-next/node_modules/@img/.sharp-libvips-linuxmusl-arm64-SlSI5DXn',
105 silly reify   '/Users/gdavris/motify-next/node_modules/@img/sharp-libvips-linuxmusl-x64': '/Users/gdavris/motify-next/node_modules/@img/.sharp-libvips-linuxmusl-x64-esor8I78',
105 silly reify   '/Users/gdavris/motify-next/node_modules/@img/sharp-linux-arm64': '/Users/gdavris/motify-next/node_modules/@img/.sharp-linux-arm64-WZFh869U',
105 silly reify   '/Users/gdavris/motify-next/node_modules/@img/sharp-linux-arm': '/Users/gdavris/motify-next/node_modules/@img/.sharp-linux-arm-2RRtswSD',
105 silly reify   '/Users/gdavris/motify-next/node_modules/@img/sharp-linux-ppc64': '/Users/gdavris/motify-next/node_modules/@img/.sharp-linux-ppc64-sYbZDpDM',
105 silly reify   '/Users/gdavris/motify-next/node_modules/@img/sharp-linux-riscv64': '/Users/gdavris/motify-next/node_modules/@img/.sharp-linux-riscv64-fdNB1HvW',
105 silly reify   '/Users/gdavris/motify-next/node_modules/@img/sharp-linux-s390x': '/Users/gdavris/motify-next/node_modules/@img/.sharp-linux-s390x-8nCLem8z',
105 silly reify   '/Users/gdavris/motify-next/node_modules/@img/sharp-linux-x64': '/Users/gdavris/motify-next/node_modules/@img/.sharp-linux-x64-EVUlUMIL',
105 silly reify   '/Users/gdavris/motify-next/node_modules/@img/sharp-linuxmusl-x64': '/Users/gdavris/motify-next/node_modules/@img/.sharp-linuxmusl-x64-i5s8WFb7',
105 silly reify   '/Users/gdavris/motify-next/node_modules/@img/sharp-linuxmusl-arm64': '/Users/gdavris/motify-next/node_modules/@img/.sharp-linuxmusl-arm64-AjCdaYIM',
105 silly reify   '/Users/gdavris/motify-next/node_modules/@img/sharp-wasm32': '/Users/gdavris/motify-next/node_modules/@img/.sharp-wasm32-u15IwNkL',
105 silly reify   '/Users/gdavris/motify-next/node_modules/@img/sharp-win32-arm64': '/Users/gdavris/motify-next/node_modules/@img/.sharp-win32-arm64-3oisTDO0',
105 silly reify   '/Users/gdavris/motify-next/node_modules/@img/sharp-win32-x64': '/Users/gdavris/motify-next/node_modules/@img/.sharp-win32-x64-uPgLtlRz',
105 silly reify   '/Users/gdavris/motify-next/node_modules/@img/sharp-win32-ia32': '/Users/gdavris/motify-next/node_modules/@img/.sharp-win32-ia32-DyLt5UqA',
105 silly reify   '/Users/gdavris/motify-next/node_modules/@next/swc-darwin-x64': '/Users/gdavris/motify-next/node_modules/@next/.swc-darwin-x64-Pj2NhDvJ',
105 silly reify   '/Users/gdavris/motify-next/node_modules/@next/swc-linux-arm64-gnu': '/Users/gdavris/motify-next/node_modules/@next/.swc-linux-arm64-gnu-JXM8waKX',
105 silly reify   '/Users/gdavris/motify-next/node_modules/@next/swc-linux-arm64-musl': '/Users/gdavris/motify-next/node_modules/@next/.swc-linux-arm64-musl-RzkDSG4O',
105 silly reify   '/Users/gdavris/motify-next/node_modules/@next/swc-linux-x64-gnu': '/Users/gdavris/motify-next/node_modules/@next/.swc-linux-x64-gnu-z85Pcyh7',
105 silly reify   '/Users/gdavris/motify-next/node_modules/@next/swc-linux-x64-musl': '/Users/gdavris/motify-next/node_modules/@next/.swc-linux-x64-musl-108JqKGI',
105 silly reify   '/Users/gdavris/motify-next/node_modules/@next/swc-win32-arm64-msvc': '/Users/gdavris/motify-next/node_modules/@next/.swc-win32-arm64-msvc-dQAXIFcD',
105 silly reify   '/Users/gdavris/motify-next/node_modules/@next/swc-win32-x64-msvc': '/Users/gdavris/motify-next/node_modules/@next/.swc-win32-x64-msvc-ADdhA5KB',
105 silly reify   '/Users/gdavris/motify-next/node_modules/@tailwindcss/oxide-android-arm64': '/Users/gdavris/motify-next/node_modules/@tailwindcss/.oxide-android-arm64-VtQp1jcd',
105 silly reify   '/Users/gdavris/motify-next/node_modules/@tailwindcss/oxide-darwin-x64': '/Users/gdavris/motify-next/node_modules/@tailwindcss/.oxide-darwin-x64-Wxr8uCxE',
105 silly reify   '/Users/gdavris/motify-next/node_modules/@tailwindcss/oxide-freebsd-x64': '/Users/gdavris/motify-next/node_modules/@tailwindcss/.oxide-freebsd-x64-qCWA73hi',
105 silly reify   '/Users/gdavris/motify-next/node_modules/@tailwindcss/oxide-linux-arm-gnueabihf': '/Users/gdavris/motify-next/node_modules/@tailwindcss/.oxide-linux-arm-gnueabihf-LcajSDmO',
105 silly reify   '/Users/gdavris/motify-next/node_modules/@tailwindcss/oxide-linux-arm64-gnu': '/Users/gdavris/motify-next/node_modules/@tailwindcss/.oxide-linux-arm64-gnu-cf7vgrun',
105 silly reify   '/Users/gdavris/motify-next/node_modules/@tailwindcss/oxide-linux-arm64-musl': '/Users/gdavris/motify-next/node_modules/@tailwindcss/.oxide-linux-arm64-musl-0wwADLsP',
105 silly reify   '/Users/gdavris/motify-next/node_modules/@tailwindcss/oxide-linux-x64-gnu': '/Users/gdavris/motify-next/node_modules/@tailwindcss/.oxide-linux-x64-gnu-ZGbNvlqc',
105 silly reify   '/Users/gdavris/motify-next/node_modules/@tailwindcss/oxide-wasm32-wasi': '/Users/gdavris/motify-next/node_modules/@tailwindcss/.oxide-wasm32-wasi-7kM729Sj',
105 silly reify   '/Users/gdavris/motify-next/node_modules/@tailwindcss/oxide-linux-x64-musl': '/Users/gdavris/motify-next/node_modules/@tailwindcss/.oxide-linux-x64-musl-87iLR0Pw',
105 silly reify   '/Users/gdavris/motify-next/node_modules/@tailwindcss/oxide-win32-arm64-msvc': '/Users/gdavris/motify-next/node_modules/@tailwindcss/.oxide-win32-arm64-msvc-86KBtmNK',
105 silly reify   '/Users/gdavris/motify-next/node_modules/@tailwindcss/oxide-win32-x64-msvc': '/Users/gdavris/motify-next/node_modules/@tailwindcss/.oxide-win32-x64-msvc-Ircw7U7S',
105 silly reify   '/Users/gdavris/motify-next/node_modules/@unrs/resolver-binding-android-arm-eabi': '/Users/gdavris/motify-next/node_modules/@unrs/.resolver-binding-android-arm-eabi-jmtjeP0n',
105 silly reify   '/Users/gdavris/motify-next/node_modules/@unrs/resolver-binding-android-arm64': '/Users/gdavris/motify-next/node_modules/@unrs/.resolver-binding-android-arm64-0uBsUXri',
105 silly reify   '/Users/gdavris/motify-next/node_modules/@unrs/resolver-binding-darwin-x64': '/Users/gdavris/motify-next/node_modules/@unrs/.resolver-binding-darwin-x64-VmRVaq8A',
105 silly reify   '/Users/gdavris/motify-next/node_modules/@unrs/resolver-binding-linux-arm-gnueabihf': '/Users/gdavris/motify-next/node_modules/@unrs/.resolver-binding-linux-arm-gnueabihf-2mRDr0h5',
105 silly reify   '/Users/gdavris/motify-next/node_modules/@unrs/resolver-binding-linux-arm-musleabihf': '/Users/gdavris/motify-next/node_modules/@unrs/.resolver-binding-linux-arm-musleabihf-L6PfTc6l',
105 silly reify   '/Users/gdavris/motify-next/node_modules/@unrs/resolver-binding-linux-arm64-gnu': '/Users/gdavris/motify-next/node_modules/@unrs/.resolver-binding-linux-arm64-gnu-QMFxTzFa',
105 silly reify   '/Users/gdavris/motify-next/node_modules/@unrs/resolver-binding-freebsd-x64': '/Users/gdavris/motify-next/node_modules/@unrs/.resolver-binding-freebsd-x64-kgIvu5pn',
105 silly reify   '/Users/gdavris/motify-next/node_modules/@unrs/resolver-binding-linux-arm64-musl': '/Users/gdavris/motify-next/node_modules/@unrs/.resolver-binding-linux-arm64-musl-aTrapKLr',
105 silly reify   '/Users/gdavris/motify-next/node_modules/@unrs/resolver-binding-linux-ppc64-gnu': '/Users/gdavris/motify-next/node_modules/@unrs/.resolver-binding-linux-ppc64-gnu-DCH3Ts5X',
105 silly reify   '/Users/gdavris/motify-next/node_modules/@unrs/resolver-binding-linux-riscv64-gnu': '/Users/gdavris/motify-next/node_modules/@unrs/.resolver-binding-linux-riscv64-gnu-1PfgLbtD',
105 silly reify   '/Users/gdavris/motify-next/node_modules/@unrs/resolver-binding-linux-riscv64-musl': '/Users/gdavris/motify-next/node_modules/@unrs/.resolver-binding-linux-riscv64-musl-QNp3P9U8',
105 silly reify   '/Users/gdavris/motify-next/node_modules/@unrs/resolver-binding-linux-x64-musl': '/Users/gdavris/motify-next/node_modules/@unrs/.resolver-binding-linux-x64-musl-sMjn27yV',
105 silly reify   '/Users/gdavris/motify-next/node_modules/@unrs/resolver-binding-linux-s390x-gnu': '/Users/gdavris/motify-next/node_modules/@unrs/.resolver-binding-linux-s390x-gnu-As3tJh23',
105 silly reify   '/Users/gdavris/motify-next/node_modules/@unrs/resolver-binding-linux-x64-gnu': '/Users/gdavris/motify-next/node_modules/@unrs/.resolver-binding-linux-x64-gnu-sTFQxmsK',
105 silly reify   '/Users/gdavris/motify-next/node_modules/@unrs/resolver-binding-win32-arm64-msvc': '/Users/gdavris/motify-next/node_modules/@unrs/.resolver-binding-win32-arm64-msvc-Ey4JSWHl',
105 silly reify   '/Users/gdavris/motify-next/node_modules/@unrs/resolver-binding-wasm32-wasi': '/Users/gdavris/motify-next/node_modules/@unrs/.resolver-binding-wasm32-wasi-mlAO34gV',
105 silly reify   '/Users/gdavris/motify-next/node_modules/@unrs/resolver-binding-win32-x64-msvc': '/Users/gdavris/motify-next/node_modules/@unrs/.resolver-binding-win32-x64-msvc-vfOAyKLP',
105 silly reify   '/Users/gdavris/motify-next/node_modules/@unrs/resolver-binding-win32-ia32-msvc': '/Users/gdavris/motify-next/node_modules/@unrs/.resolver-binding-win32-ia32-msvc-4de8OYRB',
105 silly reify   '/Users/gdavris/motify-next/node_modules/acorn': '/Users/gdavris/motify-next/node_modules/.acorn-pfhIIwv7',
105 silly reify   '/Users/gdavris/motify-next/node_modules/.bin/acorn': '/Users/gdavris/motify-next/node_modules/.bin/.acorn-qZSII1iD',
105 silly reify   '/Users/gdavris/motify-next/node_modules/baseline-browser-mapping': '/Users/gdavris/motify-next/node_modules/.baseline-browser-mapping-tzXIDZAh',
105 silly reify   '/Users/gdavris/motify-next/node_modules/.bin/baseline-browser-mapping': '/Users/gdavris/motify-next/node_modules/.bin/.baseline-browser-mapping-mVSXoHL2',
105 silly reify   '/Users/gdavris/motify-next/node_modules/browserslist': '/Users/gdavris/motify-next/node_modules/.browserslist-Ohj2lezJ',
105 silly reify   '/Users/gdavris/motify-next/node_modules/.bin/browserslist': '/Users/gdavris/motify-next/node_modules/.bin/.browserslist-KyCIPnHM',
105 silly reify   '/Users/gdavris/motify-next/node_modules/eslint': '/Users/gdavris/motify-next/node_modules/.eslint-TvrVYwlk',
105 silly reify   '/Users/gdavris/motify-next/node_modules/.bin/eslint': '/Users/gdavris/motify-next/node_modules/.bin/.eslint-1KOVuYM5',
105 silly reify   '/Users/gdavris/motify-next/node_modules/eslint-plugin-react/node_modules/resolve': '/Users/gdavris/motify-next/node_modules/eslint-plugin-react/node_modules/.resolve-6LVzqGUz',
105 silly reify   '/Users/gdavris/motify-next/node_modules/eslint-plugin-react/node_modules/.bin/resolve': '/Users/gdavris/motify-next/node_modules/eslint-plugin-react/node_modules/.bin/.resolve-JWzGtAog',
105 silly reify   '/Users/gdavris/motify-next/node_modules/is-bun-module/node_modules/semver': '/Users/gdavris/motify-next/node_modules/is-bun-module/node_modules/.semver-YAVsSa5j',
105 silly reify   '/Users/gdavris/motify-next/node_modules/is-bun-module/node_modules/.bin/semver': '/Users/gdavris/motify-next/node_modules/is-bun-module/node_modules/.bin/.semver-yhqBO9jG',
105 silly reify   '/Users/gdavris/motify-next/node_modules/jiti': '/Users/gdavris/motify-next/node_modules/.jiti-LxUFtmQt',
105 silly reify   '/Users/gdavris/motify-next/node_modules/.bin/jiti': '/Users/gdavris/motify-next/node_modules/.bin/.jiti-mnHrvcCg',
105 silly reify   '/Users/gdavris/motify-next/node_modules/js-yaml': '/Users/gdavris/motify-next/node_modules/.js-yaml-dV0SHfdN',
105 silly reify   '/Users/gdavris/motify-next/node_modules/.bin/js-yaml': '/Users/gdavris/motify-next/node_modules/.bin/.js-yaml-IjutT6eh',
105 silly reify   '/Users/gdavris/motify-next/node_modules/jsesc': '/Users/gdavris/motify-next/node_modules/.jsesc-BTp7oVdL',
105 silly reify   '/Users/gdavris/motify-next/node_modules/.bin/jsesc': '/Users/gdavris/motify-next/node_modules/.bin/.jsesc-Pn2Yyi7Q',
105 silly reify   '/Users/gdavris/motify-next/node_modules/json5': '/Users/gdavris/motify-next/node_modules/.json5-zZOvZ9gQ',
105 silly reify   '/Users/gdavris/motify-next/node_modules/.bin/json5': '/Users/gdavris/motify-next/node_modules/.bin/.json5-fLhVqeCW',
105 silly reify   '/Users/gdavris/motify-next/node_modules/loose-envify': '/Users/gdavris/motify-next/node_modules/.loose-envify-QHRMj5iQ',
105 silly reify   '/Users/gdavris/motify-next/node_modules/.bin/loose-envify': '/Users/gdavris/motify-next/node_modules/.bin/.loose-envify-sYf3jENK',
105 silly reify   '/Users/gdavris/motify-next/node_modules/nanoid': '/Users/gdavris/motify-next/node_modules/.nanoid-sheuH4gw',
105 silly reify   '/Users/gdavris/motify-next/node_modules/.bin/nanoid': '/Users/gdavris/motify-next/node_modules/.bin/.nanoid-dVL3Lkun',
105 silly reify   '/Users/gdavris/motify-next/node_modules/next': '/Users/gdavris/motify-next/node_modules/.next-Xi9sU4Cu',
105 silly reify   '/Users/gdavris/motify-next/node_modules/.bin/next': '/Users/gdavris/motify-next/node_modules/.bin/.next-9QrjSmyk',
105 silly reify   '/Users/gdavris/motify-next/node_modules/napi-postinstall': '/Users/gdavris/motify-next/node_modules/.napi-postinstall-T2OeKc0i',
105 silly reify   '/Users/gdavris/motify-next/node_modules/.bin/napi-postinstall': '/Users/gdavris/motify-next/node_modules/.bin/.napi-postinstall-h1weLyAB',
105 silly reify   '/Users/gdavris/motify-next/node_modules/resolve': '/Users/gdavris/motify-next/node_modules/.resolve-iroSm6f5',
105 silly reify   '/Users/gdavris/motify-next/node_modules/.bin/resolve': '/Users/gdavris/motify-next/node_modules/.bin/.resolve-nRXfERdX',
105 silly reify   '/Users/gdavris/motify-next/node_modules/semver': '/Users/gdavris/motify-next/node_modules/.semver-4UeNxvuo',
105 silly reify   '/Users/gdavris/motify-next/node_modules/.bin/semver': '/Users/gdavris/motify-next/node_modules/.bin/.semver-xg5bymYF',
105 silly reify   '/Users/gdavris/motify-next/node_modules/sharp/node_modules/semver': '/Users/gdavris/motify-next/node_modules/sharp/node_modules/.semver-Kte78GFs',
105 silly reify   '/Users/gdavris/motify-next/node_modules/sharp/node_modules/.bin/semver': '/Users/gdavris/motify-next/node_modules/sharp/node_modules/.bin/.semver-TO7cdaMS',
105 silly reify   '/Users/gdavris/motify-next/node_modules/tsconfig-paths/node_modules/json5': '/Users/gdavris/motify-next/node_modules/tsconfig-paths/node_modules/.json5-dmeK1EWG',
105 silly reify   '/Users/gdavris/motify-next/node_modules/tsconfig-paths/node_modules/.bin/json5': '/Users/gdavris/motify-next/node_modules/tsconfig-paths/node_modules/.bin/.json5-yCsjPO7O',
105 silly reify   '/Users/gdavris/motify-next/node_modules/typescript': '/Users/gdavris/motify-next/node_modules/.typescript-cxHPN0Cb',
105 silly reify   '/Users/gdavris/motify-next/node_modules/.bin/tsc': '/Users/gdavris/motify-next/node_modules/.bin/.tsc-MRRqDcLd',
105 silly reify   '/Users/gdavris/motify-next/node_modules/.bin/tsserver': '/Users/gdavris/motify-next/node_modules/.bin/.tsserver-p56OAUxn',
105 silly reify   '/Users/gdavris/motify-next/node_modules/update-browserslist-db': '/Users/gdavris/motify-next/node_modules/.update-browserslist-db-PJViVoYm',
105 silly reify   '/Users/gdavris/motify-next/node_modules/.bin/update-browserslist-db': '/Users/gdavris/motify-next/node_modules/.bin/.update-browserslist-db-HknccQVF',
105 silly reify   '/Users/gdavris/motify-next/node_modules/which': '/Users/gdavris/motify-next/node_modules/.which-ZrZC6iv4',
105 silly reify   '/Users/gdavris/motify-next/node_modules/.bin/node-which': '/Users/gdavris/motify-next/node_modules/.bin/.node-which-sGNXMgan',
105 silly reify   '/Users/gdavris/motify-next/node_modules/@babel/parser': '/Users/gdavris/motify-next/node_modules/@babel/.parser-8DOKN5Z6',
105 silly reify   '/Users/gdavris/motify-next/node_modules/.bin/parser': '/Users/gdavris/motify-next/node_modules/.bin/.parser-rj7glzhD',
105 silly reify   '/Users/gdavris/motify-next/node_modules/@typescript-eslint/typescript-estree/node_modules/semver': '/Users/gdavris/motify-next/node_modules/@typescript-eslint/typescript-estree/node_modules/.semver-t3K67uSH',
105 silly reify   '/Users/gdavris/motify-next/node_modules/@typescript-eslint/typescript-estree/node_modules/.bin/semver': '/Users/gdavris/motify-next/node_modules/@typescript-eslint/typescript-estree/node_modules/.bin/.semver-PDtmGoGl'
105 silly reify }
106 verbose reify failed optional dependency /Users/gdavris/motify-next/node_modules/@tailwindcss/oxide-wasm32-wasi
107 silly reify mark deleted [
107 silly reify   '/Users/gdavris/motify-next/node_modules/@tailwindcss/oxide-wasm32-wasi'
107 silly reify ]
108 verbose reify failed optional dependency /Users/gdavris/motify-next/node_modules/@tailwindcss/oxide-wasm32-wasi/node_modules/@emnapi/core
109 silly reify mark deleted [
109 silly reify   '/Users/gdavris/motify-next/node_modules/@tailwindcss/oxide-wasm32-wasi/node_modules/@emnapi/core'
109 silly reify ]
110 verbose reify failed optional dependency /Users/gdavris/motify-next/node_modules/@tailwindcss/oxide-wasm32-wasi/node_modules/@emnapi/runtime
111 silly reify mark deleted [
111 silly reify   '/Users/gdavris/motify-next/node_modules/@tailwindcss/oxide-wasm32-wasi/node_modules/@emnapi/runtime'
111 silly reify ]
112 verbose reify failed optional dependency /Users/gdavris/motify-next/node_modules/@tailwindcss/oxide-wasm32-wasi/node_modules/@emnapi/wasi-threads
113 silly reify mark deleted [
113 silly reify   '/Users/gdavris/motify-next/node_modules/@tailwindcss/oxide-wasm32-wasi/node_modules/@emnapi/wasi-threads'
113 silly reify ]
114 verbose reify failed optional dependency /Users/gdavris/motify-next/node_modules/@tailwindcss/oxide-wasm32-wasi/node_modules/@napi-rs/wasm-runtime
115 silly reify mark deleted [
115 silly reify   '/Users/gdavris/motify-next/node_modules/@tailwindcss/oxide-wasm32-wasi/node_modules/@napi-rs/wasm-runtime'
115 silly reify ]
116 verbose reify failed optional dependency /Users/gdavris/motify-next/node_modules/@tailwindcss/oxide-wasm32-wasi/node_modules/@tybys/wasm-util
117 silly reify mark deleted [
117 silly reify   '/Users/gdavris/motify-next/node_modules/@tailwindcss/oxide-wasm32-wasi/node_modules/@tybys/wasm-util'
117 silly reify ]
118 verbose reify failed optional dependency /Users/gdavris/motify-next/node_modules/@tailwindcss/oxide-wasm32-wasi/node_modules/tslib
119 silly reify mark deleted [
119 silly reify   '/Users/gdavris/motify-next/node_modules/@tailwindcss/oxide-wasm32-wasi/node_modules/tslib'
119 silly reify ]
120 silly audit bulk request {
120 silly audit   '@alloc/quick-lru': [ '5.2.0' ],
120 silly audit   '@apollo/client': [ '3.14.0' ],
120 silly audit   '@babel/code-frame': [ '7.27.1' ],
120 silly audit   '@babel/compat-data': [ '7.28.5' ],
120 silly audit   '@babel/core': [ '7.28.5' ],
120 silly audit   '@babel/generator': [ '7.28.5' ],
120 silly audit   '@babel/helper-compilation-targets': [ '7.27.2' ],
120 silly audit   '@babel/helper-globals': [ '7.28.0' ],
120 silly audit   '@babel/helper-module-imports': [ '7.27.1' ],
120 silly audit   '@babel/helper-module-transforms': [ '7.28.3' ],
120 silly audit   '@babel/helper-string-parser': [ '7.27.1' ],
120 silly audit   '@babel/helper-validator-identifier': [ '7.28.5' ],
120 silly audit   '@babel/helper-validator-option': [ '7.27.1' ],
120 silly audit   '@babel/helpers': [ '7.28.4' ],
120 silly audit   '@babel/parser': [ '7.28.5' ],
120 silly audit   '@babel/runtime': [ '7.28.4' ],
120 silly audit   '@babel/template': [ '7.27.2' ],
120 silly audit   '@babel/traverse': [ '7.28.5' ],
120 silly audit   '@babel/types': [ '7.28.5' ],
120 silly audit   '@date-fns/tz': [ '1.4.1' ],
120 silly audit   '@emnapi/core': [ '1.7.1', '1.6.0' ],
120 silly audit   '@emnapi/runtime': [ '1.7.1', '1.6.0' ],
120 silly audit   '@emnapi/wasi-threads': [ '1.1.0' ],
120 silly audit   '@eslint-community/eslint-utils': [ '4.9.0' ],
120 silly audit   'eslint-visitor-keys': [ '3.4.3', '4.2.1' ],
120 silly audit   '@eslint-community/regexpp': [ '4.12.2' ],
120 silly audit   '@eslint/config-array': [ '0.21.1' ],
120 silly audit   '@eslint/config-helpers': [ '0.4.2' ],
120 silly audit   '@eslint/core': [ '0.17.0' ],
120 silly audit   '@eslint/eslintrc': [ '3.3.3' ],
120 silly audit   '@eslint/js': [ '9.39.1' ],
120 silly audit   '@eslint/object-schema': [ '2.1.7' ],
120 silly audit   '@eslint/plugin-kit': [ '0.4.1' ],
120 silly audit   '@floating-ui/core': [ '1.7.3' ],
120 silly audit   '@floating-ui/dom': [ '1.7.4' ],
120 silly audit   '@floating-ui/react-dom': [ '2.1.6' ],
120 silly audit   '@floating-ui/utils': [ '0.2.10' ],
120 silly audit   '@fontsource/dm-sans': [ '5.2.8' ],
120 silly audit   '@fontsource/outfit': [ '5.2.8' ],
120 silly audit   '@graphql-typed-document-node/core': [ '3.2.0' ],
120 silly audit   '@hookform/resolvers': [ '5.2.2' ],
120 silly audit   '@humanfs/core': [ '0.19.1' ],
120 silly audit   '@humanfs/node': [ '0.16.7' ],
120 silly audit   '@humanwhocodes/module-importer': [ '1.0.1' ],
120 silly audit   '@humanwhocodes/retry': [ '0.4.3' ],
120 silly audit   '@img/colour': [ '1.0.0' ],
120 silly audit   '@img/sharp-darwin-arm64': [ '0.34.5' ],
120 silly audit   '@img/sharp-darwin-x64': [ '0.34.5' ],
120 silly audit   '@img/sharp-libvips-darwin-arm64': [ '1.2.4' ],
120 silly audit   '@img/sharp-libvips-darwin-x64': [ '1.2.4' ],
120 silly audit   '@img/sharp-libvips-linux-arm': [ '1.2.4' ],
120 silly audit   '@img/sharp-libvips-linux-arm64': [ '1.2.4' ],
120 silly audit   '@img/sharp-libvips-linux-ppc64': [ '1.2.4' ],
120 silly audit   '@img/sharp-libvips-linux-riscv64': [ '1.2.4' ],
120 silly audit   '@img/sharp-libvips-linux-s390x': [ '1.2.4' ],
120 silly audit   '@img/sharp-libvips-linux-x64': [ '1.2.4' ],
120 silly audit   '@img/sharp-libvips-linuxmusl-arm64': [ '1.2.4' ],
120 silly audit   '@img/sharp-libvips-linuxmusl-x64': [ '1.2.4' ],
120 silly audit   '@img/sharp-linux-arm': [ '0.34.5' ],
120 silly audit   '@img/sharp-linux-arm64': [ '0.34.5' ],
120 silly audit   '@img/sharp-linux-ppc64': [ '0.34.5' ],
120 silly audit   '@img/sharp-linux-riscv64': [ '0.34.5' ],
120 silly audit   '@img/sharp-linux-s390x': [ '0.34.5' ],
120 silly audit   '@img/sharp-linux-x64': [ '0.34.5' ],
120 silly audit   '@img/sharp-linuxmusl-arm64': [ '0.34.5' ],
120 silly audit   '@img/sharp-linuxmusl-x64': [ '0.34.5' ],
120 silly audit   '@img/sharp-wasm32': [ '0.34.5' ],
120 silly audit   '@img/sharp-win32-arm64': [ '0.34.5' ],
120 silly audit   '@img/sharp-win32-ia32': [ '0.34.5' ],
120 silly audit   '@img/sharp-win32-x64': [ '0.34.5' ],
120 silly audit   '@jridgewell/gen-mapping': [ '0.3.13' ],
120 silly audit   '@jridgewell/remapping': [ '2.3.5' ],
120 silly audit   '@jridgewell/resolve-uri': [ '3.1.2' ],
120 silly audit   '@jridgewell/sourcemap-codec': [ '1.5.5' ],
120 silly audit   '@jridgewell/trace-mapping': [ '0.3.31' ],
120 silly audit   '@napi-rs/wasm-runtime': [ '0.2.12', '1.0.7' ],
120 silly audit   '@next/env': [ '16.1.1' ],
120 silly audit   '@next/eslint-plugin-next': [ '16.1.1' ],
120 silly audit   '@next/swc-darwin-arm64': [ '16.1.1' ],
120 silly audit   '@next/swc-darwin-x64': [ '16.1.1' ],
120 silly audit   '@next/swc-linux-arm64-gnu': [ '16.1.1' ],
120 silly audit   '@next/swc-linux-arm64-musl': [ '16.1.1' ],
120 silly audit   '@next/swc-linux-x64-gnu': [ '16.1.1' ],
120 silly audit   '@next/swc-linux-x64-musl': [ '16.1.1' ],
120 silly audit   '@next/swc-win32-arm64-msvc': [ '16.1.1' ],
120 silly audit   '@next/swc-win32-x64-msvc': [ '16.1.1' ],
120 silly audit   '@nodelib/fs.scandir': [ '2.1.5' ],
120 silly audit   '@nodelib/fs.stat': [ '2.0.5' ],
120 silly audit   '@nodelib/fs.walk': [ '1.2.8' ],
120 silly audit   '@nolyfill/is-core-module': [ '1.0.39' ],
120 silly audit   '@radix-ui/number': [ '1.1.1' ],
120 silly audit   '@radix-ui/primitive': [ '1.1.3' ],
120 silly audit   '@radix-ui/react-accordion': [ '1.2.12' ],
120 silly audit   '@radix-ui/react-alert-dialog': [ '1.1.15' ],
120 silly audit   '@radix-ui/react-slot': [ '1.2.3', '1.2.4' ],
120 silly audit   '@radix-ui/react-arrow': [ '1.1.7' ],
120 silly audit   '@radix-ui/react-aspect-ratio': [ '1.1.8' ],
120 silly audit   '@radix-ui/react-primitive': [ '2.1.4', '2.1.3' ],
120 silly audit   '@radix-ui/react-avatar': [ '1.1.11' ],
120 silly audit   '@radix-ui/react-context': [ '1.1.3', '1.1.2' ],
120 silly audit   '@radix-ui/react-checkbox': [ '1.3.3' ],
120 silly audit   '@radix-ui/react-collapsible': [ '1.1.12' ],
120 silly audit   '@radix-ui/react-collection': [ '1.1.7' ],
120 silly audit   '@radix-ui/react-compose-refs': [ '1.1.2' ],
120 silly audit   '@radix-ui/react-context-menu': [ '2.2.16' ],
120 silly audit   '@radix-ui/react-dialog': [ '1.1.15' ],
120 silly audit   '@radix-ui/react-direction': [ '1.1.1' ],
120 silly audit   '@radix-ui/react-dismissable-layer': [ '1.1.11' ],
120 silly audit   '@radix-ui/react-dropdown-menu': [ '2.1.16' ],
120 silly audit   '@radix-ui/react-focus-guards': [ '1.1.3' ],
120 silly audit   '@radix-ui/react-focus-scope': [ '1.1.7' ],
120 silly audit   '@radix-ui/react-hover-card': [ '1.1.15' ],
120 silly audit   '@radix-ui/react-id': [ '1.1.1' ],
120 silly audit   '@radix-ui/react-label': [ '2.1.8' ],
120 silly audit   '@radix-ui/react-menu': [ '2.1.16' ],
120 silly audit   '@radix-ui/react-menubar': [ '1.1.16' ],
120 silly audit   '@radix-ui/react-navigation-menu': [ '1.2.14' ],
120 silly audit   '@radix-ui/react-popover': [ '1.1.15' ],
120 silly audit   '@radix-ui/react-popper': [ '1.2.8' ],
120 silly audit   '@radix-ui/react-portal': [ '1.1.9' ],
120 silly audit   '@radix-ui/react-presence': [ '1.1.5' ],
120 silly audit   '@radix-ui/react-progress': [ '1.1.8' ],
120 silly audit   '@radix-ui/react-radio-group': [ '1.3.8' ],
120 silly audit   '@radix-ui/react-roving-focus': [ '1.1.11' ],
120 silly audit   '@radix-ui/react-scroll-area': [ '1.2.10' ],
120 silly audit   '@radix-ui/react-select': [ '2.2.6' ],
120 silly audit   '@radix-ui/react-separator': [ '1.1.8' ],
120 silly audit   '@radix-ui/react-slider': [ '1.3.6' ],
120 silly audit   '@radix-ui/react-switch': [ '1.2.6' ],
120 silly audit   '@radix-ui/react-tabs': [ '1.1.13' ],
120 silly audit   '@radix-ui/react-toggle': [ '1.1.10' ],
120 silly audit   '@radix-ui/react-toggle-group': [ '1.1.11' ],
120 silly audit   '@radix-ui/react-tooltip': [ '1.2.8' ],
120 silly audit   '@radix-ui/react-use-callback-ref': [ '1.1.1' ],
120 silly audit   '@radix-ui/react-use-controllable-state': [ '1.2.2' ],
120 silly audit   '@radix-ui/react-use-effect-event': [ '0.0.2' ],
120 silly audit   '@radix-ui/react-use-escape-keydown': [ '1.1.1' ],
120 silly audit   '@radix-ui/react-use-is-hydrated': [ '0.1.0' ],
120 silly audit   '@radix-ui/react-use-layout-effect': [ '1.1.1' ],
120 silly audit   '@radix-ui/react-use-previous': [ '1.1.1' ],
120 silly audit   '@radix-ui/react-use-rect': [ '1.1.1' ],
120 silly audit   '@radix-ui/react-use-size': [ '1.1.1' ],
120 silly audit   '@radix-ui/react-visually-hidden': [ '1.2.3' ],
120 silly audit   '@radix-ui/rect': [ '1.1.1' ],
120 silly audit   '@rtsao/scc': [ '1.1.0' ],
120 silly audit   '@standard-schema/utils': [ '0.3.0' ],
120 silly audit   '@swc/helpers': [ '0.5.15' ],
120 silly audit   '@tailwindcss/node': [ '4.1.17' ],
120 silly audit   '@tailwindcss/oxide': [ '4.1.17' ],
120 silly audit   '@tailwindcss/oxide-android-arm64': [ '4.1.17' ],
120 silly audit   '@tailwindcss/oxide-darwin-arm64': [ '4.1.17' ],
120 silly audit   '@tailwindcss/oxide-darwin-x64': [ '4.1.17' ],
120 silly audit   '@tailwindcss/oxide-freebsd-x64': [ '4.1.17' ],
120 silly audit   '@tailwindcss/oxide-linux-arm-gnueabihf': [ '4.1.17' ],
120 silly audit   '@tailwindcss/oxide-linux-arm64-gnu': [ '4.1.17' ],
120 silly audit   '@tailwindcss/oxide-linux-arm64-musl': [ '4.1.17' ],
120 silly audit   '@tailwindcss/oxide-linux-x64-gnu': [ '4.1.17' ],
120 silly audit   '@tailwindcss/oxide-linux-x64-musl': [ '4.1.17' ],
120 silly audit   '@tybys/wasm-util': [ '0.10.1' ],
120 silly audit   tslib: [ '2.8.1' ],
120 silly audit   '@tailwindcss/oxide-win32-arm64-msvc': [ '4.1.17' ],
120 silly audit   '@tailwindcss/oxide-win32-x64-msvc': [ '4.1.17' ],
120 silly audit   '@tailwindcss/postcss': [ '4.1.17' ],
120 silly audit   '@tanstack/query-core': [ '5.90.12' ],
120 silly audit   '@tanstack/react-query': [ '5.90.12' ],
120 silly audit   '@types/d3-array': [ '3.2.2' ],
120 silly audit   '@types/d3-color': [ '3.1.3' ],
120 silly audit   '@types/d3-ease': [ '3.0.2' ],
120 silly audit   '@types/d3-interpolate': [ '3.0.4' ],
120 silly audit   '@types/d3-path': [ '3.1.1' ],
120 silly audit   '@types/d3-scale': [ '4.0.9' ],
120 silly audit   '@types/d3-shape': [ '3.1.7' ],
120 silly audit   '@types/d3-time': [ '3.0.4' ],
120 silly audit   '@types/d3-timer': [ '3.0.2' ],
120 silly audit   '@types/estree': [ '1.0.8' ],
120 silly audit   '@types/json-schema': [ '7.0.15' ],
120 silly audit   '@types/json5': [ '0.0.29' ],
120 silly audit   '@types/node': [ '20.19.25' ],
120 silly audit   '@types/react': [ '19.2.7' ],
120 silly audit   '@types/react-dom': [ '19.2.3' ],
120 silly audit   '@typescript-eslint/eslint-plugin': [ '8.48.1' ],
120 silly audit   ignore: [ '7.0.5', '5.3.2' ],
120 silly audit   '@typescript-eslint/parser': [ '8.48.1' ],
120 silly audit   '@typescript-eslint/project-service': [ '8.48.1' ],
120 silly audit   '@typescript-eslint/scope-manager': [ '8.48.1' ],
120 silly audit   '@typescript-eslint/tsconfig-utils': [ '8.48.1' ],
120 silly audit   '@typescript-eslint/type-utils': [ '8.48.1' ],
120 silly audit   '@typescript-eslint/types': [ '8.48.1' ],
120 silly audit   '@typescript-eslint/typescript-estree': [ '8.48.1' ],
120 silly audit   'brace-expansion': [ '2.0.2', '1.1.12' ],
120 silly audit   minimatch: [ '9.0.5', '3.1.2' ],
120 silly audit   semver: [ '7.7.3', '6.3.1' ],
120 silly audit   '@typescript-eslint/utils': [ '8.48.1' ],
120 silly audit   '@typescript-eslint/visitor-keys': [ '8.48.1' ],
120 silly audit   '@unrs/resolver-binding-android-arm-eabi': [ '1.11.1' ],
120 silly audit   '@unrs/resolver-binding-android-arm64': [ '1.11.1' ],
120 silly audit   '@unrs/resolver-binding-darwin-arm64': [ '1.11.1' ],
120 silly audit   '@unrs/resolver-binding-darwin-x64': [ '1.11.1' ],
120 silly audit   '@unrs/resolver-binding-freebsd-x64': [ '1.11.1' ],
120 silly audit   '@unrs/resolver-binding-linux-arm-gnueabihf': [ '1.11.1' ],
120 silly audit   '@unrs/resolver-binding-linux-arm-musleabihf': [ '1.11.1' ],
120 silly audit   '@unrs/resolver-binding-linux-arm64-gnu': [ '1.11.1' ],
120 silly audit   '@unrs/resolver-binding-linux-arm64-musl': [ '1.11.1' ],
120 silly audit   '@unrs/resolver-binding-linux-ppc64-gnu': [ '1.11.1' ],
120 silly audit   '@unrs/resolver-binding-linux-riscv64-gnu': [ '1.11.1' ],
120 silly audit   '@unrs/resolver-binding-linux-riscv64-musl': [ '1.11.1' ],
120 silly audit   '@unrs/resolver-binding-linux-s390x-gnu': [ '1.11.1' ],
120 silly audit   '@unrs/resolver-binding-linux-x64-gnu': [ '1.11.1' ],
120 silly audit   '@unrs/resolver-binding-linux-x64-musl': [ '1.11.1' ],
120 silly audit   '@unrs/resolver-binding-wasm32-wasi': [ '1.11.1' ],
120 silly audit   '@unrs/resolver-binding-win32-arm64-msvc': [ '1.11.1' ],
120 silly audit   '@unrs/resolver-binding-win32-ia32-msvc': [ '1.11.1' ],
120 silly audit   '@unrs/resolver-binding-win32-x64-msvc': [ '1.11.1' ],
120 silly audit   '@wry/caches': [ '1.0.1' ],
120 silly audit   '@wry/context': [ '0.7.4' ],
120 silly audit   '@wry/equality': [ '0.5.7' ],
120 silly audit   '@wry/trie': [ '0.5.0' ],
120 silly audit   acorn: [ '8.15.0' ],
120 silly audit   'acorn-jsx': [ '5.3.2' ],
120 silly audit   ajv: [ '6.12.6' ],
120 silly audit   'ansi-styles': [ '4.3.0' ],
120 silly audit   argparse: [ '2.0.1' ],
120 silly audit   'aria-hidden': [ '1.2.6' ],
120 silly audit   'aria-query': [ '5.3.2' ],
120 silly audit   'array-buffer-byte-length': [ '1.0.2' ],
120 silly audit   'array-includes': [ '3.1.9' ],
120 silly audit   'array.prototype.findlast': [ '1.2.5' ],
120 silly audit   'array.prototype.findlastindex': [ '1.2.6' ],
120 silly audit   'array.prototype.flat': [ '1.3.3' ],
120 silly audit   'array.prototype.flatmap': [ '1.3.3' ],
120 silly audit   'array.prototype.tosorted': [ '1.1.4' ],
120 silly audit   'arraybuffer.prototype.slice': [ '1.0.4' ],
120 silly audit   'ast-types-flow': [ '0.0.8' ],
120 silly audit   'async-function': [ '1.0.0' ],
120 silly audit   'available-typed-arrays': [ '1.0.7' ],
120 silly audit   'axe-core': [ '4.11.0' ],
120 silly audit   'axobject-query': [ '4.1.0' ],
120 silly audit   'balanced-match': [ '1.0.2' ],
120 silly audit   'baseline-browser-mapping': [ '2.9.5' ],
120 silly audit   braces: [ '3.0.3' ],
120 silly audit   browserslist: [ '4.28.1' ],
120 silly audit   'call-bind': [ '1.0.8' ],
120 silly audit   'call-bind-apply-helpers': [ '1.0.2' ],
120 silly audit   'call-bound': [ '1.0.4' ],
120 silly audit   callsites: [ '3.1.0' ],
120 silly audit   'caniuse-lite': [ '1.0.30001759' ],
120 silly audit   chalk: [ '4.1.2' ],
120 silly audit   'class-variance-authority': [ '0.7.1' ],
120 silly audit   'client-only': [ '0.0.1' ],
120 silly audit   clsx: [ '2.1.1' ],
120 silly audit   cmdk: [ '1.1.1' ],
120 silly audit   'color-convert': [ '2.0.1' ],
120 silly audit   'color-name': [ '1.1.4' ],
120 silly audit   'concat-map': [ '0.0.1' ],
120 silly audit   'convert-source-map': [ '2.0.0' ],
120 silly audit   'cross-spawn': [ '7.0.6' ],
120 silly audit   csstype: [ '3.2.3' ],
120 silly audit   'd3-array': [ '3.2.4' ],
120 silly audit   'd3-color': [ '3.1.0' ],
120 silly audit   'd3-ease': [ '3.0.1' ],
120 silly audit   'd3-format': [ '3.1.0' ],
120 silly audit   'd3-interpolate': [ '3.0.1' ],
120 silly audit   'd3-path': [ '3.1.0' ],
120 silly audit   'd3-scale': [ '4.0.2' ],
120 silly audit   'd3-shape': [ '3.2.0' ],
120 silly audit   'd3-time': [ '3.1.0' ],
120 silly audit   'd3-time-format': [ '4.1.0' ],
120 silly audit   'd3-timer': [ '3.0.1' ],
120 silly audit   'damerau-levenshtein': [ '1.0.8' ],
120 silly audit   'data-view-buffer': [ '1.0.2' ],
120 silly audit   'data-view-byte-length': [ '1.0.2' ],
120 silly audit   'data-view-byte-offset': [ '1.0.1' ],
120 silly audit   'date-fns': [ '4.1.0' ],
120 silly audit   'date-fns-jalali': [ '4.1.0-0' ],
120 silly audit   debug: [ '4.4.3', '3.2.7' ],
120 silly audit   'decimal.js-light': [ '2.5.1' ],
120 silly audit   'deep-is': [ '0.1.4' ],
120 silly audit   'define-data-property': [ '1.1.4' ],
120 silly audit   'define-properties': [ '1.2.1' ],
120 silly audit   'detect-libc': [ '2.1.2' ],
120 silly audit   'detect-node-es': [ '1.1.0' ],
120 silly audit   doctrine: [ '2.1.0' ],
120 silly audit   'dom-helpers': [ '5.2.1' ],
120 silly audit   'dunder-proto': [ '1.0.1' ],
120 silly audit   'electron-to-chromium': [ '1.5.266' ],
120 silly audit   'embla-carousel': [ '8.6.0' ],
120 silly audit   'embla-carousel-react': [ '8.6.0' ],
120 silly audit   'embla-carousel-reactive-utils': [ '8.6.0' ],
120 silly audit   'emoji-regex': [ '9.2.2' ],
120 silly audit   'enhanced-resolve': [ '5.18.3' ],
120 silly audit   'es-abstract': [ '1.24.0' ],
120 silly audit   'es-define-property': [ '1.0.1' ],
120 silly audit   'es-errors': [ '1.3.0' ],
120 silly audit   'es-iterator-helpers': [ '1.2.1' ],
120 silly audit   'es-object-atoms': [ '1.1.1' ],
120 silly audit   'es-set-tostringtag': [ '2.1.0' ],
120 silly audit   'es-shim-unscopables': [ '1.1.0' ],
120 silly audit   'es-to-primitive': [ '1.3.0' ],
120 silly audit   escalade: [ '3.2.0' ],
120 silly audit   'escape-string-regexp': [ '4.0.0' ],
120 silly audit   eslint: [ '9.39.1' ],
120 silly audit   'eslint-config-next': [ '16.1.1' ],
120 silly audit   globals: [ '16.4.0', '14.0.0' ],
120 silly audit   'eslint-import-resolver-node': [ '0.3.9' ],
120 silly audit   'eslint-import-resolver-typescript': [ '3.10.1' ],
120 silly audit   'eslint-module-utils': [ '2.12.1' ],
120 silly audit   'eslint-plugin-import': [ '2.32.0' ],
120 silly audit   'eslint-plugin-jsx-a11y': [ '6.10.2' ],
120 silly audit   'eslint-plugin-react': [ '7.37.5' ],
120 silly audit   'eslint-plugin-react-hooks': [ '7.0.1' ],
120 silly audit   resolve: [ '2.0.0-next.5', '1.22.11' ],
120 silly audit   'eslint-scope': [ '8.4.0' ],
120 silly audit   espree: [ '10.4.0' ],
120 silly audit   esquery: [ '1.6.0' ],
120 silly audit   esrecurse: [ '4.3.0' ],
120 silly audit   estraverse: [ '5.3.0' ],
120 silly audit   esutils: [ '2.0.3' ],
120 silly audit   eventemitter3: [ '4.0.7' ],
120 silly audit   'fast-deep-equal': [ '3.1.3' ],
120 silly audit   'fast-equals': [ '5.3.3' ],
120 silly audit   'fast-glob': [ '3.3.1' ],
120 silly audit   'glob-parent': [ '5.1.2', '6.0.2' ],
120 silly audit   'fast-json-stable-stringify': [ '2.1.0' ],
120 silly audit   'fast-levenshtein': [ '2.0.6' ],
120 silly audit   fastq: [ '1.20.1' ],
120 silly audit   'file-entry-cache': [ '8.0.0' ],
120 silly audit   'fill-range': [ '7.1.1' ],
120 silly audit   'find-up': [ '5.0.0' ],
120 silly audit   'flat-cache': [ '4.0.1' ],
120 silly audit   flatted: [ '3.3.3' ],
120 silly audit   'for-each': [ '0.3.5' ],
120 silly audit   'framer-motion': [ '12.23.25' ],
120 silly audit   'function-bind': [ '1.1.2' ],
120 silly audit   'function.prototype.name': [ '1.1.8' ],
120 silly audit   'functions-have-names': [ '1.2.3' ],
120 silly audit   'generator-function': [ '2.0.1' ],
120 silly audit   gensync: [ '1.0.0-beta.2' ],
120 silly audit   'get-intrinsic': [ '1.3.0' ],
120 silly audit   'get-nonce': [ '1.0.1' ],
120 silly audit   'get-proto': [ '1.0.1' ],
120 silly audit   'get-symbol-description': [ '1.1.0' ],
120 silly audit   'get-tsconfig': [ '4.13.0' ],
120 silly audit   globalthis: [ '1.0.4' ],
120 silly audit   gopd: [ '1.2.0' ],
120 silly audit   'graceful-fs': [ '4.2.11' ],
120 silly audit   graphemer: [ '1.4.0' ],
120 silly audit   graphql: [ '16.12.0' ],
120 silly audit   'graphql-tag': [ '2.12.6' ],
120 silly audit   'has-bigints': [ '1.1.0' ],
120 silly audit   'has-flag': [ '4.0.0' ],
120 silly audit   'has-property-descriptors': [ '1.0.2' ],
120 silly audit   'has-proto': [ '1.2.0' ],
120 silly audit   'has-symbols': [ '1.1.0' ],
120 silly audit   'has-tostringtag': [ '1.0.2' ],
120 silly audit   hasown: [ '2.0.2' ],
120 silly audit   'hermes-estree': [ '0.25.1' ],
120 silly audit   'hermes-parser': [ '0.25.1' ],
120 silly audit   'hoist-non-react-statics': [ '3.3.2' ],
120 silly audit   'import-fresh': [ '3.3.1' ],
120 silly audit   imurmurhash: [ '0.1.4' ],
120 silly audit   'input-otp': [ '1.4.2' ],
120 silly audit   'internal-slot': [ '1.1.0' ],
120 silly audit   internmap: [ '2.0.3' ],
120 silly audit   'is-array-buffer': [ '3.0.5' ],
120 silly audit   'is-async-function': [ '2.1.1' ],
120 silly audit   'is-bigint': [ '1.1.0' ],
120 silly audit   'is-boolean-object': [ '1.2.2' ],
120 silly audit   'is-bun-module': [ '2.0.0' ],
120 silly audit   'is-callable': [ '1.2.7' ],
120 silly audit   'is-core-module': [ '2.16.1' ],
120 silly audit   'is-data-view': [ '1.0.2' ],
120 silly audit   'is-date-object': [ '1.1.0' ],
120 silly audit   'is-extglob': [ '2.1.1' ],
120 silly audit   'is-finalizationregistry': [ '1.1.1' ],
120 silly audit   'is-generator-function': [ '1.1.2' ],
120 silly audit   'is-glob': [ '4.0.3' ],
120 silly audit   'is-map': [ '2.0.3' ],
120 silly audit   'is-negative-zero': [ '2.0.3' ],
120 silly audit   'is-number': [ '7.0.0' ],
120 silly audit   'is-number-object': [ '1.1.1' ],
120 silly audit   'is-regex': [ '1.2.1' ],
120 silly audit   'is-set': [ '2.0.3' ],
120 silly audit   'is-shared-array-buffer': [ '1.0.4' ],
120 silly audit   'is-string': [ '1.1.1' ],
120 silly audit   'is-symbol': [ '1.1.1' ],
120 silly audit   'is-typed-array': [ '1.1.15' ],
120 silly audit   'is-weakmap': [ '2.0.2' ],
120 silly audit   'is-weakref': [ '1.1.1' ],
120 silly audit   'is-weakset': [ '2.0.4' ],
120 silly audit   isarray: [ '2.0.5' ],
120 silly audit   isexe: [ '2.0.0' ],
120 silly audit   'iterator.prototype': [ '1.1.5' ],
120 silly audit   jiti: [ '2.6.1' ],
120 silly audit   'js-tokens': [ '4.0.0' ],
120 silly audit   'js-yaml': [ '4.1.1' ],
120 silly audit   jsesc: [ '3.1.0' ],
120 silly audit   'json-buffer': [ '3.0.1' ],
120 silly audit   'json-schema-traverse': [ '0.4.1' ],
120 silly audit   'json-stable-stringify-without-jsonify': [ '1.0.1' ],
120 silly audit   json5: [ '2.2.3', '1.0.2' ],
120 silly audit   'jsx-ast-utils': [ '3.3.5' ],
120 silly audit   keyv: [ '4.5.4' ],
120 silly audit   'language-subtag-registry': [ '0.3.23' ],
120 silly audit   'language-tags': [ '1.0.9' ],
120 silly audit   levn: [ '0.4.1' ],
120 silly audit   lightningcss: [ '1.30.2' ],
120 silly audit   'lightningcss-android-arm64': [ '1.30.2' ],
120 silly audit   'lightningcss-darwin-arm64': [ '1.30.2' ],
120 silly audit   'lightningcss-darwin-x64': [ '1.30.2' ],
120 silly audit   'lightningcss-freebsd-x64': [ '1.30.2' ],
120 silly audit   'lightningcss-linux-arm-gnueabihf': [ '1.30.2' ],
120 silly audit   'lightningcss-linux-arm64-gnu': [ '1.30.2' ],
120 silly audit   'lightningcss-linux-arm64-musl': [ '1.30.2' ],
120 silly audit   'lightningcss-linux-x64-gnu': [ '1.30.2' ],
120 silly audit   'lightningcss-linux-x64-musl': [ '1.30.2' ],
120 silly audit   'lightningcss-win32-arm64-msvc': [ '1.30.2' ],
120 silly audit   'lightningcss-win32-x64-msvc': [ '1.30.2' ],
120 silly audit   'locate-path': [ '6.0.0' ],
120 silly audit   lodash: [ '4.17.21' ],
120 silly audit   'lodash.merge': [ '4.6.2' ],
120 silly audit   'loose-envify': [ '1.4.0' ],
120 silly audit   'lru-cache': [ '5.1.1' ],
120 silly audit   'lucide-react': [ '0.556.0' ],
120 silly audit   'magic-string': [ '0.30.21' ],
120 silly audit   'math-intrinsics': [ '1.1.0' ],
120 silly audit   merge2: [ '1.4.1' ],
120 silly audit   micromatch: [ '4.0.8' ],
120 silly audit   minimist: [ '1.2.8' ],
120 silly audit   'motion-dom': [ '12.23.23' ],
120 silly audit   'motion-utils': [ '12.23.6' ],
120 silly audit   ms: [ '2.1.3' ],
120 silly audit   nanoid: [ '3.3.11' ],
120 silly audit   'napi-postinstall': [ '0.3.4' ],
120 silly audit   'natural-compare': [ '1.4.0' ],
120 silly audit   next: [ '16.1.1' ],
120 silly audit   'next-themes': [ '0.4.6' ],
120 silly audit   postcss: [ '8.4.31', '8.5.6' ],
120 silly audit   'node-releases': [ '2.0.27' ],
120 silly audit   'object-assign': [ '4.1.1' ],
120 silly audit   'object-inspect': [ '1.13.4' ],
120 silly audit   'object-keys': [ '1.1.1' ],
120 silly audit   'object.assign': [ '4.1.7' ],
120 silly audit   'object.entries': [ '1.1.9' ],
120 silly audit   'object.fromentries': [ '2.0.8' ],
120 silly audit   'object.groupby': [ '1.0.3' ],
120 silly audit   'object.values': [ '1.2.1' ],
120 silly audit   optimism: [ '0.18.1' ],
120 silly audit   optionator: [ '0.9.4' ],
120 silly audit   'own-keys': [ '1.0.1' ],
120 silly audit   'p-limit': [ '3.1.0' ],
120 silly audit   'p-locate': [ '5.0.0' ],
120 silly audit   'parent-module': [ '1.0.1' ],
120 silly audit   'path-exists': [ '4.0.0' ],
120 silly audit   'path-key': [ '3.1.1' ],
120 silly audit   'path-parse': [ '1.0.7' ],
120 silly audit   picocolors: [ '1.1.1' ],
120 silly audit   picomatch: [ '2.3.1', '4.0.3' ],
120 silly audit   'possible-typed-array-names': [ '1.1.0' ],
120 silly audit   'prelude-ls': [ '1.2.1' ],
120 silly audit   'prop-types': [ '15.8.1' ],
120 silly audit   punycode: [ '2.3.1' ],
120 silly audit   'queue-microtask': [ '1.2.3' ],
120 silly audit   react: [ '19.2.0' ],
120 silly audit   'react-day-picker': [ '9.12.0' ],
120 silly audit   'react-dom': [ '19.2.0' ],
120 silly audit   'react-hook-form': [ '7.68.0' ],
120 silly audit   'react-is': [ '16.13.1', '18.3.1' ],
120 silly audit   'react-remove-scroll': [ '2.7.2' ],
120 silly audit   'react-remove-scroll-bar': [ '2.3.8' ],
120 silly audit   'react-resizable-panels': [ '3.0.6' ],
120 silly audit   'react-smooth': [ '4.0.4' ],
120 silly audit   'react-style-singleton': [ '2.2.3' ],
120 silly audit   'react-transition-group': [ '4.4.5' ],
120 silly audit   recharts: [ '2.15.4' ],
120 silly audit   'recharts-scale': [ '0.4.5' ],
120 silly audit   'reflect.getprototypeof': [ '1.0.10' ],
120 silly audit   'regexp.prototype.flags': [ '1.5.4' ],
120 silly audit   rehackt: [ '0.1.0' ],
120 silly audit   'resolve-from': [ '4.0.0' ],
120 silly audit   'resolve-pkg-maps': [ '1.0.0' ],
120 silly audit   reusify: [ '1.1.0' ],
120 silly audit   'run-parallel': [ '1.2.0' ],
120 silly audit   'safe-array-concat': [ '1.1.3' ],
120 silly audit   'safe-push-apply': [ '1.0.0' ],
120 silly audit   'safe-regex-test': [ '1.1.0' ],
120 silly audit   scheduler: [ '0.27.0' ],
120 silly audit   'set-function-length': [ '1.2.2' ],
120 silly audit   'set-function-name': [ '2.0.2' ],
120 silly audit   'set-proto': [ '1.0.0' ],
120 silly audit   sharp: [ '0.34.5' ],
120 silly audit   'shebang-command': [ '2.0.0' ],
120 silly audit   'shebang-regex': [ '3.0.0' ],
120 silly audit   'side-channel': [ '1.1.0' ],
120 silly audit   'side-channel-list': [ '1.0.0' ],
120 silly audit   'side-channel-map': [ '1.0.1' ],
120 silly audit   'side-channel-weakmap': [ '1.0.2' ],
120 silly audit   sonner: [ '2.0.7' ],
120 silly audit   'source-map-js': [ '1.2.1' ],
120 silly audit   'stable-hash': [ '0.0.5' ],
120 silly audit   'stop-iteration-iterator': [ '1.1.0' ],
120 silly audit   'string.prototype.includes': [ '2.0.1' ],
120 silly audit   'string.prototype.matchall': [ '4.0.12' ],
120 silly audit   'string.prototype.repeat': [ '1.0.0' ],
120 silly audit   'string.prototype.trim': [ '1.2.10' ],
120 silly audit   'string.prototype.trimend': [ '1.0.9' ],
120 silly audit   'string.prototype.trimstart': [ '1.0.8' ],
120 silly audit   'strip-bom': [ '3.0.0' ],
120 silly audit   'strip-json-comments': [ '3.1.1' ],
120 silly audit   'styled-jsx': [ '5.1.6' ],
120 silly audit   'supports-color': [ '7.2.0' ],
120 silly audit   'supports-preserve-symlinks-flag': [ '1.0.0' ],
120 silly audit   'symbol-observable': [ '4.0.0' ],
120 silly audit   'tailwind-merge': [ '3.4.0' ],
120 silly audit   tailwindcss: [ '4.1.17' ],
120 silly audit   'tailwindcss-animate': [ '1.0.7' ],
120 silly audit   tapable: [ '2.3.0' ],
120 silly audit   'tiny-invariant': [ '1.3.3' ],
120 silly audit   tinyglobby: [ '0.2.15' ],
120 silly audit   fdir: [ '6.5.0' ],
120 silly audit   'to-regex-range': [ '5.0.1' ],
120 silly audit   'ts-api-utils': [ '2.1.0' ],
120 silly audit   'ts-invariant': [ '0.10.3' ],
120 silly audit   'tsconfig-paths': [ '3.15.0' ],
120 silly audit   'tw-animate-css': [ '1.4.0' ],
120 silly audit   'type-check': [ '0.4.0' ],
120 silly audit   'typed-array-buffer': [ '1.0.3' ],
120 silly audit   'typed-array-byte-length': [ '1.0.3' ],
120 silly audit   'typed-array-byte-offset': [ '1.0.4' ],
120 silly audit   'typed-array-length': [ '1.0.7' ],
120 silly audit   typescript: [ '5.9.3' ],
120 silly audit   'typescript-eslint': [ '8.48.1' ],
120 silly audit   'unbox-primitive': [ '1.1.0' ],
120 silly audit   'undici-types': [ '6.21.0' ],
120 silly audit   'unrs-resolver': [ '1.11.1' ],
120 silly audit   'update-browserslist-db': [ '1.2.2' ],
120 silly audit   'uri-js': [ '4.4.1' ],
120 silly audit   'use-callback-ref': [ '1.3.3' ],
120 silly audit   'use-sidecar': [ '1.1.3' ],
120 silly audit   'use-sync-external-store': [ '1.6.0' ],
120 silly audit   vaul: [ '1.1.2' ],
120 silly audit   'victory-vendor': [ '36.9.2' ],
120 silly audit   which: [ '2.0.2' ],
120 silly audit   'which-boxed-primitive': [ '1.1.1' ],
120 silly audit   'which-builtin-type': [ '1.2.1' ],
120 silly audit   'which-collection': [ '1.0.2' ],
120 silly audit   'which-typed-array': [ '1.1.19' ],
120 silly audit   'word-wrap': [ '1.2.5' ],
120 silly audit   yallist: [ '3.1.1' ],
120 silly audit   'yocto-queue': [ '0.1.0' ],
120 silly audit   'zen-observable': [ '0.8.15' ],
120 silly audit   'zen-observable-ts': [ '1.2.5' ],
120 silly audit   zod: [ '4.1.13' ],
120 silly audit   'zod-validation-error': [ '4.0.2' ],
120 silly audit   '@tailwindcss/oxide-wasm32-wasi': [ '4.1.17' ]
120 silly audit }
121 verbose reify failed optional dependency /Users/gdavris/motify-next/node_modules/@unrs/resolver-binding-win32-ia32-msvc
122 silly reify mark deleted [
122 silly reify   '/Users/gdavris/motify-next/node_modules/@unrs/resolver-binding-win32-ia32-msvc'
122 silly reify ]
123 verbose reify failed optional dependency /Users/gdavris/motify-next/node_modules/@unrs/resolver-binding-win32-x64-msvc
124 silly reify mark deleted [
124 silly reify   '/Users/gdavris/motify-next/node_modules/@unrs/resolver-binding-win32-x64-msvc'
124 silly reify ]
125 verbose reify failed optional dependency /Users/gdavris/motify-next/node_modules/@unrs/resolver-binding-wasm32-wasi
126 silly reify mark deleted [
126 silly reify   '/Users/gdavris/motify-next/node_modules/@unrs/resolver-binding-wasm32-wasi'
126 silly reify ]
127 verbose reify failed optional dependency /Users/gdavris/motify-next/node_modules/@napi-rs/wasm-runtime
128 silly reify mark deleted [ '/Users/gdavris/motify-next/node_modules/@napi-rs/wasm-runtime' ]
129 verbose reify failed optional dependency /Users/gdavris/motify-next/node_modules/@emnapi/core
130 silly reify mark deleted [ '/Users/gdavris/motify-next/node_modules/@emnapi/core' ]
131 verbose reify failed optional dependency /Users/gdavris/motify-next/node_modules/@tybys/wasm-util
132 silly reify mark deleted [ '/Users/gdavris/motify-next/node_modules/@tybys/wasm-util' ]
133 verbose reify failed optional dependency /Users/gdavris/motify-next/node_modules/@emnapi/wasi-threads
134 silly reify mark deleted [ '/Users/gdavris/motify-next/node_modules/@emnapi/wasi-threads' ]
135 verbose reify failed optional dependency /Users/gdavris/motify-next/node_modules/@unrs/resolver-binding-win32-arm64-msvc
136 silly reify mark deleted [
136 silly reify   '/Users/gdavris/motify-next/node_modules/@unrs/resolver-binding-win32-arm64-msvc'
136 silly reify ]
137 verbose reify failed optional dependency /Users/gdavris/motify-next/node_modules/@unrs/resolver-binding-linux-x64-gnu
138 silly reify mark deleted [
138 silly reify   '/Users/gdavris/motify-next/node_modules/@unrs/resolver-binding-linux-x64-gnu'
138 silly reify ]
139 verbose reify failed optional dependency /Users/gdavris/motify-next/node_modules/@unrs/resolver-binding-linux-s390x-gnu
140 silly reify mark deleted [
140 silly reify   '/Users/gdavris/motify-next/node_modules/@unrs/resolver-binding-linux-s390x-gnu'
140 silly reify ]
141 verbose reify failed optional dependency /Users/gdavris/motify-next/node_modules/@unrs/resolver-binding-linux-x64-musl
142 silly reify mark deleted [
142 silly reify   '/Users/gdavris/motify-next/node_modules/@unrs/resolver-binding-linux-x64-musl'
142 silly reify ]
143 verbose reify failed optional dependency /Users/gdavris/motify-next/node_modules/@unrs/resolver-binding-linux-riscv64-musl
144 silly reify mark deleted [
144 silly reify   '/Users/gdavris/motify-next/node_modules/@unrs/resolver-binding-linux-riscv64-musl'
144 silly reify ]
145 verbose reify failed optional dependency /Users/gdavris/motify-next/node_modules/@unrs/resolver-binding-linux-riscv64-gnu
146 silly reify mark deleted [
146 silly reify   '/Users/gdavris/motify-next/node_modules/@unrs/resolver-binding-linux-riscv64-gnu'
146 silly reify ]
147 verbose reify failed optional dependency /Users/gdavris/motify-next/node_modules/@unrs/resolver-binding-linux-ppc64-gnu
148 silly reify mark deleted [
148 silly reify   '/Users/gdavris/motify-next/node_modules/@unrs/resolver-binding-linux-ppc64-gnu'
148 silly reify ]
149 verbose reify failed optional dependency /Users/gdavris/motify-next/node_modules/@unrs/resolver-binding-linux-arm64-musl
150 silly reify mark deleted [
150 silly reify   '/Users/gdavris/motify-next/node_modules/@unrs/resolver-binding-linux-arm64-musl'
150 silly reify ]
151 verbose reify failed optional dependency /Users/gdavris/motify-next/node_modules/@unrs/resolver-binding-freebsd-x64
152 silly reify mark deleted [
152 silly reify   '/Users/gdavris/motify-next/node_modules/@unrs/resolver-binding-freebsd-x64'
152 silly reify ]
153 verbose reify failed optional dependency /Users/gdavris/motify-next/node_modules/@unrs/resolver-binding-linux-arm64-gnu
154 silly reify mark deleted [
154 silly reify   '/Users/gdavris/motify-next/node_modules/@unrs/resolver-binding-linux-arm64-gnu'
154 silly reify ]
155 verbose reify failed optional dependency /Users/gdavris/motify-next/node_modules/@unrs/resolver-binding-linux-arm-musleabihf
156 silly reify mark deleted [
156 silly reify   '/Users/gdavris/motify-next/node_modules/@unrs/resolver-binding-linux-arm-musleabihf'
156 silly reify ]
157 verbose reify failed optional dependency /Users/gdavris/motify-next/node_modules/@unrs/resolver-binding-linux-arm-gnueabihf
158 silly reify mark deleted [
158 silly reify   '/Users/gdavris/motify-next/node_modules/@unrs/resolver-binding-linux-arm-gnueabihf'
158 silly reify ]
159 verbose reify failed optional dependency /Users/gdavris/motify-next/node_modules/@unrs/resolver-binding-darwin-x64
160 silly reify mark deleted [
160 silly reify   '/Users/gdavris/motify-next/node_modules/@unrs/resolver-binding-darwin-x64'
160 silly reify ]
161 verbose reify failed optional dependency /Users/gdavris/motify-next/node_modules/@unrs/resolver-binding-android-arm64
162 silly reify mark deleted [
162 silly reify   '/Users/gdavris/motify-next/node_modules/@unrs/resolver-binding-android-arm64'
162 silly reify ]
163 verbose reify failed optional dependency /Users/gdavris/motify-next/node_modules/@unrs/resolver-binding-android-arm-eabi
164 silly reify mark deleted [
164 silly reify   '/Users/gdavris/motify-next/node_modules/@unrs/resolver-binding-android-arm-eabi'
164 silly reify ]
165 verbose reify failed optional dependency /Users/gdavris/motify-next/node_modules/@tailwindcss/oxide-win32-x64-msvc
166 silly reify mark deleted [
166 silly reify   '/Users/gdavris/motify-next/node_modules/@tailwindcss/oxide-win32-x64-msvc'
166 silly reify ]
167 verbose reify failed optional dependency /Users/gdavris/motify-next/node_modules/@tailwindcss/oxide-win32-arm64-msvc
168 silly reify mark deleted [
168 silly reify   '/Users/gdavris/motify-next/node_modules/@tailwindcss/oxide-win32-arm64-msvc'
168 silly reify ]
169 verbose reify failed optional dependency /Users/gdavris/motify-next/node_modules/@tailwindcss/oxide-linux-x64-musl
170 silly reify mark deleted [
170 silly reify   '/Users/gdavris/motify-next/node_modules/@tailwindcss/oxide-linux-x64-musl'
170 silly reify ]
171 verbose reify failed optional dependency /Users/gdavris/motify-next/node_modules/@tailwindcss/oxide-linux-x64-gnu
172 silly reify mark deleted [
172 silly reify   '/Users/gdavris/motify-next/node_modules/@tailwindcss/oxide-linux-x64-gnu'
172 silly reify ]
173 verbose reify failed optional dependency /Users/gdavris/motify-next/node_modules/@tailwindcss/oxide-linux-arm64-musl
174 silly reify mark deleted [
174 silly reify   '/Users/gdavris/motify-next/node_modules/@tailwindcss/oxide-linux-arm64-musl'
174 silly reify ]
175 verbose reify failed optional dependency /Users/gdavris/motify-next/node_modules/@tailwindcss/oxide-linux-arm64-gnu
176 silly reify mark deleted [
176 silly reify   '/Users/gdavris/motify-next/node_modules/@tailwindcss/oxide-linux-arm64-gnu'
176 silly reify ]
177 verbose reify failed optional dependency /Users/gdavris/motify-next/node_modules/@tailwindcss/oxide-linux-arm-gnueabihf
178 silly reify mark deleted [
178 silly reify   '/Users/gdavris/motify-next/node_modules/@tailwindcss/oxide-linux-arm-gnueabihf'
178 silly reify ]
179 verbose reify failed optional dependency /Users/gdavris/motify-next/node_modules/@tailwindcss/oxide-freebsd-x64
180 silly reify mark deleted [
180 silly reify   '/Users/gdavris/motify-next/node_modules/@tailwindcss/oxide-freebsd-x64'
180 silly reify ]
181 verbose reify failed optional dependency /Users/gdavris/motify-next/node_modules/@tailwindcss/oxide-darwin-x64
182 silly reify mark deleted [
182 silly reify   '/Users/gdavris/motify-next/node_modules/@tailwindcss/oxide-darwin-x64'
182 silly reify ]
183 verbose reify failed optional dependency /Users/gdavris/motify-next/node_modules/@tailwindcss/oxide-android-arm64
184 silly reify mark deleted [
184 silly reify   '/Users/gdavris/motify-next/node_modules/@tailwindcss/oxide-android-arm64'
184 silly reify ]
185 verbose reify failed optional dependency /Users/gdavris/motify-next/node_modules/@next/swc-win32-x64-msvc
186 silly reify mark deleted [ '/Users/gdavris/motify-next/node_modules/@next/swc-win32-x64-msvc' ]
187 verbose reify failed optional dependency /Users/gdavris/motify-next/node_modules/@next/swc-win32-arm64-msvc
188 silly reify mark deleted [
188 silly reify   '/Users/gdavris/motify-next/node_modules/@next/swc-win32-arm64-msvc'
188 silly reify ]
189 verbose reify failed optional dependency /Users/gdavris/motify-next/node_modules/@next/swc-linux-x64-musl
190 silly reify mark deleted [ '/Users/gdavris/motify-next/node_modules/@next/swc-linux-x64-musl' ]
191 verbose reify failed optional dependency /Users/gdavris/motify-next/node_modules/@next/swc-linux-x64-gnu
192 silly reify mark deleted [ '/Users/gdavris/motify-next/node_modules/@next/swc-linux-x64-gnu' ]
193 verbose reify failed optional dependency /Users/gdavris/motify-next/node_modules/@next/swc-linux-arm64-musl
194 silly reify mark deleted [
194 silly reify   '/Users/gdavris/motify-next/node_modules/@next/swc-linux-arm64-musl'
194 silly reify ]
195 verbose reify failed optional dependency /Users/gdavris/motify-next/node_modules/@next/swc-linux-arm64-gnu
196 silly reify mark deleted [ '/Users/gdavris/motify-next/node_modules/@next/swc-linux-arm64-gnu' ]
197 verbose reify failed optional dependency /Users/gdavris/motify-next/node_modules/@next/swc-darwin-x64
198 silly reify mark deleted [ '/Users/gdavris/motify-next/node_modules/@next/swc-darwin-x64' ]
199 verbose reify failed optional dependency /Users/gdavris/motify-next/node_modules/@img/sharp-win32-ia32
200 silly reify mark deleted [ '/Users/gdavris/motify-next/node_modules/@img/sharp-win32-ia32' ]
201 verbose reify failed optional dependency /Users/gdavris/motify-next/node_modules/@img/sharp-win32-x64
202 silly reify mark deleted [ '/Users/gdavris/motify-next/node_modules/@img/sharp-win32-x64' ]
203 verbose reify failed optional dependency /Users/gdavris/motify-next/node_modules/@img/sharp-win32-arm64
204 silly reify mark deleted [ '/Users/gdavris/motify-next/node_modules/@img/sharp-win32-arm64' ]
205 verbose reify failed optional dependency /Users/gdavris/motify-next/node_modules/@img/sharp-wasm32
206 silly reify mark deleted [ '/Users/gdavris/motify-next/node_modules/@img/sharp-wasm32' ]
207 verbose reify failed optional dependency /Users/gdavris/motify-next/node_modules/@img/sharp-linuxmusl-arm64
208 silly reify mark deleted [
208 silly reify   '/Users/gdavris/motify-next/node_modules/@img/sharp-linuxmusl-arm64'
208 silly reify ]
209 verbose reify failed optional dependency /Users/gdavris/motify-next/node_modules/@img/sharp-linuxmusl-x64
210 silly reify mark deleted [ '/Users/gdavris/motify-next/node_modules/@img/sharp-linuxmusl-x64' ]
211 verbose reify failed optional dependency /Users/gdavris/motify-next/node_modules/@img/sharp-linux-x64
212 silly reify mark deleted [ '/Users/gdavris/motify-next/node_modules/@img/sharp-linux-x64' ]
213 verbose reify failed optional dependency /Users/gdavris/motify-next/node_modules/@img/sharp-linux-s390x
214 silly reify mark deleted [ '/Users/gdavris/motify-next/node_modules/@img/sharp-linux-s390x' ]
215 verbose reify failed optional dependency /Users/gdavris/motify-next/node_modules/@img/sharp-linux-riscv64
216 silly reify mark deleted [ '/Users/gdavris/motify-next/node_modules/@img/sharp-linux-riscv64' ]
217 verbose reify failed optional dependency /Users/gdavris/motify-next/node_modules/@img/sharp-linux-ppc64
218 silly reify mark deleted [ '/Users/gdavris/motify-next/node_modules/@img/sharp-linux-ppc64' ]
219 verbose reify failed optional dependency /Users/gdavris/motify-next/node_modules/@img/sharp-linux-arm
220 silly reify mark deleted [ '/Users/gdavris/motify-next/node_modules/@img/sharp-linux-arm' ]
221 verbose reify failed optional dependency /Users/gdavris/motify-next/node_modules/@img/sharp-linux-arm64
222 silly reify mark deleted [ '/Users/gdavris/motify-next/node_modules/@img/sharp-linux-arm64' ]
223 verbose reify failed optional dependency /Users/gdavris/motify-next/node_modules/@img/sharp-libvips-linuxmusl-x64
224 silly reify mark deleted [
224 silly reify   '/Users/gdavris/motify-next/node_modules/@img/sharp-libvips-linuxmusl-x64'
224 silly reify ]
225 verbose reify failed optional dependency /Users/gdavris/motify-next/node_modules/@img/sharp-libvips-linuxmusl-arm64
226 silly reify mark deleted [
226 silly reify   '/Users/gdavris/motify-next/node_modules/@img/sharp-libvips-linuxmusl-arm64'
226 silly reify ]
227 verbose reify failed optional dependency /Users/gdavris/motify-next/node_modules/@img/sharp-libvips-linux-x64
228 silly reify mark deleted [
228 silly reify   '/Users/gdavris/motify-next/node_modules/@img/sharp-libvips-linux-x64'
228 silly reify ]
229 verbose reify failed optional dependency /Users/gdavris/motify-next/node_modules/@img/sharp-libvips-linux-s390x
230 silly reify mark deleted [
230 silly reify   '/Users/gdavris/motify-next/node_modules/@img/sharp-libvips-linux-s390x'
230 silly reify ]
231 verbose reify failed optional dependency /Users/gdavris/motify-next/node_modules/@img/sharp-libvips-linux-riscv64
232 silly reify mark deleted [
232 silly reify   '/Users/gdavris/motify-next/node_modules/@img/sharp-libvips-linux-riscv64'
232 silly reify ]
233 verbose reify failed optional dependency /Users/gdavris/motify-next/node_modules/@img/sharp-libvips-linux-ppc64
234 silly reify mark deleted [
234 silly reify   '/Users/gdavris/motify-next/node_modules/@img/sharp-libvips-linux-ppc64'
234 silly reify ]
235 verbose reify failed optional dependency /Users/gdavris/motify-next/node_modules/@img/sharp-libvips-linux-arm64
236 silly reify mark deleted [
236 silly reify   '/Users/gdavris/motify-next/node_modules/@img/sharp-libvips-linux-arm64'
236 silly reify ]
237 verbose reify failed optional dependency /Users/gdavris/motify-next/node_modules/@img/sharp-libvips-darwin-x64
238 silly reify mark deleted [
238 silly reify   '/Users/gdavris/motify-next/node_modules/@img/sharp-libvips-darwin-x64'
238 silly reify ]
239 verbose reify failed optional dependency /Users/gdavris/motify-next/node_modules/@img/sharp-libvips-linux-arm
240 silly reify mark deleted [
240 silly reify   '/Users/gdavris/motify-next/node_modules/@img/sharp-libvips-linux-arm'
240 silly reify ]
241 verbose reify failed optional dependency /Users/gdavris/motify-next/node_modules/@img/sharp-darwin-x64
242 silly reify mark deleted [ '/Users/gdavris/motify-next/node_modules/@img/sharp-darwin-x64' ]
243 verbose reify failed optional dependency /Users/gdavris/motify-next/node_modules/lightningcss-linux-x64-musl
244 silly reify mark deleted [
244 silly reify   '/Users/gdavris/motify-next/node_modules/lightningcss-linux-x64-musl'
244 silly reify ]
245 verbose reify failed optional dependency /Users/gdavris/motify-next/node_modules/lightningcss-win32-arm64-msvc
246 silly reify mark deleted [
246 silly reify   '/Users/gdavris/motify-next/node_modules/lightningcss-win32-arm64-msvc'
246 silly reify ]
247 verbose reify failed optional dependency /Users/gdavris/motify-next/node_modules/lightningcss-win32-x64-msvc
248 silly reify mark deleted [
248 silly reify   '/Users/gdavris/motify-next/node_modules/lightningcss-win32-x64-msvc'
248 silly reify ]
249 verbose reify failed optional dependency /Users/gdavris/motify-next/node_modules/lightningcss-linux-x64-gnu
250 silly reify mark deleted [
250 silly reify   '/Users/gdavris/motify-next/node_modules/lightningcss-linux-x64-gnu'
250 silly reify ]
251 verbose reify failed optional dependency /Users/gdavris/motify-next/node_modules/lightningcss-linux-arm64-gnu
252 silly reify mark deleted [
252 silly reify   '/Users/gdavris/motify-next/node_modules/lightningcss-linux-arm64-gnu'
252 silly reify ]
253 verbose reify failed optional dependency /Users/gdavris/motify-next/node_modules/lightningcss-linux-arm64-musl
254 silly reify mark deleted [
254 silly reify   '/Users/gdavris/motify-next/node_modules/lightningcss-linux-arm64-musl'
254 silly reify ]
255 verbose reify failed optional dependency /Users/gdavris/motify-next/node_modules/lightningcss-linux-arm-gnueabihf
256 silly reify mark deleted [
256 silly reify   '/Users/gdavris/motify-next/node_modules/lightningcss-linux-arm-gnueabihf'
256 silly reify ]
257 verbose reify failed optional dependency /Users/gdavris/motify-next/node_modules/lightningcss-freebsd-x64
258 silly reify mark deleted [ '/Users/gdavris/motify-next/node_modules/lightningcss-freebsd-x64' ]
259 verbose reify failed optional dependency /Users/gdavris/motify-next/node_modules/lightningcss-darwin-x64
260 silly reify mark deleted [ '/Users/gdavris/motify-next/node_modules/lightningcss-darwin-x64' ]
261 verbose reify failed optional dependency /Users/gdavris/motify-next/node_modules/lightningcss-android-arm64
262 silly reify mark deleted [
262 silly reify   '/Users/gdavris/motify-next/node_modules/lightningcss-android-arm64'
262 silly reify ]
263 http fetch POST 200 https://registry.npmjs.org/-/npm/v1/security/advisories/bulk 748ms
264 silly audit report {}
265 silly CHANGE node_modules/@typescript-eslint/typescript-estree/node_modules/semver
266 silly CHANGE node_modules/@babel/parser
267 silly CHANGE node_modules/which
268 silly CHANGE node_modules/update-browserslist-db
269 silly CHANGE node_modules/typescript
270 silly CHANGE node_modules/tsconfig-paths/node_modules/json5
271 silly CHANGE node_modules/sharp/node_modules/semver
272 silly CHANGE node_modules/semver
273 silly CHANGE node_modules/resolve
274 silly CHANGE node_modules/napi-postinstall
275 silly CHANGE node_modules/next
276 silly CHANGE node_modules/nanoid
277 silly CHANGE node_modules/loose-envify
278 silly CHANGE node_modules/json5
279 silly CHANGE node_modules/jsesc
280 silly CHANGE node_modules/js-yaml
281 silly CHANGE node_modules/jiti
282 silly CHANGE node_modules/is-bun-module/node_modules/semver
283 silly CHANGE node_modules/eslint-plugin-react/node_modules/resolve
284 silly CHANGE node_modules/eslint
285 silly CHANGE node_modules/browserslist
286 silly CHANGE node_modules/baseline-browser-mapping
287 silly CHANGE node_modules/acorn
288 silly CHANGE node_modules/@unrs/resolver-binding-win32-ia32-msvc
289 silly CHANGE node_modules/@unrs/resolver-binding-win32-x64-msvc
290 silly CHANGE node_modules/@unrs/resolver-binding-wasm32-wasi
291 silly CHANGE node_modules/@unrs/resolver-binding-win32-arm64-msvc
292 silly CHANGE node_modules/@unrs/resolver-binding-linux-x64-gnu
293 silly CHANGE node_modules/@unrs/resolver-binding-linux-s390x-gnu
294 silly CHANGE node_modules/@unrs/resolver-binding-linux-x64-musl
295 silly CHANGE node_modules/@unrs/resolver-binding-linux-riscv64-musl
296 silly CHANGE node_modules/@unrs/resolver-binding-linux-riscv64-gnu
297 silly CHANGE node_modules/@unrs/resolver-binding-linux-ppc64-gnu
298 silly CHANGE node_modules/@unrs/resolver-binding-linux-arm64-musl
299 silly CHANGE node_modules/@unrs/resolver-binding-freebsd-x64
300 silly CHANGE node_modules/@unrs/resolver-binding-linux-arm64-gnu
301 silly CHANGE node_modules/@unrs/resolver-binding-linux-arm-musleabihf
302 silly CHANGE node_modules/@unrs/resolver-binding-linux-arm-gnueabihf
303 silly CHANGE node_modules/@unrs/resolver-binding-darwin-x64
304 silly CHANGE node_modules/@unrs/resolver-binding-android-arm64
305 silly CHANGE node_modules/@unrs/resolver-binding-android-arm-eabi
306 silly CHANGE node_modules/@tailwindcss/oxide-win32-x64-msvc
307 silly CHANGE node_modules/@tailwindcss/oxide-win32-arm64-msvc
308 silly CHANGE node_modules/@tailwindcss/oxide-linux-x64-musl
309 silly CHANGE node_modules/@tailwindcss/oxide-wasm32-wasi
310 silly CHANGE node_modules/@tailwindcss/oxide-linux-x64-gnu
311 silly CHANGE node_modules/@tailwindcss/oxide-linux-arm64-musl
312 silly CHANGE node_modules/@tailwindcss/oxide-linux-arm64-gnu
313 silly CHANGE node_modules/@tailwindcss/oxide-linux-arm-gnueabihf
314 silly CHANGE node_modules/@tailwindcss/oxide-freebsd-x64
315 silly CHANGE node_modules/@tailwindcss/oxide-darwin-x64
316 silly CHANGE node_modules/@tailwindcss/oxide-android-arm64
317 silly CHANGE node_modules/@next/swc-win32-x64-msvc
318 silly CHANGE node_modules/@next/swc-win32-arm64-msvc
319 silly CHANGE node_modules/@next/swc-linux-x64-musl
320 silly CHANGE node_modules/@next/swc-linux-x64-gnu
321 silly CHANGE node_modules/@next/swc-linux-arm64-musl
322 silly CHANGE node_modules/@next/swc-linux-arm64-gnu
323 silly CHANGE node_modules/@next/swc-darwin-x64
324 silly CHANGE node_modules/@img/sharp-win32-ia32
325 silly CHANGE node_modules/@img/sharp-win32-x64
326 silly CHANGE node_modules/@img/sharp-win32-arm64
327 silly CHANGE node_modules/@img/sharp-wasm32
328 silly CHANGE node_modules/@img/sharp-linuxmusl-arm64
329 silly CHANGE node_modules/@img/sharp-linuxmusl-x64
330 silly CHANGE node_modules/@img/sharp-linux-x64
331 silly CHANGE node_modules/@img/sharp-linux-s390x
332 silly CHANGE node_modules/@img/sharp-linux-riscv64
333 silly CHANGE node_modules/@img/sharp-linux-ppc64
334 silly CHANGE node_modules/@img/sharp-linux-arm
335 silly CHANGE node_modules/@img/sharp-linux-arm64
336 silly CHANGE node_modules/@img/sharp-libvips-linuxmusl-x64
337 silly CHANGE node_modules/@img/sharp-libvips-linuxmusl-arm64
338 silly CHANGE node_modules/@img/sharp-libvips-linux-x64
339 silly CHANGE node_modules/@img/sharp-libvips-linux-s390x
340 silly CHANGE node_modules/@img/sharp-libvips-linux-riscv64
341 silly CHANGE node_modules/@img/sharp-libvips-linux-ppc64
342 silly CHANGE node_modules/@img/sharp-libvips-linux-arm64
343 silly CHANGE node_modules/@img/sharp-libvips-darwin-x64
344 silly CHANGE node_modules/@img/sharp-libvips-linux-arm
345 silly CHANGE node_modules/@img/sharp-darwin-x64
346 silly CHANGE node_modules/lightningcss-linux-x64-musl
347 silly CHANGE node_modules/lightningcss-win32-arm64-msvc
348 silly CHANGE node_modules/lightningcss-win32-x64-msvc
349 silly CHANGE node_modules/lightningcss-linux-x64-gnu
350 silly CHANGE node_modules/lightningcss-linux-arm64-gnu
351 silly CHANGE node_modules/lightningcss-linux-arm64-musl
352 silly CHANGE node_modules/lightningcss-linux-arm-gnueabihf
353 silly CHANGE node_modules/lightningcss-freebsd-x64
354 silly CHANGE node_modules/lightningcss-darwin-x64
355 silly CHANGE node_modules/lightningcss-android-arm64
356 verbose cwd /Users/gdavris/motify-next
357 verbose os Darwin 25.1.0
358 verbose node v20.19.5
359 verbose npm  v10.8.2
360 verbose exit 0
361 info ok
