0 verbose cli /Users/gdavris/.nvm/versions/node/v20.19.5/bin/node /Users/gdavris/.nvm/versions/node/v20.19.5/bin/npm
1 info using npm@10.8.2
2 info using node@v20.19.5
3 silly config load:file:/Users/gdavris/.nvm/versions/node/v20.19.5/lib/node_modules/npm/npmrc
4 silly config load:file:/Users/gdavris/motify-next/.npmrc
5 silly config load:file:/Users/gdavris/.npmrc
6 silly config load:file:/Users/gdavris/.nvm/versions/node/v20.19.5/etc/npmrc
7 verbose title npm install
8 verbose argv "install" "--package-lock-only" "--cache" "./.npm-cache"
9 verbose logfile logs-max:10 dir:/Users/gdavris/motify-next/.npm-cache/_logs/2025-12-23T16_43_58_780Z-
10 verbose logfile /Users/gdavris/motify-next/.npm-cache/_logs/2025-12-23T16_43_58_780Z-debug-0.log
11 silly packumentCache heap:4345298944 maxSize:1086324736 maxEntrySize:543162368
12 silly logfile done cleaning log files
13 silly idealTree buildDeps
14 silly fetch manifest next@16.1.1
15 silly packumentCache full:https://registry.npmjs.org/next cache-miss
16 http fetch GET 200 https://registry.npmjs.org/next 2578ms (cache miss)
17 silly packumentCache full:https://registry.npmjs.org/next set size:undefined disposed:false
18 silly fetch manifest @opentelemetry/api@^1.1.0
19 silly packumentCache full:https://registry.npmjs.org/@opentelemetry%2fapi cache-miss
20 http fetch GET 200 https://registry.npmjs.org/@opentelemetry%2fapi 199ms (cache miss)
21 silly packumentCache full:https://registry.npmjs.org/@opentelemetry%2fapi set size:undefined disposed:false
22 silly fetch manifest @playwright/test@^1.51.1
23 silly packumentCache full:https://registry.npmjs.org/@playwright%2ftest cache-miss
24 http fetch GET 200 https://registry.npmjs.org/@playwright%2ftest 2021ms (cache miss)
25 silly packumentCache full:https://registry.npmjs.org/@playwright%2ftest set size:undefined disposed:false
26 silly fetch manifest babel-plugin-react-compiler@*
27 silly packumentCache full:https://registry.npmjs.org/babel-plugin-react-compiler cache-miss
28 http fetch GET 200 https://registry.npmjs.org/babel-plugin-react-compiler 364ms (cache miss)
29 silly packumentCache full:https://registry.npmjs.org/babel-plugin-react-compiler set size:undefined disposed:false
30 silly fetch manifest react@19.2.0
31 silly packumentCache full:https://registry.npmjs.org/react cache-miss
32 http fetch GET 200 https://registry.npmjs.org/react 71ms (cache revalidated)
33 silly packumentCache full:https://registry.npmjs.org/react set size:6362607 disposed:false
34 silly fetch manifest react-dom@19.2.0
35 silly packumentCache full:https://registry.npmjs.org/react-dom cache-miss
36 http fetch GET 200 https://registry.npmjs.org/react-dom 61ms (cache revalidated)
37 silly packumentCache full:https://registry.npmjs.org/react-dom set size:8375290 disposed:false
38 silly fetch manifest sass@^1.3.0
39 silly packumentCache full:https://registry.npmjs.org/sass cache-miss
40 http fetch GET 200 https://registry.npmjs.org/sass 480ms (cache miss)
41 silly packumentCache full:https://registry.npmjs.org/sass set size:undefined disposed:false
42 silly fetch manifest eslint-config-next@16.1.1
43 silly packumentCache full:https://registry.npmjs.org/eslint-config-next cache-miss
44 http fetch GET 200 https://registry.npmjs.org/eslint-config-next 1351ms (cache miss)
45 silly packumentCache full:https://registry.npmjs.org/eslint-config-next set size:undefined disposed:false
46 silly fetch manifest eslint@^9
47 silly packumentCache full:https://registry.npmjs.org/eslint cache-miss
48 http fetch GET 200 https://registry.npmjs.org/eslint 280ms (cache miss)
49 silly packumentCache full:https://registry.npmjs.org/eslint set size:undefined disposed:false
50 silly fetch manifest jiti@*
51 silly packumentCache full:https://registry.npmjs.org/jiti cache-miss
52 http fetch GET 200 https://registry.npmjs.org/jiti 133ms (cache miss)
53 silly packumentCache full:https://registry.npmjs.org/jiti set size:undefined disposed:false
54 silly fetch manifest typescript@^5
55 silly packumentCache full:https://registry.npmjs.org/typescript cache-miss
56 http fetch GET 200 https://registry.npmjs.org/typescript 2142ms (cache miss)
57 silly packumentCache full:https://registry.npmjs.org/typescript set size:undefined disposed:false
58 silly placeDep ROOT eslint-config-next@16.1.1 REPLACE for: motify-next@0.1.0 want: 16.1.1
59 silly placeDep ROOT next@16.1.1 REPLACE for: motify-next@0.1.0 want: 16.1.1
60 silly fetch manifest @next/eslint-plugin-next@16.1.1
61 silly packumentCache full:https://registry.npmjs.org/@next%2feslint-plugin-next cache-miss
62 silly fetch manifest @next/env@16.1.1
63 silly packumentCache full:https://registry.npmjs.org/@next%2fenv cache-miss
64 silly fetch manifest @next/swc-darwin-x64@16.1.1
65 silly packumentCache full:https://registry.npmjs.org/@next%2fswc-darwin-x64 cache-miss
66 silly fetch manifest @next/swc-darwin-arm64@16.1.1
67 silly packumentCache full:https://registry.npmjs.org/@next%2fswc-darwin-arm64 cache-miss
68 silly fetch manifest @next/swc-linux-x64-gnu@16.1.1
69 silly packumentCache full:https://registry.npmjs.org/@next%2fswc-linux-x64-gnu cache-miss
70 silly fetch manifest @next/swc-linux-x64-musl@16.1.1
71 silly packumentCache full:https://registry.npmjs.org/@next%2fswc-linux-x64-musl cache-miss
72 silly fetch manifest @next/swc-win32-x64-msvc@16.1.1
73 silly packumentCache full:https://registry.npmjs.org/@next%2fswc-win32-x64-msvc cache-miss
74 silly fetch manifest @next/swc-linux-arm64-gnu@16.1.1
75 silly packumentCache full:https://registry.npmjs.org/@next%2fswc-linux-arm64-gnu cache-miss
76 silly fetch manifest @next/swc-linux-arm64-musl@16.1.1
77 silly packumentCache full:https://registry.npmjs.org/@next%2fswc-linux-arm64-musl cache-miss
78 http fetch GET 200 https://registry.npmjs.org/@next%2fswc-darwin-x64 6802ms (cache miss)
79 silly packumentCache full:https://registry.npmjs.org/@next%2fswc-darwin-x64 set size:undefined disposed:false
80 silly fetch manifest @next/swc-win32-arm64-msvc@16.1.1
81 silly packumentCache full:https://registry.npmjs.org/@next%2fswc-win32-arm64-msvc cache-miss
82 http fetch GET 200 https://registry.npmjs.org/@next%2fenv 7057ms (cache miss)
83 silly packumentCache full:https://registry.npmjs.org/@next%2fenv set size:undefined disposed:false
84 http fetch GET 200 https://registry.npmjs.org/@next%2fswc-win32-x64-msvc 7942ms (cache miss)
85 silly packumentCache full:https://registry.npmjs.org/@next%2fswc-win32-x64-msvc set size:undefined disposed:false
86 http fetch GET 200 https://registry.npmjs.org/@next%2feslint-plugin-next 8365ms (cache miss)
87 silly packumentCache full:https://registry.npmjs.org/@next%2feslint-plugin-next set size:undefined disposed:false
88 http fetch GET 200 https://registry.npmjs.org/@next%2fswc-darwin-arm64 8389ms (cache miss)
89 silly packumentCache full:https://registry.npmjs.org/@next%2fswc-darwin-arm64 set size:undefined disposed:false
90 http fetch GET 200 https://registry.npmjs.org/@next%2fswc-linux-x64-musl 8400ms (cache miss)
91 silly packumentCache full:https://registry.npmjs.org/@next%2fswc-linux-x64-musl set size:undefined disposed:false
92 http fetch GET 200 https://registry.npmjs.org/@next%2fswc-win32-arm64-msvc 2954ms (cache miss)
93 silly packumentCache full:https://registry.npmjs.org/@next%2fswc-win32-arm64-msvc set size:undefined disposed:false
94 http fetch GET 200 https://registry.npmjs.org/@next%2fswc-linux-x64-gnu 10478ms (cache miss)
95 silly packumentCache full:https://registry.npmjs.org/@next%2fswc-linux-x64-gnu set size:undefined disposed:false
96 http fetch GET 200 https://registry.npmjs.org/@next%2fswc-linux-arm64-gnu 10587ms (cache miss)
97 silly packumentCache full:https://registry.npmjs.org/@next%2fswc-linux-arm64-gnu set size:undefined disposed:false
98 http fetch GET 200 https://registry.npmjs.org/@next%2fswc-linux-arm64-musl 11099ms (cache miss)
99 silly packumentCache full:https://registry.npmjs.org/@next%2fswc-linux-arm64-musl set size:undefined disposed:false
100 silly placeDep ROOT @next/eslint-plugin-next@16.1.1 OK for: eslint-config-next@16.1.1 want: 16.1.1
101 silly fetch manifest fast-glob@3.3.1
102 silly packumentCache full:https://registry.npmjs.org/fast-glob cache-miss
103 http fetch GET 200 https://registry.npmjs.org/fast-glob 259ms (cache miss)
104 silly packumentCache full:https://registry.npmjs.org/fast-glob set size:undefined disposed:false
105 silly placeDep ROOT fast-glob@3.3.1 OK for: @next/eslint-plugin-next@16.1.1 want: 3.3.1
106 silly fetch manifest merge2@^1.3.0
107 silly packumentCache full:https://registry.npmjs.org/merge2 cache-miss
108 silly fetch manifest micromatch@^4.0.4
109 silly packumentCache full:https://registry.npmjs.org/micromatch cache-miss
110 silly fetch manifest glob-parent@^5.1.2
111 silly packumentCache full:https://registry.npmjs.org/glob-parent cache-miss
112 silly fetch manifest @nodelib/fs.stat@^2.0.2
113 silly packumentCache full:https://registry.npmjs.org/@nodelib%2ffs.stat cache-miss
114 silly fetch manifest @nodelib/fs.walk@^1.2.3
115 silly packumentCache full:https://registry.npmjs.org/@nodelib%2ffs.walk cache-miss
116 http fetch GET 200 https://registry.npmjs.org/merge2 71ms (cache miss)
117 silly packumentCache full:https://registry.npmjs.org/merge2 set size:undefined disposed:false
118 http fetch GET 200 https://registry.npmjs.org/micromatch 134ms (cache miss)
119 silly packumentCache full:https://registry.npmjs.org/micromatch set size:undefined disposed:false
120 http fetch GET 200 https://registry.npmjs.org/@nodelib%2ffs.stat 141ms (cache miss)
121 silly packumentCache full:https://registry.npmjs.org/@nodelib%2ffs.stat set size:undefined disposed:false
122 http fetch GET 200 https://registry.npmjs.org/@nodelib%2ffs.walk 145ms (cache miss)
123 silly packumentCache full:https://registry.npmjs.org/@nodelib%2ffs.walk set size:undefined disposed:false
124 http fetch GET 200 https://registry.npmjs.org/glob-parent 149ms (cache miss)
125 silly packumentCache full:https://registry.npmjs.org/glob-parent set size:undefined disposed:false
126 silly placeDep ROOT @nodelib/fs.stat@2.0.5 OK for: fast-glob@3.3.1 want: ^2.0.2
127 silly placeDep ROOT @nodelib/fs.walk@1.2.8 OK for: fast-glob@3.3.1 want: ^1.2.3
128 silly placeDep node_modules/fast-glob glob-parent@5.1.2 OK for: fast-glob@3.3.1 want: ^5.1.2
129 silly placeDep ROOT merge2@1.4.1 OK for: fast-glob@3.3.1 want: ^1.3.0
130 silly placeDep ROOT micromatch@4.0.8 OK for: fast-glob@3.3.1 want: ^4.0.4
131 silly fetch manifest fastq@^1.6.0
132 silly packumentCache full:https://registry.npmjs.org/fastq cache-miss
133 silly fetch manifest @nodelib/fs.scandir@2.1.5
134 silly packumentCache full:https://registry.npmjs.org/@nodelib%2ffs.scandir cache-miss
135 silly fetch manifest braces@^3.0.3
136 silly packumentCache full:https://registry.npmjs.org/braces cache-miss
137 silly fetch manifest picomatch@^2.3.1
138 silly packumentCache full:https://registry.npmjs.org/picomatch cache-miss
139 http fetch GET 200 https://registry.npmjs.org/fastq 78ms (cache miss)
140 silly packumentCache full:https://registry.npmjs.org/fastq set size:undefined disposed:false
141 http fetch GET 200 https://registry.npmjs.org/braces 182ms (cache miss)
142 silly packumentCache full:https://registry.npmjs.org/braces set size:undefined disposed:false
143 http fetch GET 200 https://registry.npmjs.org/picomatch 188ms (cache miss)
144 silly packumentCache full:https://registry.npmjs.org/picomatch set size:undefined disposed:false
145 http fetch GET 200 https://registry.npmjs.org/@nodelib%2ffs.scandir 282ms (cache miss)
146 silly packumentCache full:https://registry.npmjs.org/@nodelib%2ffs.scandir set size:undefined disposed:false
147 silly placeDep ROOT @nodelib/fs.scandir@2.1.5 OK for: @nodelib/fs.walk@1.2.8 want: 2.1.5
148 silly placeDep ROOT fastq@1.20.1 OK for: @nodelib/fs.walk@1.2.8 want: ^1.6.0
149 silly fetch manifest run-parallel@^1.1.9
150 silly packumentCache full:https://registry.npmjs.org/run-parallel cache-miss
151 silly fetch manifest reusify@^1.0.4
152 silly packumentCache full:https://registry.npmjs.org/reusify cache-miss
153 http fetch GET 200 https://registry.npmjs.org/run-parallel 59ms (cache miss)
154 silly packumentCache full:https://registry.npmjs.org/run-parallel set size:undefined disposed:false
155 http fetch GET 200 https://registry.npmjs.org/reusify 74ms (cache miss)
156 silly packumentCache full:https://registry.npmjs.org/reusify set size:undefined disposed:false
157 silly placeDep ROOT run-parallel@1.2.0 OK for: @nodelib/fs.scandir@2.1.5 want: ^1.1.9
158 silly fetch manifest queue-microtask@^1.2.2
159 silly packumentCache full:https://registry.npmjs.org/queue-microtask cache-miss
160 http fetch GET 200 https://registry.npmjs.org/queue-microtask 73ms (cache miss)
161 silly packumentCache full:https://registry.npmjs.org/queue-microtask set size:undefined disposed:false
162 silly placeDep ROOT reusify@1.1.0 OK for: fastq@1.20.1 want: ^1.0.4
163 silly placeDep ROOT braces@3.0.3 OK for: micromatch@4.0.8 want: ^3.0.3
164 silly placeDep ROOT picomatch@2.3.1 OK for: micromatch@4.0.8 want: ^2.3.1
165 silly fetch manifest fill-range@^7.1.1
166 silly packumentCache full:https://registry.npmjs.org/fill-range cache-miss
167 http fetch GET 200 https://registry.npmjs.org/fill-range 91ms (cache miss)
168 silly packumentCache full:https://registry.npmjs.org/fill-range set size:undefined disposed:false
169 silly placeDep ROOT fill-range@7.1.1 OK for: braces@3.0.3 want: ^7.1.1
170 silly fetch manifest to-regex-range@^5.0.1
171 silly packumentCache full:https://registry.npmjs.org/to-regex-range cache-miss
172 http fetch GET 200 https://registry.npmjs.org/to-regex-range 116ms (cache miss)
173 silly packumentCache full:https://registry.npmjs.org/to-regex-range set size:undefined disposed:false
174 silly placeDep ROOT to-regex-range@5.0.1 OK for: fill-range@7.1.1 want: ^5.0.1
175 silly fetch manifest is-number@^7.0.0
176 silly packumentCache full:https://registry.npmjs.org/is-number cache-miss
177 http fetch GET 200 https://registry.npmjs.org/is-number 62ms (cache miss)
178 silly packumentCache full:https://registry.npmjs.org/is-number set size:undefined disposed:false
179 silly placeDep ROOT @next/env@16.1.1 OK for: next@16.1.1 want: 16.1.1
180 silly placeDep ROOT @next/swc-darwin-arm64@16.1.1 OK for: next@16.1.1 want: 16.1.1
181 silly placeDep ROOT @next/swc-darwin-x64@16.1.1 OK for: next@16.1.1 want: 16.1.1
182 silly placeDep ROOT @next/swc-linux-arm64-gnu@16.1.1 OK for: next@16.1.1 want: 16.1.1
183 silly placeDep ROOT @next/swc-linux-arm64-musl@16.1.1 OK for: next@16.1.1 want: 16.1.1
184 silly placeDep ROOT @next/swc-linux-x64-gnu@16.1.1 OK for: next@16.1.1 want: 16.1.1
185 silly placeDep ROOT @next/swc-linux-x64-musl@16.1.1 OK for: next@16.1.1 want: 16.1.1
186 silly placeDep ROOT @next/swc-win32-arm64-msvc@16.1.1 OK for: next@16.1.1 want: 16.1.1
187 silly placeDep ROOT @next/swc-win32-x64-msvc@16.1.1 OK for: next@16.1.1 want: 16.1.1
188 silly placeDep ROOT queue-microtask@1.2.3 OK for: run-parallel@1.2.0 want: ^1.2.2
189 silly placeDep ROOT is-number@7.0.0 OK for: to-regex-range@5.0.1 want: ^7.0.0
190 silly audit bulk request {
190 silly audit   '@alloc/quick-lru': [ '5.2.0' ],
190 silly audit   '@apollo/client': [ '3.14.0' ],
190 silly audit   '@babel/code-frame': [ '7.27.1' ],
190 silly audit   '@babel/compat-data': [ '7.28.5' ],
190 silly audit   '@babel/core': [ '7.28.5' ],
190 silly audit   '@babel/generator': [ '7.28.5' ],
190 silly audit   '@babel/helper-compilation-targets': [ '7.27.2' ],
190 silly audit   '@babel/helper-globals': [ '7.28.0' ],
190 silly audit   '@babel/helper-module-imports': [ '7.27.1' ],
190 silly audit   '@babel/helper-module-transforms': [ '7.28.3' ],
190 silly audit   '@babel/helper-string-parser': [ '7.27.1' ],
190 silly audit   '@babel/helper-validator-identifier': [ '7.28.5' ],
190 silly audit   '@babel/helper-validator-option': [ '7.27.1' ],
190 silly audit   '@babel/helpers': [ '7.28.4' ],
190 silly audit   '@babel/parser': [ '7.28.5' ],
190 silly audit   '@babel/runtime': [ '7.28.4' ],
190 silly audit   '@babel/template': [ '7.27.2' ],
190 silly audit   '@babel/traverse': [ '7.28.5' ],
190 silly audit   '@babel/types': [ '7.28.5' ],
190 silly audit   '@date-fns/tz': [ '1.4.1' ],
190 silly audit   '@emnapi/core': [ '1.7.1', '1.6.0' ],
190 silly audit   '@emnapi/runtime': [ '1.7.1', '1.6.0' ],
190 silly audit   '@emnapi/wasi-threads': [ '1.1.0' ],
190 silly audit   '@eslint-community/eslint-utils': [ '4.9.0' ],
190 silly audit   'eslint-visitor-keys': [ '3.4.3', '4.2.1' ],
190 silly audit   '@eslint-community/regexpp': [ '4.12.2' ],
190 silly audit   '@eslint/config-array': [ '0.21.1' ],
190 silly audit   '@eslint/config-helpers': [ '0.4.2' ],
190 silly audit   '@eslint/core': [ '0.17.0' ],
190 silly audit   '@eslint/eslintrc': [ '3.3.3' ],
190 silly audit   '@eslint/js': [ '9.39.1' ],
190 silly audit   '@eslint/object-schema': [ '2.1.7' ],
190 silly audit   '@eslint/plugin-kit': [ '0.4.1' ],
190 silly audit   '@floating-ui/core': [ '1.7.3' ],
190 silly audit   '@floating-ui/dom': [ '1.7.4' ],
190 silly audit   '@floating-ui/react-dom': [ '2.1.6' ],
190 silly audit   '@floating-ui/utils': [ '0.2.10' ],
190 silly audit   '@fontsource/dm-sans': [ '5.2.8' ],
190 silly audit   '@fontsource/outfit': [ '5.2.8' ],
190 silly audit   '@graphql-typed-document-node/core': [ '3.2.0' ],
190 silly audit   '@hookform/resolvers': [ '5.2.2' ],
190 silly audit   '@humanfs/core': [ '0.19.1' ],
190 silly audit   '@humanfs/node': [ '0.16.7' ],
190 silly audit   '@humanwhocodes/module-importer': [ '1.0.1' ],
190 silly audit   '@humanwhocodes/retry': [ '0.4.3' ],
190 silly audit   '@img/colour': [ '1.0.0' ],
190 silly audit   '@img/sharp-darwin-arm64': [ '0.34.5' ],
190 silly audit   '@img/sharp-darwin-x64': [ '0.34.5' ],
190 silly audit   '@img/sharp-libvips-darwin-arm64': [ '1.2.4' ],
190 silly audit   '@img/sharp-libvips-darwin-x64': [ '1.2.4' ],
190 silly audit   '@img/sharp-libvips-linux-arm': [ '1.2.4' ],
190 silly audit   '@img/sharp-libvips-linux-arm64': [ '1.2.4' ],
190 silly audit   '@img/sharp-libvips-linux-ppc64': [ '1.2.4' ],
190 silly audit   '@img/sharp-libvips-linux-riscv64': [ '1.2.4' ],
190 silly audit   '@img/sharp-libvips-linux-s390x': [ '1.2.4' ],
190 silly audit   '@img/sharp-libvips-linux-x64': [ '1.2.4' ],
190 silly audit   '@img/sharp-libvips-linuxmusl-arm64': [ '1.2.4' ],
190 silly audit   '@img/sharp-libvips-linuxmusl-x64': [ '1.2.4' ],
190 silly audit   '@img/sharp-linux-arm': [ '0.34.5' ],
190 silly audit   '@img/sharp-linux-arm64': [ '0.34.5' ],
190 silly audit   '@img/sharp-linux-ppc64': [ '0.34.5' ],
190 silly audit   '@img/sharp-linux-riscv64': [ '0.34.5' ],
190 silly audit   '@img/sharp-linux-s390x': [ '0.34.5' ],
190 silly audit   '@img/sharp-linux-x64': [ '0.34.5' ],
190 silly audit   '@img/sharp-linuxmusl-arm64': [ '0.34.5' ],
190 silly audit   '@img/sharp-linuxmusl-x64': [ '0.34.5' ],
190 silly audit   '@img/sharp-wasm32': [ '0.34.5' ],
190 silly audit   '@img/sharp-win32-arm64': [ '0.34.5' ],
190 silly audit   '@img/sharp-win32-ia32': [ '0.34.5' ],
190 silly audit   '@img/sharp-win32-x64': [ '0.34.5' ],
190 silly audit   '@jridgewell/gen-mapping': [ '0.3.13' ],
190 silly audit   '@jridgewell/remapping': [ '2.3.5' ],
190 silly audit   '@jridgewell/resolve-uri': [ '3.1.2' ],
190 silly audit   '@jridgewell/sourcemap-codec': [ '1.5.5' ],
190 silly audit   '@jridgewell/trace-mapping': [ '0.3.31' ],
190 silly audit   '@napi-rs/wasm-runtime': [ '0.2.12', '1.0.7' ],
190 silly audit   '@nolyfill/is-core-module': [ '1.0.39' ],
190 silly audit   '@radix-ui/number': [ '1.1.1' ],
190 silly audit   '@radix-ui/primitive': [ '1.1.3' ],
190 silly audit   '@radix-ui/react-accordion': [ '1.2.12' ],
190 silly audit   '@radix-ui/react-alert-dialog': [ '1.1.15' ],
190 silly audit   '@radix-ui/react-slot': [ '1.2.3', '1.2.4' ],
190 silly audit   '@radix-ui/react-arrow': [ '1.1.7' ],
190 silly audit   '@radix-ui/react-aspect-ratio': [ '1.1.8' ],
190 silly audit   '@radix-ui/react-primitive': [ '2.1.4', '2.1.3' ],
190 silly audit   '@radix-ui/react-avatar': [ '1.1.11' ],
190 silly audit   '@radix-ui/react-context': [ '1.1.3', '1.1.2' ],
190 silly audit   '@radix-ui/react-checkbox': [ '1.3.3' ],
190 silly audit   '@radix-ui/react-collapsible': [ '1.1.12' ],
190 silly audit   '@radix-ui/react-collection': [ '1.1.7' ],
190 silly audit   '@radix-ui/react-compose-refs': [ '1.1.2' ],
190 silly audit   '@radix-ui/react-context-menu': [ '2.2.16' ],
190 silly audit   '@radix-ui/react-dialog': [ '1.1.15' ],
190 silly audit   '@radix-ui/react-direction': [ '1.1.1' ],
190 silly audit   '@radix-ui/react-dismissable-layer': [ '1.1.11' ],
190 silly audit   '@radix-ui/react-dropdown-menu': [ '2.1.16' ],
190 silly audit   '@radix-ui/react-focus-guards': [ '1.1.3' ],
190 silly audit   '@radix-ui/react-focus-scope': [ '1.1.7' ],
190 silly audit   '@radix-ui/react-hover-card': [ '1.1.15' ],
190 silly audit   '@radix-ui/react-id': [ '1.1.1' ],
190 silly audit   '@radix-ui/react-label': [ '2.1.8' ],
190 silly audit   '@radix-ui/react-menu': [ '2.1.16' ],
190 silly audit   '@radix-ui/react-menubar': [ '1.1.16' ],
190 silly audit   '@radix-ui/react-navigation-menu': [ '1.2.14' ],
190 silly audit   '@radix-ui/react-popover': [ '1.1.15' ],
190 silly audit   '@radix-ui/react-popper': [ '1.2.8' ],
190 silly audit   '@radix-ui/react-portal': [ '1.1.9' ],
190 silly audit   '@radix-ui/react-presence': [ '1.1.5' ],
190 silly audit   '@radix-ui/react-progress': [ '1.1.8' ],
190 silly audit   '@radix-ui/react-radio-group': [ '1.3.8' ],
190 silly audit   '@radix-ui/react-roving-focus': [ '1.1.11' ],
190 silly audit   '@radix-ui/react-scroll-area': [ '1.2.10' ],
190 silly audit   '@radix-ui/react-select': [ '2.2.6' ],
190 silly audit   '@radix-ui/react-separator': [ '1.1.8' ],
190 silly audit   '@radix-ui/react-slider': [ '1.3.6' ],
190 silly audit   '@radix-ui/react-switch': [ '1.2.6' ],
190 silly audit   '@radix-ui/react-tabs': [ '1.1.13' ],
190 silly audit   '@radix-ui/react-toggle': [ '1.1.10' ],
190 silly audit   '@radix-ui/react-toggle-group': [ '1.1.11' ],
190 silly audit   '@radix-ui/react-tooltip': [ '1.2.8' ],
190 silly audit   '@radix-ui/react-use-callback-ref': [ '1.1.1' ],
190 silly audit   '@radix-ui/react-use-controllable-state': [ '1.2.2' ],
190 silly audit   '@radix-ui/react-use-effect-event': [ '0.0.2' ],
190 silly audit   '@radix-ui/react-use-escape-keydown': [ '1.1.1' ],
190 silly audit   '@radix-ui/react-use-is-hydrated': [ '0.1.0' ],
190 silly audit   '@radix-ui/react-use-layout-effect': [ '1.1.1' ],
190 silly audit   '@radix-ui/react-use-previous': [ '1.1.1' ],
190 silly audit   '@radix-ui/react-use-rect': [ '1.1.1' ],
190 silly audit   '@radix-ui/react-use-size': [ '1.1.1' ],
190 silly audit   '@radix-ui/react-visually-hidden': [ '1.2.3' ],
190 silly audit   '@radix-ui/rect': [ '1.1.1' ],
190 silly audit   '@rtsao/scc': [ '1.1.0' ],
190 silly audit   '@standard-schema/utils': [ '0.3.0' ],
190 silly audit   '@swc/helpers': [ '0.5.15' ],
190 silly audit   '@tailwindcss/node': [ '4.1.17' ],
190 silly audit   '@tailwindcss/oxide': [ '4.1.17' ],
190 silly audit   '@tailwindcss/oxide-android-arm64': [ '4.1.17' ],
190 silly audit   '@tailwindcss/oxide-darwin-arm64': [ '4.1.17' ],
190 silly audit   '@tailwindcss/oxide-darwin-x64': [ '4.1.17' ],
190 silly audit   '@tailwindcss/oxide-freebsd-x64': [ '4.1.17' ],
190 silly audit   '@tailwindcss/oxide-linux-arm-gnueabihf': [ '4.1.17' ],
190 silly audit   '@tailwindcss/oxide-linux-arm64-gnu': [ '4.1.17' ],
190 silly audit   '@tailwindcss/oxide-linux-arm64-musl': [ '4.1.17' ],
190 silly audit   '@tailwindcss/oxide-linux-x64-gnu': [ '4.1.17' ],
190 silly audit   '@tailwindcss/oxide-linux-x64-musl': [ '4.1.17' ],
190 silly audit   '@tailwindcss/oxide-wasm32-wasi': [ '4.1.17' ],
190 silly audit   '@tybys/wasm-util': [ '0.10.1' ],
190 silly audit   tslib: [ '2.8.1' ],
190 silly audit   '@tailwindcss/oxide-win32-arm64-msvc': [ '4.1.17' ],
190 silly audit   '@tailwindcss/oxide-win32-x64-msvc': [ '4.1.17' ],
190 silly audit   '@tailwindcss/postcss': [ '4.1.17' ],
190 silly audit   '@tanstack/query-core': [ '5.90.12' ],
190 silly audit   '@tanstack/react-query': [ '5.90.12' ],
190 silly audit   '@types/d3-array': [ '3.2.2' ],
190 silly audit   '@types/d3-color': [ '3.1.3' ],
190 silly audit   '@types/d3-ease': [ '3.0.2' ],
190 silly audit   '@types/d3-interpolate': [ '3.0.4' ],
190 silly audit   '@types/d3-path': [ '3.1.1' ],
190 silly audit   '@types/d3-scale': [ '4.0.9' ],
190 silly audit   '@types/d3-shape': [ '3.1.7' ],
190 silly audit   '@types/d3-time': [ '3.0.4' ],
190 silly audit   '@types/d3-timer': [ '3.0.2' ],
190 silly audit   '@types/estree': [ '1.0.8' ],
190 silly audit   '@types/json-schema': [ '7.0.15' ],
190 silly audit   '@types/json5': [ '0.0.29' ],
190 silly audit   '@types/node': [ '20.19.25' ],
190 silly audit   '@types/react': [ '19.2.7' ],
190 silly audit   '@types/react-dom': [ '19.2.3' ],
190 silly audit   '@typescript-eslint/eslint-plugin': [ '8.48.1' ],
190 silly audit   ignore: [ '7.0.5', '5.3.2' ],
190 silly audit   '@typescript-eslint/parser': [ '8.48.1' ],
190 silly audit   '@typescript-eslint/project-service': [ '8.48.1' ],
190 silly audit   '@typescript-eslint/scope-manager': [ '8.48.1' ],
190 silly audit   '@typescript-eslint/tsconfig-utils': [ '8.48.1' ],
190 silly audit   '@typescript-eslint/type-utils': [ '8.48.1' ],
190 silly audit   '@typescript-eslint/types': [ '8.48.1' ],
190 silly audit   '@typescript-eslint/typescript-estree': [ '8.48.1' ],
190 silly audit   'brace-expansion': [ '2.0.2', '1.1.12' ],
190 silly audit   minimatch: [ '9.0.5', '3.1.2' ],
190 silly audit   semver: [ '7.7.3', '6.3.1' ],
190 silly audit   '@typescript-eslint/utils': [ '8.48.1' ],
190 silly audit   '@typescript-eslint/visitor-keys': [ '8.48.1' ],
190 silly audit   '@unrs/resolver-binding-android-arm-eabi': [ '1.11.1' ],
190 silly audit   '@unrs/resolver-binding-android-arm64': [ '1.11.1' ],
190 silly audit   '@unrs/resolver-binding-darwin-arm64': [ '1.11.1' ],
190 silly audit   '@unrs/resolver-binding-darwin-x64': [ '1.11.1' ],
190 silly audit   '@unrs/resolver-binding-freebsd-x64': [ '1.11.1' ],
190 silly audit   '@unrs/resolver-binding-linux-arm-gnueabihf': [ '1.11.1' ],
190 silly audit   '@unrs/resolver-binding-linux-arm-musleabihf': [ '1.11.1' ],
190 silly audit   '@unrs/resolver-binding-linux-arm64-gnu': [ '1.11.1' ],
190 silly audit   '@unrs/resolver-binding-linux-arm64-musl': [ '1.11.1' ],
190 silly audit   '@unrs/resolver-binding-linux-ppc64-gnu': [ '1.11.1' ],
190 silly audit   '@unrs/resolver-binding-linux-riscv64-gnu': [ '1.11.1' ],
190 silly audit   '@unrs/resolver-binding-linux-riscv64-musl': [ '1.11.1' ],
190 silly audit   '@unrs/resolver-binding-linux-s390x-gnu': [ '1.11.1' ],
190 silly audit   '@unrs/resolver-binding-linux-x64-gnu': [ '1.11.1' ],
190 silly audit   '@unrs/resolver-binding-linux-x64-musl': [ '1.11.1' ],
190 silly audit   '@unrs/resolver-binding-wasm32-wasi': [ '1.11.1' ],
190 silly audit   '@unrs/resolver-binding-win32-arm64-msvc': [ '1.11.1' ],
190 silly audit   '@unrs/resolver-binding-win32-ia32-msvc': [ '1.11.1' ],
190 silly audit   '@unrs/resolver-binding-win32-x64-msvc': [ '1.11.1' ],
190 silly audit   '@wry/caches': [ '1.0.1' ],
190 silly audit   '@wry/context': [ '0.7.4' ],
190 silly audit   '@wry/equality': [ '0.5.7' ],
190 silly audit   '@wry/trie': [ '0.5.0' ],
190 silly audit   acorn: [ '8.15.0' ],
190 silly audit   'acorn-jsx': [ '5.3.2' ],
190 silly audit   ajv: [ '6.12.6' ],
190 silly audit   'ansi-styles': [ '4.3.0' ],
190 silly audit   argparse: [ '2.0.1' ],
190 silly audit   'aria-hidden': [ '1.2.6' ],
190 silly audit   'aria-query': [ '5.3.2' ],
190 silly audit   'array-buffer-byte-length': [ '1.0.2' ],
190 silly audit   'array-includes': [ '3.1.9' ],
190 silly audit   'array.prototype.findlast': [ '1.2.5' ],
190 silly audit   'array.prototype.findlastindex': [ '1.2.6' ],
190 silly audit   'array.prototype.flat': [ '1.3.3' ],
190 silly audit   'array.prototype.flatmap': [ '1.3.3' ],
190 silly audit   'array.prototype.tosorted': [ '1.1.4' ],
190 silly audit   'arraybuffer.prototype.slice': [ '1.0.4' ],
190 silly audit   'ast-types-flow': [ '0.0.8' ],
190 silly audit   'async-function': [ '1.0.0' ],
190 silly audit   'available-typed-arrays': [ '1.0.7' ],
190 silly audit   'axe-core': [ '4.11.0' ],
190 silly audit   'axobject-query': [ '4.1.0' ],
190 silly audit   'balanced-match': [ '1.0.2' ],
190 silly audit   'baseline-browser-mapping': [ '2.9.5' ],
190 silly audit   browserslist: [ '4.28.1' ],
190 silly audit   'call-bind': [ '1.0.8' ],
190 silly audit   'call-bind-apply-helpers': [ '1.0.2' ],
190 silly audit   'call-bound': [ '1.0.4' ],
190 silly audit   callsites: [ '3.1.0' ],
190 silly audit   'caniuse-lite': [ '1.0.30001759' ],
190 silly audit   chalk: [ '4.1.2' ],
190 silly audit   'class-variance-authority': [ '0.7.1' ],
190 silly audit   'client-only': [ '0.0.1' ],
190 silly audit   clsx: [ '2.1.1' ],
190 silly audit   cmdk: [ '1.1.1' ],
190 silly audit   'color-convert': [ '2.0.1' ],
190 silly audit   'color-name': [ '1.1.4' ],
190 silly audit   'concat-map': [ '0.0.1' ],
190 silly audit   'convert-source-map': [ '2.0.0' ],
190 silly audit   'cross-spawn': [ '7.0.6' ],
190 silly audit   csstype: [ '3.2.3' ],
190 silly audit   'd3-array': [ '3.2.4' ],
190 silly audit   'd3-color': [ '3.1.0' ],
190 silly audit   'd3-ease': [ '3.0.1' ],
190 silly audit   'd3-format': [ '3.1.0' ],
190 silly audit   'd3-interpolate': [ '3.0.1' ],
190 silly audit   'd3-path': [ '3.1.0' ],
190 silly audit   'd3-scale': [ '4.0.2' ],
190 silly audit   'd3-shape': [ '3.2.0' ],
190 silly audit   'd3-time': [ '3.1.0' ],
190 silly audit   'd3-time-format': [ '4.1.0' ],
190 silly audit   'd3-timer': [ '3.0.1' ],
190 silly audit   'damerau-levenshtein': [ '1.0.8' ],
190 silly audit   'data-view-buffer': [ '1.0.2' ],
190 silly audit   'data-view-byte-length': [ '1.0.2' ],
190 silly audit   'data-view-byte-offset': [ '1.0.1' ],
190 silly audit   'date-fns': [ '4.1.0' ],
190 silly audit   'date-fns-jalali': [ '4.1.0-0' ],
190 silly audit   debug: [ '4.4.3', '3.2.7' ],
190 silly audit   'decimal.js-light': [ '2.5.1' ],
190 silly audit   'deep-is': [ '0.1.4' ],
190 silly audit   'define-data-property': [ '1.1.4' ],
190 silly audit   'define-properties': [ '1.2.1' ],
190 silly audit   'detect-libc': [ '2.1.2' ],
190 silly audit   'detect-node-es': [ '1.1.0' ],
190 silly audit   doctrine: [ '2.1.0' ],
190 silly audit   'dom-helpers': [ '5.2.1' ],
190 silly audit   'dunder-proto': [ '1.0.1' ],
190 silly audit   'electron-to-chromium': [ '1.5.266' ],
190 silly audit   'embla-carousel': [ '8.6.0' ],
190 silly audit   'embla-carousel-react': [ '8.6.0' ],
190 silly audit   'embla-carousel-reactive-utils': [ '8.6.0' ],
190 silly audit   'emoji-regex': [ '9.2.2' ],
190 silly audit   'enhanced-resolve': [ '5.18.3' ],
190 silly audit   'es-abstract': [ '1.24.0' ],
190 silly audit   'es-define-property': [ '1.0.1' ],
190 silly audit   'es-errors': [ '1.3.0' ],
190 silly audit   'es-iterator-helpers': [ '1.2.1' ],
190 silly audit   'es-object-atoms': [ '1.1.1' ],
190 silly audit   'es-set-tostringtag': [ '2.1.0' ],
190 silly audit   'es-shim-unscopables': [ '1.1.0' ],
190 silly audit   'es-to-primitive': [ '1.3.0' ],
190 silly audit   escalade: [ '3.2.0' ],
190 silly audit   'escape-string-regexp': [ '4.0.0' ],
190 silly audit   eslint: [ '9.39.1' ],
190 silly audit   globals: [ '14.0.0', '16.4.0' ],
190 silly audit   'eslint-import-resolver-node': [ '0.3.9' ],
190 silly audit   'eslint-import-resolver-typescript': [ '3.10.1' ],
190 silly audit   'eslint-module-utils': [ '2.12.1' ],
190 silly audit   'eslint-plugin-import': [ '2.32.0' ],
190 silly audit   'eslint-plugin-jsx-a11y': [ '6.10.2' ],
190 silly audit   'eslint-plugin-react': [ '7.37.5' ],
190 silly audit   'eslint-plugin-react-hooks': [ '7.0.1' ],
190 silly audit   resolve: [ '2.0.0-next.5', '1.22.11' ],
190 silly audit   'eslint-scope': [ '8.4.0' ],
190 silly audit   espree: [ '10.4.0' ],
190 silly audit   esquery: [ '1.6.0' ],
190 silly audit   esrecurse: [ '4.3.0' ],
190 silly audit   estraverse: [ '5.3.0' ],
190 silly audit   esutils: [ '2.0.3' ],
190 silly audit   eventemitter3: [ '4.0.7' ],
190 silly audit   'fast-deep-equal': [ '3.1.3' ],
190 silly audit   'fast-equals': [ '5.3.3' ],
190 silly audit   'glob-parent': [ '6.0.2', '5.1.2' ],
190 silly audit   'fast-json-stable-stringify': [ '2.1.0' ],
190 silly audit   'fast-levenshtein': [ '2.0.6' ],
190 silly audit   'file-entry-cache': [ '8.0.0' ],
190 silly audit   'find-up': [ '5.0.0' ],
190 silly audit   'flat-cache': [ '4.0.1' ],
190 silly audit   flatted: [ '3.3.3' ],
190 silly audit   'for-each': [ '0.3.5' ],
190 silly audit   'framer-motion': [ '12.23.25' ],
190 silly audit   'function-bind': [ '1.1.2' ],
190 silly audit   'function.prototype.name': [ '1.1.8' ],
190 silly audit   'functions-have-names': [ '1.2.3' ],
190 silly audit   'generator-function': [ '2.0.1' ],
190 silly audit   gensync: [ '1.0.0-beta.2' ],
190 silly audit   'get-intrinsic': [ '1.3.0' ],
190 silly audit   'get-nonce': [ '1.0.1' ],
190 silly audit   'get-proto': [ '1.0.1' ],
190 silly audit   'get-symbol-description': [ '1.1.0' ],
190 silly audit   'get-tsconfig': [ '4.13.0' ],
190 silly audit   globalthis: [ '1.0.4' ],
190 silly audit   gopd: [ '1.2.0' ],
190 silly audit   'graceful-fs': [ '4.2.11' ],
190 silly audit   graphemer: [ '1.4.0' ],
190 silly audit   graphql: [ '16.12.0' ],
190 silly audit   'graphql-tag': [ '2.12.6' ],
190 silly audit   'has-bigints': [ '1.1.0' ],
190 silly audit   'has-flag': [ '4.0.0' ],
190 silly audit   'has-property-descriptors': [ '1.0.2' ],
190 silly audit   'has-proto': [ '1.2.0' ],
190 silly audit   'has-symbols': [ '1.1.0' ],
190 silly audit   'has-tostringtag': [ '1.0.2' ],
190 silly audit   hasown: [ '2.0.2' ],
190 silly audit   'hermes-estree': [ '0.25.1' ],
190 silly audit   'hermes-parser': [ '0.25.1' ],
190 silly audit   'hoist-non-react-statics': [ '3.3.2' ],
190 silly audit   'import-fresh': [ '3.3.1' ],
190 silly audit   imurmurhash: [ '0.1.4' ],
190 silly audit   'input-otp': [ '1.4.2' ],
190 silly audit   'internal-slot': [ '1.1.0' ],
190 silly audit   internmap: [ '2.0.3' ],
190 silly audit   'is-array-buffer': [ '3.0.5' ],
190 silly audit   'is-async-function': [ '2.1.1' ],
190 silly audit   'is-bigint': [ '1.1.0' ],
190 silly audit   'is-boolean-object': [ '1.2.2' ],
190 silly audit   'is-bun-module': [ '2.0.0' ],
190 silly audit   'is-callable': [ '1.2.7' ],
190 silly audit   'is-core-module': [ '2.16.1' ],
190 silly audit   'is-data-view': [ '1.0.2' ],
190 silly audit   'is-date-object': [ '1.1.0' ],
190 silly audit   'is-extglob': [ '2.1.1' ],
190 silly audit   'is-finalizationregistry': [ '1.1.1' ],
190 silly audit   'is-generator-function': [ '1.1.2' ],
190 silly audit   'is-glob': [ '4.0.3' ],
190 silly audit   'is-map': [ '2.0.3' ],
190 silly audit   'is-negative-zero': [ '2.0.3' ],
190 silly audit   'is-number-object': [ '1.1.1' ],
190 silly audit   'is-regex': [ '1.2.1' ],
190 silly audit   'is-set': [ '2.0.3' ],
190 silly audit   'is-shared-array-buffer': [ '1.0.4' ],
190 silly audit   'is-string': [ '1.1.1' ],
190 silly audit   'is-symbol': [ '1.1.1' ],
190 silly audit   'is-typed-array': [ '1.1.15' ],
190 silly audit   'is-weakmap': [ '2.0.2' ],
190 silly audit   'is-weakref': [ '1.1.1' ],
190 silly audit   'is-weakset': [ '2.0.4' ],
190 silly audit   isarray: [ '2.0.5' ],
190 silly audit   isexe: [ '2.0.0' ],
190 silly audit   'iterator.prototype': [ '1.1.5' ],
190 silly audit   jiti: [ '2.6.1' ],
190 silly audit   'js-tokens': [ '4.0.0' ],
190 silly audit   'js-yaml': [ '4.1.1' ],
190 silly audit   jsesc: [ '3.1.0' ],
190 silly audit   'json-buffer': [ '3.0.1' ],
190 silly audit   'json-schema-traverse': [ '0.4.1' ],
190 silly audit   'json-stable-stringify-without-jsonify': [ '1.0.1' ],
190 silly audit   json5: [ '2.2.3', '1.0.2' ],
190 silly audit   'jsx-ast-utils': [ '3.3.5' ],
190 silly audit   keyv: [ '4.5.4' ],
190 silly audit   'language-subtag-registry': [ '0.3.23' ],
190 silly audit   'language-tags': [ '1.0.9' ],
190 silly audit   levn: [ '0.4.1' ],
190 silly audit   lightningcss: [ '1.30.2' ],
190 silly audit   'lightningcss-android-arm64': [ '1.30.2' ],
190 silly audit   'lightningcss-darwin-arm64': [ '1.30.2' ],
190 silly audit   'lightningcss-darwin-x64': [ '1.30.2' ],
190 silly audit   'lightningcss-freebsd-x64': [ '1.30.2' ],
190 silly audit   'lightningcss-linux-arm-gnueabihf': [ '1.30.2' ],
190 silly audit   'lightningcss-linux-arm64-gnu': [ '1.30.2' ],
190 silly audit   'lightningcss-linux-arm64-musl': [ '1.30.2' ],
190 silly audit   'lightningcss-linux-x64-gnu': [ '1.30.2' ],
190 silly audit   'lightningcss-linux-x64-musl': [ '1.30.2' ],
190 silly audit   'lightningcss-win32-arm64-msvc': [ '1.30.2' ],
190 silly audit   'lightningcss-win32-x64-msvc': [ '1.30.2' ],
190 silly audit   'locate-path': [ '6.0.0' ],
190 silly audit   lodash: [ '4.17.21' ],
190 silly audit   'lodash.merge': [ '4.6.2' ],
190 silly audit   'loose-envify': [ '1.4.0' ],
190 silly audit   'lru-cache': [ '5.1.1' ],
190 silly audit   'lucide-react': [ '0.556.0' ],
190 silly audit   'magic-string': [ '0.30.21' ],
190 silly audit   'math-intrinsics': [ '1.1.0' ],
190 silly audit   minimist: [ '1.2.8' ],
190 silly audit   'motion-dom': [ '12.23.23' ],
190 silly audit   'motion-utils': [ '12.23.6' ],
190 silly audit   ms: [ '2.1.3' ],
190 silly audit   nanoid: [ '3.3.11' ],
190 silly audit   'napi-postinstall': [ '0.3.4' ],
190 silly audit   'natural-compare': [ '1.4.0' ],
190 silly audit   'next-themes': [ '0.4.6' ],
190 silly audit   postcss: [ '8.5.6', '8.4.31' ],
190 silly audit   'node-releases': [ '2.0.27' ],
190 silly audit   'object-assign': [ '4.1.1' ],
190 silly audit   'object-inspect': [ '1.13.4' ],
190 silly audit   'object-keys': [ '1.1.1' ],
190 silly audit   'object.assign': [ '4.1.7' ],
190 silly audit   'object.entries': [ '1.1.9' ],
190 silly audit   'object.fromentries': [ '2.0.8' ],
190 silly audit   'object.groupby': [ '1.0.3' ],
190 silly audit   'object.values': [ '1.2.1' ],
190 silly audit   optimism: [ '0.18.1' ],
190 silly audit   optionator: [ '0.9.4' ],
190 silly audit   'own-keys': [ '1.0.1' ],
190 silly audit   'p-limit': [ '3.1.0' ],
190 silly audit   'p-locate': [ '5.0.0' ],
190 silly audit   'parent-module': [ '1.0.1' ],
190 silly audit   'path-exists': [ '4.0.0' ],
190 silly audit   'path-key': [ '3.1.1' ],
190 silly audit   'path-parse': [ '1.0.7' ],
190 silly audit   picocolors: [ '1.1.1' ],
190 silly audit   picomatch: [ '4.0.3', '2.3.1' ],
190 silly audit   'possible-typed-array-names': [ '1.1.0' ],
190 silly audit   'prelude-ls': [ '1.2.1' ],
190 silly audit   'prop-types': [ '15.8.1' ],
190 silly audit   punycode: [ '2.3.1' ],
190 silly audit   react: [ '19.2.0' ],
190 silly audit   'react-day-picker': [ '9.12.0' ],
190 silly audit   'react-dom': [ '19.2.0' ],
190 silly audit   'react-hook-form': [ '7.68.0' ],
190 silly audit   'react-is': [ '16.13.1', '18.3.1' ],
190 silly audit   'react-remove-scroll': [ '2.7.2' ],
190 silly audit   'react-remove-scroll-bar': [ '2.3.8' ],
190 silly audit   'react-resizable-panels': [ '3.0.6' ],
190 silly audit   'react-smooth': [ '4.0.4' ],
190 silly audit   'react-style-singleton': [ '2.2.3' ],
190 silly audit   'react-transition-group': [ '4.4.5' ],
190 silly audit   recharts: [ '2.15.4' ],
190 silly audit   'recharts-scale': [ '0.4.5' ],
190 silly audit   'reflect.getprototypeof': [ '1.0.10' ],
190 silly audit   'regexp.prototype.flags': [ '1.5.4' ],
190 silly audit   rehackt: [ '0.1.0' ],
190 silly audit   'resolve-from': [ '4.0.0' ],
190 silly audit   'resolve-pkg-maps': [ '1.0.0' ],
190 silly audit   'safe-array-concat': [ '1.1.3' ],
190 silly audit   'safe-push-apply': [ '1.0.0' ],
190 silly audit   'safe-regex-test': [ '1.1.0' ],
190 silly audit   scheduler: [ '0.27.0' ],
190 silly audit   'set-function-length': [ '1.2.2' ],
190 silly audit   'set-function-name': [ '2.0.2' ],
190 silly audit   'set-proto': [ '1.0.0' ],
190 silly audit   sharp: [ '0.34.5' ],
190 silly audit   'shebang-command': [ '2.0.0' ],
190 silly audit   'shebang-regex': [ '3.0.0' ],
190 silly audit   'side-channel': [ '1.1.0' ],
190 silly audit   'side-channel-list': [ '1.0.0' ],
190 silly audit   'side-channel-map': [ '1.0.1' ],
190 silly audit   'side-channel-weakmap': [ '1.0.2' ],
190 silly audit   sonner: [ '2.0.7' ],
190 silly audit   'source-map-js': [ '1.2.1' ],
190 silly audit   'stable-hash': [ '0.0.5' ],
190 silly audit   'stop-iteration-iterator': [ '1.1.0' ],
190 silly audit   'string.prototype.includes': [ '2.0.1' ],
190 silly audit   'string.prototype.matchall': [ '4.0.12' ],
190 silly audit   'string.prototype.repeat': [ '1.0.0' ],
190 silly audit   'string.prototype.trim': [ '1.2.10' ],
190 silly audit   'string.prototype.trimend': [ '1.0.9' ],
190 silly audit   'string.prototype.trimstart': [ '1.0.8' ],
190 silly audit   'strip-bom': [ '3.0.0' ],
190 silly audit   'strip-json-comments': [ '3.1.1' ],
190 silly audit   'styled-jsx': [ '5.1.6' ],
190 silly audit   'supports-color': [ '7.2.0' ],
190 silly audit   'supports-preserve-symlinks-flag': [ '1.0.0' ],
190 silly audit   'symbol-observable': [ '4.0.0' ],
190 silly audit   'tailwind-merge': [ '3.4.0' ],
190 silly audit   tailwindcss: [ '4.1.17' ],
190 silly audit   'tailwindcss-animate': [ '1.0.7' ],
190 silly audit   tapable: [ '2.3.0' ],
190 silly audit   'tiny-invariant': [ '1.3.3' ],
190 silly audit   tinyglobby: [ '0.2.15' ],
190 silly audit   fdir: [ '6.5.0' ],
190 silly audit   'ts-api-utils': [ '2.1.0' ],
190 silly audit   'ts-invariant': [ '0.10.3' ],
190 silly audit   'tsconfig-paths': [ '3.15.0' ],
190 silly audit   'tw-animate-css': [ '1.4.0' ],
190 silly audit   'type-check': [ '0.4.0' ],
190 silly audit   'typed-array-buffer': [ '1.0.3' ],
190 silly audit   'typed-array-byte-length': [ '1.0.3' ],
190 silly audit   'typed-array-byte-offset': [ '1.0.4' ],
190 silly audit   'typed-array-length': [ '1.0.7' ],
190 silly audit   typescript: [ '5.9.3' ],
190 silly audit   'typescript-eslint': [ '8.48.1' ],
190 silly audit   'unbox-primitive': [ '1.1.0' ],
190 silly audit   'undici-types': [ '6.21.0' ],
190 silly audit   'unrs-resolver': [ '1.11.1' ],
190 silly audit   'update-browserslist-db': [ '1.2.2' ],
190 silly audit   'uri-js': [ '4.4.1' ],
190 silly audit   'use-callback-ref': [ '1.3.3' ],
190 silly audit   'use-sidecar': [ '1.1.3' ],
190 silly audit   'use-sync-external-store': [ '1.6.0' ],
190 silly audit   vaul: [ '1.1.2' ],
190 silly audit   'victory-vendor': [ '36.9.2' ],
190 silly audit   which: [ '2.0.2' ],
190 silly audit   'which-boxed-primitive': [ '1.1.1' ],
190 silly audit   'which-builtin-type': [ '1.2.1' ],
190 silly audit   'which-collection': [ '1.0.2' ],
190 silly audit   'which-typed-array': [ '1.1.19' ],
190 silly audit   'word-wrap': [ '1.2.5' ],
190 silly audit   yallist: [ '3.1.1' ],
190 silly audit   'yocto-queue': [ '0.1.0' ],
190 silly audit   'zen-observable': [ '0.8.15' ],
190 silly audit   'zen-observable-ts': [ '1.2.5' ],
190 silly audit   zod: [ '4.1.13' ],
190 silly audit   'zod-validation-error': [ '4.0.2' ],
190 silly audit   'eslint-config-next': [ '16.1.1' ],
190 silly audit   next: [ '16.1.1' ],
190 silly audit   '@next/eslint-plugin-next': [ '16.1.1' ],
190 silly audit   'fast-glob': [ '3.3.1' ],
190 silly audit   '@nodelib/fs.stat': [ '2.0.5' ],
190 silly audit   '@nodelib/fs.walk': [ '1.2.8' ],
190 silly audit   merge2: [ '1.4.1' ],
190 silly audit   micromatch: [ '4.0.8' ],
190 silly audit   '@nodelib/fs.scandir': [ '2.1.5' ],
190 silly audit   fastq: [ '1.20.1' ],
190 silly audit   'run-parallel': [ '1.2.0' ],
190 silly audit   reusify: [ '1.1.0' ],
190 silly audit   braces: [ '3.0.3' ],
190 silly audit   'fill-range': [ '7.1.1' ],
190 silly audit   'to-regex-range': [ '5.0.1' ],
190 silly audit   '@next/env': [ '16.1.1' ],
190 silly audit   '@next/swc-darwin-arm64': [ '16.1.1' ],
190 silly audit   '@next/swc-darwin-x64': [ '16.1.1' ],
190 silly audit   '@next/swc-linux-arm64-gnu': [ '16.1.1' ],
190 silly audit   '@next/swc-linux-arm64-musl': [ '16.1.1' ],
190 silly audit   '@next/swc-linux-x64-gnu': [ '16.1.1' ],
190 silly audit   '@next/swc-linux-x64-musl': [ '16.1.1' ],
190 silly audit   '@next/swc-win32-arm64-msvc': [ '16.1.1' ],
190 silly audit   '@next/swc-win32-x64-msvc': [ '16.1.1' ],
190 silly audit   'queue-microtask': [ '1.2.3' ],
190 silly audit   'is-number': [ '7.0.0' ]
190 silly audit }
191 http fetch POST 200 https://registry.npmjs.org/-/npm/v1/security/advisories/bulk 356ms
192 silly audit report {}
193 verbose cwd /Users/gdavris/motify-next
194 verbose os Darwin 25.1.0
195 verbose node v20.19.5
196 verbose npm  v10.8.2
197 verbose exit 0
198 info ok
